{"/Users/frank/IdeaProjects/c0_team328/src/controller/InsightFacade.ts":{"path":"/Users/frank/IdeaProjects/c0_team328/src/controller/InsightFacade.ts","statementMap":{"0":{"start":{"line":2,"column":22},"end":{"line":12,"column":3}},"1":{"start":{"line":3,"column":4},"end":{"line":3,"column":33}},"2":{"start":{"line":3,"column":26},"end":{"line":3,"column":33}},"3":{"start":{"line":4,"column":15},"end":{"line":4,"column":52}},"4":{"start":{"line":5,"column":4},"end":{"line":7,"column":5}},"5":{"start":{"line":6,"column":6},"end":{"line":6,"column":68}},"6":{"start":{"line":6,"column":51},"end":{"line":6,"column":63}},"7":{"start":{"line":8,"column":4},"end":{"line":8,"column":39}},"8":{"start":{"line":10,"column":4},"end":{"line":10,"column":33}},"9":{"start":{"line":10,"column":26},"end":{"line":10,"column":33}},"10":{"start":{"line":11,"column":4},"end":{"line":11,"column":17}},"11":{"start":{"line":13,"column":25},"end":{"line":17,"column":2}},"12":{"start":{"line":14,"column":4},"end":{"line":14,"column":72}},"13":{"start":{"line":16,"column":4},"end":{"line":16,"column":21}},"14":{"start":{"line":18,"column":19},"end":{"line":24,"column":1}},"15":{"start":{"line":19,"column":4},"end":{"line":19,"column":42}},"16":{"start":{"line":19,"column":31},"end":{"line":19,"column":42}},"17":{"start":{"line":20,"column":17},"end":{"line":20,"column":19}},"18":{"start":{"line":21,"column":4},"end":{"line":21,"column":141}},"19":{"start":{"line":21,"column":21},"end":{"line":21,"column":141}},"20":{"start":{"line":21,"column":40},"end":{"line":21,"column":141}},"21":{"start":{"line":21,"column":109},"end":{"line":21,"column":141}},"22":{"start":{"line":22,"column":4},"end":{"line":22,"column":36}},"23":{"start":{"line":23,"column":4},"end":{"line":23,"column":18}},"24":{"start":{"line":25,"column":22},"end":{"line":27,"column":1}},"25":{"start":{"line":26,"column":4},"end":{"line":26,"column":62}},"26":{"start":{"line":28,"column":0},"end":{"line":28,"column":62}},"27":{"start":{"line":29,"column":16},"end":{"line":29,"column":49}},"28":{"start":{"line":30,"column":25},"end":{"line":30,"column":52}},"29":{"start":{"line":31,"column":11},"end":{"line":31,"column":38}},"30":{"start":{"line":32,"column":18},"end":{"line":32,"column":55}},"31":{"start":{"line":33,"column":24},"end":{"line":33,"column":67}},"32":{"start":{"line":34,"column":24},"end":{"line":34,"column":67}},"33":{"start":{"line":35,"column":26},"end":{"line":35,"column":71}},"34":{"start":{"line":36,"column":19},"end":{"line":36,"column":41}},"35":{"start":{"line":38,"column":25},"end":{"line":38,"column":27}},"36":{"start":{"line":39,"column":27},"end":{"line":39,"column":29}},"37":{"start":{"line":40,"column":10},"end":{"line":40,"column":18}},"38":{"start":{"line":41,"column":20},"end":{"line":41,"column":49}},"39":{"start":{"line":43,"column":8},"end":{"line":60,"column":11}},"40":{"start":{"line":45,"column":12},"end":{"line":47,"column":13}},"41":{"start":{"line":46,"column":16},"end":{"line":46,"column":39}},"42":{"start":{"line":49,"column":12},"end":{"line":52,"column":13}},"43":{"start":{"line":50,"column":16},"end":{"line":50,"column":76}},"44":{"start":{"line":51,"column":16},"end":{"line":51,"column":23}},"45":{"start":{"line":54,"column":12},"end":{"line":59,"column":13}},"46":{"start":{"line":55,"column":16},"end":{"line":55,"column":70}},"47":{"start":{"line":57,"column":17},"end":{"line":59,"column":13}},"48":{"start":{"line":58,"column":16},"end":{"line":58,"column":67}},"49":{"start":{"line":65,"column":8},"end":{"line":95,"column":11}},"50":{"start":{"line":67,"column":12},"end":{"line":69,"column":13}},"51":{"start":{"line":68,"column":16},"end":{"line":68,"column":81}},"52":{"start":{"line":71,"column":12},"end":{"line":71,"column":78}},"53":{"start":{"line":74,"column":33},"end":{"line":74,"column":56}},"54":{"start":{"line":75,"column":12},"end":{"line":75,"column":41}},"55":{"start":{"line":76,"column":12},"end":{"line":76,"column":78}},"56":{"start":{"line":80,"column":12},"end":{"line":80,"column":81}},"57":{"start":{"line":81,"column":12},"end":{"line":81,"column":88}},"58":{"start":{"line":83,"column":12},"end":{"line":86,"column":13}},"59":{"start":{"line":84,"column":16},"end":{"line":84,"column":87}},"60":{"start":{"line":85,"column":16},"end":{"line":85,"column":23}},"61":{"start":{"line":87,"column":12},"end":{"line":87,"column":88}},"62":{"start":{"line":88,"column":12},"end":{"line":88,"column":70}},"63":{"start":{"line":89,"column":12},"end":{"line":89,"column":57}},"64":{"start":{"line":90,"column":12},"end":{"line":90,"column":71}},"65":{"start":{"line":91,"column":12},"end":{"line":91,"column":47}},"66":{"start":{"line":94,"column":12},"end":{"line":94,"column":73}},"67":{"start":{"line":99,"column":8},"end":{"line":125,"column":11}},"68":{"start":{"line":101,"column":12},"end":{"line":103,"column":13}},"69":{"start":{"line":102,"column":16},"end":{"line":102,"column":81}},"70":{"start":{"line":105,"column":12},"end":{"line":105,"column":78}},"71":{"start":{"line":108,"column":33},"end":{"line":108,"column":56}},"72":{"start":{"line":109,"column":12},"end":{"line":109,"column":41}},"73":{"start":{"line":110,"column":12},"end":{"line":110,"column":81}},"74":{"start":{"line":112,"column":12},"end":{"line":112,"column":84}},"75":{"start":{"line":114,"column":12},"end":{"line":117,"column":13}},"76":{"start":{"line":115,"column":16},"end":{"line":115,"column":90}},"77":{"start":{"line":116,"column":16},"end":{"line":116,"column":23}},"78":{"start":{"line":118,"column":12},"end":{"line":118,"column":70}},"79":{"start":{"line":119,"column":12},"end":{"line":119,"column":57}},"80":{"start":{"line":120,"column":12},"end":{"line":120,"column":71}},"81":{"start":{"line":121,"column":12},"end":{"line":121,"column":47}},"82":{"start":{"line":124,"column":12},"end":{"line":124,"column":73}},"83":{"start":{"line":129,"column":8},"end":{"line":129,"column":36}},"84":{"start":{"line":132,"column":8},"end":{"line":159,"column":11}},"85":{"start":{"line":134,"column":12},"end":{"line":137,"column":13}},"86":{"start":{"line":135,"column":16},"end":{"line":135,"column":76}},"87":{"start":{"line":136,"column":16},"end":{"line":136,"column":23}},"88":{"start":{"line":139,"column":12},"end":{"line":158,"column":15}},"89":{"start":{"line":141,"column":16},"end":{"line":154,"column":17}},"90":{"start":{"line":142,"column":20},"end":{"line":142,"column":96}},"91":{"start":{"line":146,"column":20},"end":{"line":153,"column":23}},"92":{"start":{"line":147,"column":24},"end":{"line":152,"column":25}},"93":{"start":{"line":148,"column":28},"end":{"line":148,"column":97}},"94":{"start":{"line":151,"column":28},"end":{"line":151,"column":40}},"95":{"start":{"line":157,"column":16},"end":{"line":157,"column":30}},"96":{"start":{"line":162,"column":21},"end":{"line":162,"column":23}},"97":{"start":{"line":163,"column":8},"end":{"line":178,"column":11}},"98":{"start":{"line":165,"column":12},"end":{"line":177,"column":15}},"99":{"start":{"line":166,"column":16},"end":{"line":169,"column":17}},"100":{"start":{"line":167,"column":20},"end":{"line":167,"column":36}},"101":{"start":{"line":168,"column":20},"end":{"line":168,"column":27}},"102":{"start":{"line":171,"column":35},"end":{"line":171,"column":47}},"103":{"start":{"line":172,"column":16},"end":{"line":174,"column":17}},"104":{"start":{"line":173,"column":20},"end":{"line":173,"column":36}},"105":{"start":{"line":176,"column":16},"end":{"line":176,"column":87}},"106":{"start":{"line":183,"column":8},"end":{"line":219,"column":11}},"107":{"start":{"line":185,"column":12},"end":{"line":218,"column":15}},"108":{"start":{"line":186,"column":16},"end":{"line":188,"column":17}},"109":{"start":{"line":187,"column":20},"end":{"line":187,"column":89}},"110":{"start":{"line":190,"column":31},"end":{"line":190,"column":47}},"111":{"start":{"line":197,"column":16},"end":{"line":212,"column":17}},"112":{"start":{"line":198,"column":50},"end":{"line":202,"column":21}},"113":{"start":{"line":203,"column":20},"end":{"line":203,"column":55}},"114":{"start":{"line":206,"column":50},"end":{"line":210,"column":21}},"115":{"start":{"line":211,"column":20},"end":{"line":211,"column":55}},"116":{"start":{"line":214,"column":16},"end":{"line":214,"column":31}},"117":{"start":{"line":215,"column":16},"end":{"line":217,"column":17}},"118":{"start":{"line":216,"column":20},"end":{"line":216,"column":36}},"119":{"start":{"line":223,"column":8},"end":{"line":244,"column":11}},"120":{"start":{"line":224,"column":32},"end":{"line":224,"column":86}},"121":{"start":{"line":225,"column":34},"end":{"line":225,"column":65}},"122":{"start":{"line":226,"column":25},"end":{"line":226,"column":30}},"123":{"start":{"line":227,"column":12},"end":{"line":233,"column":13}},"124":{"start":{"line":228,"column":16},"end":{"line":228,"column":57}},"125":{"start":{"line":229,"column":16},"end":{"line":229,"column":54}},"126":{"start":{"line":232,"column":16},"end":{"line":232,"column":37}},"127":{"start":{"line":235,"column":12},"end":{"line":243,"column":15}},"128":{"start":{"line":236,"column":16},"end":{"line":236,"column":97}},"129":{"start":{"line":237,"column":16},"end":{"line":237,"column":67}},"130":{"start":{"line":238,"column":16},"end":{"line":238,"column":77}},"131":{"start":{"line":239,"column":16},"end":{"line":239,"column":81}},"132":{"start":{"line":240,"column":16},"end":{"line":240,"column":39}},"133":{"start":{"line":242,"column":16},"end":{"line":242,"column":37}},"134":{"start":{"line":247,"column":0},"end":{"line":247,"column":32}}},"fnMap":{"0":{"name":"(anonymous_0)","decl":{"start":{"line":2,"column":74},"end":{"line":2,"column":75}},"loc":{"start":{"line":2,"column":96},"end":{"line":9,"column":1}},"line":2},"1":{"name":"(anonymous_1)","decl":{"start":{"line":6,"column":38},"end":{"line":6,"column":39}},"loc":{"start":{"line":6,"column":49},"end":{"line":6,"column":65}},"line":6},"2":{"name":"(anonymous_2)","decl":{"start":{"line":9,"column":6},"end":{"line":9,"column":7}},"loc":{"start":{"line":9,"column":28},"end":{"line":12,"column":1}},"line":9},"3":{"name":"(anonymous_3)","decl":{"start":{"line":13,"column":80},"end":{"line":13,"column":81}},"loc":{"start":{"line":13,"column":95},"end":{"line":15,"column":1}},"line":13},"4":{"name":"(anonymous_4)","decl":{"start":{"line":15,"column":5},"end":{"line":15,"column":6}},"loc":{"start":{"line":15,"column":20},"end":{"line":17,"column":1}},"line":15},"5":{"name":"(anonymous_5)","decl":{"start":{"line":18,"column":50},"end":{"line":18,"column":51}},"loc":{"start":{"line":18,"column":65},"end":{"line":24,"column":1}},"line":18},"6":{"name":"(anonymous_6)","decl":{"start":{"line":25,"column":56},"end":{"line":25,"column":57}},"loc":{"start":{"line":25,"column":71},"end":{"line":27,"column":1}},"line":25},"7":{"name":"(anonymous_7)","decl":{"start":{"line":42,"column":4},"end":{"line":42,"column":5}},"loc":{"start":{"line":42,"column":34},"end":{"line":61,"column":5}},"line":42},"8":{"name":"(anonymous_8)","decl":{"start":{"line":43,"column":27},"end":{"line":43,"column":28}},"loc":{"start":{"line":43,"column":48},"end":{"line":60,"column":9}},"line":43},"9":{"name":"(anonymous_9)","decl":{"start":{"line":63,"column":4},"end":{"line":63,"column":5}},"loc":{"start":{"line":63,"column":50},"end":{"line":96,"column":5}},"line":63},"10":{"name":"(anonymous_10)","decl":{"start":{"line":66,"column":18},"end":{"line":66,"column":19}},"loc":{"start":{"line":66,"column":36},"end":{"line":72,"column":9}},"line":66},"11":{"name":"(anonymous_11)","decl":{"start":{"line":73,"column":18},"end":{"line":73,"column":19}},"loc":{"start":{"line":73,"column":33},"end":{"line":92,"column":9}},"line":73},"12":{"name":"(anonymous_12)","decl":{"start":{"line":93,"column":19},"end":{"line":93,"column":20}},"loc":{"start":{"line":93,"column":30},"end":{"line":95,"column":9}},"line":93},"13":{"name":"(anonymous_13)","decl":{"start":{"line":97,"column":4},"end":{"line":97,"column":5}},"loc":{"start":{"line":97,"column":53},"end":{"line":126,"column":5}},"line":97},"14":{"name":"(anonymous_14)","decl":{"start":{"line":100,"column":18},"end":{"line":100,"column":19}},"loc":{"start":{"line":100,"column":36},"end":{"line":106,"column":9}},"line":100},"15":{"name":"(anonymous_15)","decl":{"start":{"line":107,"column":18},"end":{"line":107,"column":19}},"loc":{"start":{"line":107,"column":33},"end":{"line":122,"column":9}},"line":107},"16":{"name":"(anonymous_16)","decl":{"start":{"line":123,"column":19},"end":{"line":123,"column":20}},"loc":{"start":{"line":123,"column":30},"end":{"line":125,"column":9}},"line":123},"17":{"name":"(anonymous_17)","decl":{"start":{"line":128,"column":4},"end":{"line":128,"column":5}},"loc":{"start":{"line":128,"column":18},"end":{"line":130,"column":5}},"line":128},"18":{"name":"(anonymous_18)","decl":{"start":{"line":131,"column":4},"end":{"line":131,"column":5}},"loc":{"start":{"line":131,"column":22},"end":{"line":160,"column":5}},"line":131},"19":{"name":"(anonymous_19)","decl":{"start":{"line":132,"column":27},"end":{"line":132,"column":28}},"loc":{"start":{"line":132,"column":48},"end":{"line":159,"column":9}},"line":132},"20":{"name":"(anonymous_20)","decl":{"start":{"line":140,"column":22},"end":{"line":140,"column":23}},"loc":{"start":{"line":140,"column":40},"end":{"line":155,"column":13}},"line":140},"21":{"name":"(anonymous_21)","decl":{"start":{"line":146,"column":72},"end":{"line":146,"column":73}},"loc":{"start":{"line":146,"column":83},"end":{"line":153,"column":21}},"line":146},"22":{"name":"(anonymous_22)","decl":{"start":{"line":156,"column":23},"end":{"line":156,"column":24}},"loc":{"start":{"line":156,"column":34},"end":{"line":158,"column":13}},"line":156},"23":{"name":"(anonymous_23)","decl":{"start":{"line":161,"column":4},"end":{"line":161,"column":5}},"loc":{"start":{"line":161,"column":19},"end":{"line":179,"column":5}},"line":161},"24":{"name":"(anonymous_24)","decl":{"start":{"line":163,"column":27},"end":{"line":163,"column":28}},"loc":{"start":{"line":163,"column":48},"end":{"line":178,"column":9}},"line":163},"25":{"name":"(anonymous_25)","decl":{"start":{"line":165,"column":33},"end":{"line":165,"column":34}},"loc":{"start":{"line":165,"column":51},"end":{"line":177,"column":13}},"line":165},"26":{"name":"(anonymous_26)","decl":{"start":{"line":181,"column":4},"end":{"line":181,"column":5}},"loc":{"start":{"line":181,"column":70},"end":{"line":220,"column":5}},"line":181},"27":{"name":"(anonymous_27)","decl":{"start":{"line":183,"column":22},"end":{"line":183,"column":23}},"loc":{"start":{"line":183,"column":38},"end":{"line":219,"column":9}},"line":183},"28":{"name":"(anonymous_28)","decl":{"start":{"line":185,"column":76},"end":{"line":185,"column":77}},"loc":{"start":{"line":185,"column":91},"end":{"line":218,"column":13}},"line":185},"29":{"name":"(anonymous_29)","decl":{"start":{"line":222,"column":4},"end":{"line":222,"column":5}},"loc":{"start":{"line":222,"column":30},"end":{"line":245,"column":5}},"line":222},"30":{"name":"(anonymous_30)","decl":{"start":{"line":223,"column":27},"end":{"line":223,"column":28}},"loc":{"start":{"line":223,"column":48},"end":{"line":244,"column":9}},"line":223},"31":{"name":"(anonymous_31)","decl":{"start":{"line":235,"column":57},"end":{"line":235,"column":58}},"loc":{"start":{"line":235,"column":74},"end":{"line":241,"column":13}},"line":235},"32":{"name":"(anonymous_32)","decl":{"start":{"line":241,"column":21},"end":{"line":241,"column":22}},"loc":{"start":{"line":241,"column":32},"end":{"line":243,"column":13}},"line":241}},"branchMap":{"0":{"loc":{"start":{"line":2,"column":22},"end":{"line":12,"column":3}},"type":"binary-expr","locations":[{"start":{"line":2,"column":23},"end":{"line":2,"column":27}},{"start":{"line":2,"column":31},"end":{"line":2,"column":51}},{"start":{"line":2,"column":57},"end":{"line":12,"column":2}}],"line":2},"1":{"loc":{"start":{"line":2,"column":57},"end":{"line":12,"column":2}},"type":"cond-expr","locations":[{"start":{"line":2,"column":74},"end":{"line":9,"column":1}},{"start":{"line":9,"column":6},"end":{"line":12,"column":1}}],"line":2},"2":{"loc":{"start":{"line":3,"column":4},"end":{"line":3,"column":33}},"type":"if","locations":[{"start":{"line":3,"column":4},"end":{"line":3,"column":33}},{"start":{"line":3,"column":4},"end":{"line":3,"column":33}}],"line":3},"3":{"loc":{"start":{"line":5,"column":4},"end":{"line":7,"column":5}},"type":"if","locations":[{"start":{"line":5,"column":4},"end":{"line":7,"column":5}},{"start":{"line":5,"column":4},"end":{"line":7,"column":5}}],"line":5},"4":{"loc":{"start":{"line":5,"column":8},"end":{"line":5,"column":85}},"type":"binary-expr","locations":[{"start":{"line":5,"column":8},"end":{"line":5,"column":13}},{"start":{"line":5,"column":18},"end":{"line":5,"column":84}}],"line":5},"5":{"loc":{"start":{"line":5,"column":18},"end":{"line":5,"column":84}},"type":"cond-expr","locations":[{"start":{"line":5,"column":34},"end":{"line":5,"column":47}},{"start":{"line":5,"column":50},"end":{"line":5,"column":84}}],"line":5},"6":{"loc":{"start":{"line":5,"column":50},"end":{"line":5,"column":84}},"type":"binary-expr","locations":[{"start":{"line":5,"column":50},"end":{"line":5,"column":63}},{"start":{"line":5,"column":67},"end":{"line":5,"column":84}}],"line":5},"7":{"loc":{"start":{"line":10,"column":4},"end":{"line":10,"column":33}},"type":"if","locations":[{"start":{"line":10,"column":4},"end":{"line":10,"column":33}},{"start":{"line":10,"column":4},"end":{"line":10,"column":33}}],"line":10},"8":{"loc":{"start":{"line":13,"column":25},"end":{"line":17,"column":2}},"type":"binary-expr","locations":[{"start":{"line":13,"column":26},"end":{"line":13,"column":30}},{"start":{"line":13,"column":34},"end":{"line":13,"column":57}},{"start":{"line":13,"column":63},"end":{"line":17,"column":1}}],"line":13},"9":{"loc":{"start":{"line":13,"column":63},"end":{"line":17,"column":1}},"type":"cond-expr","locations":[{"start":{"line":13,"column":80},"end":{"line":15,"column":1}},{"start":{"line":15,"column":5},"end":{"line":17,"column":1}}],"line":13},"10":{"loc":{"start":{"line":18,"column":19},"end":{"line":24,"column":1}},"type":"binary-expr","locations":[{"start":{"line":18,"column":20},"end":{"line":18,"column":24}},{"start":{"line":18,"column":28},"end":{"line":18,"column":45}},{"start":{"line":18,"column":50},"end":{"line":24,"column":1}}],"line":18},"11":{"loc":{"start":{"line":19,"column":4},"end":{"line":19,"column":42}},"type":"if","locations":[{"start":{"line":19,"column":4},"end":{"line":19,"column":42}},{"start":{"line":19,"column":4},"end":{"line":19,"column":42}}],"line":19},"12":{"loc":{"start":{"line":19,"column":8},"end":{"line":19,"column":29}},"type":"binary-expr","locations":[{"start":{"line":19,"column":8},"end":{"line":19,"column":11}},{"start":{"line":19,"column":15},"end":{"line":19,"column":29}}],"line":19},"13":{"loc":{"start":{"line":21,"column":4},"end":{"line":21,"column":141}},"type":"if","locations":[{"start":{"line":21,"column":4},"end":{"line":21,"column":141}},{"start":{"line":21,"column":4},"end":{"line":21,"column":141}}],"line":21},"14":{"loc":{"start":{"line":21,"column":40},"end":{"line":21,"column":141}},"type":"if","locations":[{"start":{"line":21,"column":40},"end":{"line":21,"column":141}},{"start":{"line":21,"column":40},"end":{"line":21,"column":141}}],"line":21},"15":{"loc":{"start":{"line":21,"column":44},"end":{"line":21,"column":107}},"type":"binary-expr","locations":[{"start":{"line":21,"column":44},"end":{"line":21,"column":59}},{"start":{"line":21,"column":63},"end":{"line":21,"column":107}}],"line":21},"16":{"loc":{"start":{"line":25,"column":22},"end":{"line":27,"column":1}},"type":"binary-expr","locations":[{"start":{"line":25,"column":23},"end":{"line":25,"column":27}},{"start":{"line":25,"column":31},"end":{"line":25,"column":51}},{"start":{"line":25,"column":56},"end":{"line":27,"column":1}}],"line":25},"17":{"loc":{"start":{"line":26,"column":11},"end":{"line":26,"column":61}},"type":"cond-expr","locations":[{"start":{"line":26,"column":37},"end":{"line":26,"column":40}},{"start":{"line":26,"column":43},"end":{"line":26,"column":61}}],"line":26},"18":{"loc":{"start":{"line":26,"column":12},"end":{"line":26,"column":33}},"type":"binary-expr","locations":[{"start":{"line":26,"column":12},"end":{"line":26,"column":15}},{"start":{"line":26,"column":19},"end":{"line":26,"column":33}}],"line":26},"19":{"loc":{"start":{"line":45,"column":12},"end":{"line":47,"column":13}},"type":"if","locations":[{"start":{"line":45,"column":12},"end":{"line":47,"column":13}},{"start":{"line":45,"column":12},"end":{"line":47,"column":13}}],"line":45},"20":{"loc":{"start":{"line":49,"column":12},"end":{"line":52,"column":13}},"type":"if","locations":[{"start":{"line":49,"column":12},"end":{"line":52,"column":13}},{"start":{"line":49,"column":12},"end":{"line":52,"column":13}}],"line":49},"21":{"loc":{"start":{"line":54,"column":12},"end":{"line":59,"column":13}},"type":"if","locations":[{"start":{"line":54,"column":12},"end":{"line":59,"column":13}},{"start":{"line":54,"column":12},"end":{"line":59,"column":13}}],"line":54},"22":{"loc":{"start":{"line":57,"column":17},"end":{"line":59,"column":13}},"type":"if","locations":[{"start":{"line":57,"column":17},"end":{"line":59,"column":13}},{"start":{"line":57,"column":17},"end":{"line":59,"column":13}}],"line":57},"23":{"loc":{"start":{"line":67,"column":12},"end":{"line":69,"column":13}},"type":"if","locations":[{"start":{"line":67,"column":12},"end":{"line":69,"column":13}},{"start":{"line":67,"column":12},"end":{"line":69,"column":13}}],"line":67},"24":{"loc":{"start":{"line":67,"column":16},"end":{"line":67,"column":64}},"type":"binary-expr","locations":[{"start":{"line":67,"column":16},"end":{"line":67,"column":22}},{"start":{"line":67,"column":26},"end":{"line":67,"column":64}}],"line":67},"25":{"loc":{"start":{"line":83,"column":12},"end":{"line":86,"column":13}},"type":"if","locations":[{"start":{"line":83,"column":12},"end":{"line":86,"column":13}},{"start":{"line":83,"column":12},"end":{"line":86,"column":13}}],"line":83},"26":{"loc":{"start":{"line":101,"column":12},"end":{"line":103,"column":13}},"type":"if","locations":[{"start":{"line":101,"column":12},"end":{"line":103,"column":13}},{"start":{"line":101,"column":12},"end":{"line":103,"column":13}}],"line":101},"27":{"loc":{"start":{"line":101,"column":16},"end":{"line":101,"column":64}},"type":"binary-expr","locations":[{"start":{"line":101,"column":16},"end":{"line":101,"column":22}},{"start":{"line":101,"column":26},"end":{"line":101,"column":64}}],"line":101},"28":{"loc":{"start":{"line":114,"column":12},"end":{"line":117,"column":13}},"type":"if","locations":[{"start":{"line":114,"column":12},"end":{"line":117,"column":13}},{"start":{"line":114,"column":12},"end":{"line":117,"column":13}}],"line":114},"29":{"loc":{"start":{"line":134,"column":12},"end":{"line":137,"column":13}},"type":"if","locations":[{"start":{"line":134,"column":12},"end":{"line":137,"column":13}},{"start":{"line":134,"column":12},"end":{"line":137,"column":13}}],"line":134},"30":{"loc":{"start":{"line":141,"column":16},"end":{"line":154,"column":17}},"type":"if","locations":[{"start":{"line":141,"column":16},"end":{"line":154,"column":17}},{"start":{"line":141,"column":16},"end":{"line":154,"column":17}}],"line":141},"31":{"loc":{"start":{"line":147,"column":24},"end":{"line":152,"column":25}},"type":"if","locations":[{"start":{"line":147,"column":24},"end":{"line":152,"column":25}},{"start":{"line":147,"column":24},"end":{"line":152,"column":25}}],"line":147},"32":{"loc":{"start":{"line":166,"column":16},"end":{"line":169,"column":17}},"type":"if","locations":[{"start":{"line":166,"column":16},"end":{"line":169,"column":17}},{"start":{"line":166,"column":16},"end":{"line":169,"column":17}}],"line":166},"33":{"loc":{"start":{"line":172,"column":16},"end":{"line":174,"column":17}},"type":"if","locations":[{"start":{"line":172,"column":16},"end":{"line":174,"column":17}},{"start":{"line":172,"column":16},"end":{"line":174,"column":17}}],"line":172},"34":{"loc":{"start":{"line":186,"column":16},"end":{"line":188,"column":17}},"type":"if","locations":[{"start":{"line":186,"column":16},"end":{"line":188,"column":17}},{"start":{"line":186,"column":16},"end":{"line":188,"column":17}}],"line":186},"35":{"loc":{"start":{"line":197,"column":16},"end":{"line":212,"column":17}},"type":"if","locations":[{"start":{"line":197,"column":16},"end":{"line":212,"column":17}},{"start":{"line":197,"column":16},"end":{"line":212,"column":17}}],"line":197},"36":{"loc":{"start":{"line":215,"column":16},"end":{"line":217,"column":17}},"type":"if","locations":[{"start":{"line":215,"column":16},"end":{"line":217,"column":17}},{"start":{"line":215,"column":16},"end":{"line":217,"column":17}}],"line":215}},"s":{"0":1,"1":103,"2":103,"3":103,"4":103,"5":98,"6":451,"7":103,"8":0,"9":0,"10":0,"11":1,"12":1,"13":0,"14":1,"15":1,"16":0,"17":1,"18":1,"19":1,"20":103,"21":103,"22":1,"23":1,"24":1,"25":5,"26":1,"27":1,"28":1,"29":1,"30":1,"31":1,"32":1,"33":1,"34":1,"35":267,"36":267,"37":267,"38":267,"39":269,"40":269,"41":158,"42":269,"43":5,"44":5,"45":264,"46":228,"47":36,"48":36,"49":36,"50":36,"51":0,"52":36,"53":36,"54":36,"55":36,"56":36,"57":36,"58":36,"59":5,"60":5,"61":31,"62":31,"63":31,"64":31,"65":31,"66":0,"67":228,"68":228,"69":102,"70":126,"71":124,"72":124,"73":124,"74":124,"75":123,"76":3,"77":3,"78":120,"79":120,"80":120,"81":120,"82":105,"83":284,"84":15,"85":15,"86":5,"87":5,"88":10,"89":10,"90":2,"91":8,"92":8,"93":0,"94":8,"95":2,"96":7,"97":7,"98":7,"99":7,"100":1,"101":1,"102":6,"103":6,"104":0,"105":6,"106":6,"107":9,"108":9,"109":0,"110":9,"111":9,"112":5,"113":5,"114":4,"115":4,"116":9,"117":9,"118":6,"119":118,"120":118,"121":118,"122":118,"123":118,"124":118,"125":118,"126":12,"127":106,"128":74,"129":74,"130":71,"131":52,"132":52,"133":54,"134":1},"f":{"0":103,"1":451,"2":0,"3":1,"4":0,"5":1,"6":5,"7":269,"8":269,"9":36,"10":36,"11":36,"12":0,"13":228,"14":228,"15":124,"16":105,"17":284,"18":15,"19":15,"20":10,"21":8,"22":2,"23":7,"24":7,"25":7,"26":6,"27":9,"28":9,"29":118,"30":118,"31":74,"32":54},"b":{"0":[1,1,1],"1":[1,0],"2":[103,0],"3":[98,5],"4":[103,103],"5":[5,98],"6":[98,5],"7":[0,0],"8":[1,1,1],"9":[1,0],"10":[1,1,1],"11":[0,1],"12":[1,1],"13":[1,0],"14":[103,0],"15":[103,103],"16":[1,1,1],"17":[4,1],"18":[5,5],"19":[158,111],"20":[5,264],"21":[228,36],"22":[36,0],"23":[0,36],"24":[36,36],"25":[5,31],"26":[102,126],"27":[228,126],"28":[3,120],"29":[5,10],"30":[2,8],"31":[0,8],"32":[1,6],"33":[0,6],"34":[0,9],"35":[5,4],"36":[6,3]},"inputSourceMap":{"version":3,"file":"/Users/frank/IdeaProjects/c0_team328/src/controller/InsightFacade.ts","sources":["/Users/frank/IdeaProjects/c0_team328/src/controller/InsightFacade.ts"],"names":[],"mappings":";;;;;;;;;;;;;;;;;;;;;;;;;;;;AAAA,kDAA0B;AAC1B,qDAQ0B;AAC1B,uCAAyB;AAGzB,wDAAgC;AAChC,oEAA4C;AAC5C,oEAA4C;AAC5C,wEAAgD;AAEhD,MAAM,UAAU,GAAG,OAAO,CAAC,IAAI,CAAC,CAAC,QAAQ,CAAC;AAE1C,MAAqB,aAAa;IACzB,kBAAkB,GAAc,EAAE,CAAC;IACnC,oBAAoB,GAAa,EAAE,CAAC;IACpC,GAAG,GAAG,QAAQ,CAAC;IACf,aAAa,GAAG,IAAI,uBAAa,EAAE,CAAC;IAGrC,UAAU,CAAC,EAAU,EAAE,OAAe,EAAE,IAAwB;QAEtE,OAAO,IAAI,OAAO,CAAa,CAAC,OAAO,EAAE,MAAM,EAAE,EAAE;YAClD,+BAA+B;YAC/B,IAAI,CAAC,EAAE,CAAC,UAAU,CAAC,IAAI,CAAC,GAAG,CAAC,EAAC,CAAC;gBAC7B,EAAE,CAAC,SAAS,CAAC,IAAI,CAAC,GAAG,CAAC,CAAC;YACxB,CAAC;YAED,2BAA2B;YAC3B,IAAI,CAAC,IAAI,CAAC,SAAS,CAAC,EAAE,CAAC,EAAE,CAAC;gBACzB,MAAM,CAAC,IAAI,6BAAY,CAAC,gBAAgB,CAAC,CAAC,CAAC;gBAC3C,OAAO;YACR,CAAC;YAED,8CAA8C;YAC9C,IAAI,IAAI,KAAK,mCAAkB,CAAC,QAAQ,EAAE,CAAC;gBAC1C,IAAI,CAAC,kBAAkB,CAAC,EAAE,EAAE,OAAO,EAAE,MAAM,EAAE,OAAO,CAAC,CAAC;YACvD,CAAC;iBAAM,IAAI,IAAI,KAAK,mCAAkB,CAAC,KAAK,EAAE,CAAC;gBAC9C,IAAI,CAAC,eAAe,CAAC,EAAE,EAAE,OAAO,EAAE,MAAM,EAAE,OAAO,CAAC,CAAC;YACpD,CAAC;QACF,CAAC,CAAC,CAAC;IACJ,CAAC;IAED,mHAAmH;IAC3G,eAAe,CAAC,EAAU,EACjC,OAAe,EACf,MAA8B,EAC9B,OAA4D;QAE5D,mCAAmC;QACnC,IAAI,CAAC,aAAa,CAAC,iBAAiB,CAAC,EAAE,CAAC;aACtC,IAAI,CAAC,KAAK,EAAE,MAAM,EAAE,EAAE;YACtB,IAAI,MAAM,IAAI,IAAI,CAAC,oBAAoB,CAAC,QAAQ,CAAC,EAAE,CAAC,EAAE,CAAC;gBACtD,MAAM,IAAI,6BAAY,CAAC,uBAAuB,CAAC,CAAC;YACjD,CAAC;YAED,0DAA0D;YAC1D,OAAO,MAAM,eAAK,CAAC,SAAS,CAAC,OAAO,EAAE,EAAC,MAAM,EAAE,IAAI,EAAC,CAAC,CAAC;QACvD,CAAC,CAAC;aACD,IAAI,CAAC,KAAK,EAAE,GAAU,EAAE,EAAE;YAC1B,IAAI,cAAc,GAAG,IAAI,iBAAO,EAAE,CAAC;YACnC,cAAc,CAAC,SAAS,CAAC,EAAE,CAAC,CAAC;YAC7B,cAAc,CAAC,OAAO,CAAC,mCAAkB,CAAC,KAAK,CAAC,CAAC;YACjD,oCAAoC;YAEpC,gDAAgD;YACpD,wHAAwH;YACpH,MAAM,IAAI,CAAC,aAAa,CAAC,cAAc,CAAC,GAAG,EAAE,MAAM,EAAE,cAAc,CAAC,CAAC;YAErE,OAAO,CAAC,GAAG,CAAC,sBAAsB,GAAG,cAAc,CAAC,aAAa,EAAE,CAAC,MAAM,CAAC,CAAC;YAC5E,wCAAwC;YACxC,IAAI,CAAC,cAAc,CAAC,WAAW,EAAE,EAAE,CAAC;gBACnC,MAAM,CAAC,IAAI,6BAAY,CAAC,2BAA2B,CAAC,CAAC,CAAC;gBACtD,OAAO;YACR,CAAC;YACD,OAAO,CAAC,GAAG,CAAC,sBAAsB,GAAG,cAAc,CAAC,aAAa,EAAE,CAAC,MAAM,CAAC,CAAC;YAE5E,MAAM,IAAI,CAAC,aAAa,CAAC,gBAAgB,CAAC,cAAc,CAAC,CAAC;YAC1D,IAAI,CAAC,kBAAkB,CAAC,IAAI,CAAC,cAAc,CAAC,CAAC;YAE7C,IAAI,CAAC,oBAAoB,CAAC,IAAI,CAAC,cAAc,CAAC,SAAS,EAAE,CAAC,CAAC;YAC3D,OAAO,CAAC,IAAI,CAAC,oBAAoB,CAAC,CAAC;QACpC,CAAC,CAAC;aACD,KAAK,CAAC,CAAC,KAAU,EAAE,EAAE;YACrB,MAAM,CAAC,IAAI,6BAAY,CAAC,iBAAiB,CAAC,CAAC,CAAC;QAC7C,CAAC,CAAC,CAAC;IACL,CAAC;IAEO,kBAAkB,CAAC,EAAU,EACpC,OAAe,EACf,MAA8B,EAC9B,OAA4D;QAE5D,mCAAmC;QACnC,IAAI,CAAC,aAAa,CAAC,iBAAiB,CAAC,EAAE,CAAC;aACtC,IAAI,CAAC,KAAK,EAAE,MAAM,EAAE,EAAE;YACtB,IAAI,MAAM,IAAI,IAAI,CAAC,oBAAoB,CAAC,QAAQ,CAAC,EAAE,CAAC,EAAE,CAAC;gBACtD,MAAM,IAAI,6BAAY,CAAC,uBAAuB,CAAC,CAAC;YACjD,CAAC;YAED,0DAA0D;YAC1D,OAAO,MAAM,eAAK,CAAC,SAAS,CAAC,OAAO,EAAE,EAAC,MAAM,EAAE,IAAI,EAAC,CAAC,CAAC;QACvD,CAAC,CAAC;aACD,IAAI,CAAC,KAAK,EAAE,GAAU,EAAE,EAAE;YAC1B,IAAI,cAAc,GAAG,IAAI,iBAAO,EAAE,CAAC;YACnC,cAAc,CAAC,SAAS,CAAC,EAAE,CAAC,CAAC;YAC7B,cAAc,CAAC,OAAO,CAAC,mCAAkB,CAAC,QAAQ,CAAC,CAAC;YACpD,gDAAgD;YAChD,MAAM,IAAI,CAAC,aAAa,CAAC,iBAAiB,CAAC,GAAG,EAAE,MAAM,EAAE,cAAc,CAAC,CAAC;YAExE,wCAAwC;YACxC,IAAI,CAAC,cAAc,CAAC,WAAW,EAAE,EAAE,CAAC;gBACnC,MAAM,CAAC,IAAI,6BAAY,CAAC,8BAA8B,CAAC,CAAC,CAAC;gBACzD,OAAO;YACR,CAAC;YAED,MAAM,IAAI,CAAC,aAAa,CAAC,gBAAgB,CAAC,cAAc,CAAC,CAAC;YAC1D,IAAI,CAAC,kBAAkB,CAAC,IAAI,CAAC,cAAc,CAAC,CAAC;YAE7C,IAAI,CAAC,oBAAoB,CAAC,IAAI,CAAC,cAAc,CAAC,SAAS,EAAE,CAAC,CAAC;YAC3D,OAAO,CAAC,IAAI,CAAC,oBAAoB,CAAC,CAAC;QACpC,CAAC,CAAC;aACD,KAAK,CAAC,CAAC,KAAU,EAAE,EAAE;YACrB,MAAM,CAAC,IAAI,6BAAY,CAAC,iBAAiB,CAAC,CAAC,CAAC;QAC7C,CAAC,CAAC,CAAC;IACL,CAAC;IAEF,iCAAiC;IACxB,SAAS,CAAC,EAAU;QAC3B,OAAO,WAAW,CAAC,IAAI,CAAC,EAAE,CAAC,CAAC;IAC7B,CAAC;IAEM,aAAa,CAAC,EAAU;QAC9B,OAAO,IAAI,OAAO,CAAU,CAAC,OAAO,EAAE,MAAM,EAAE,EAAE;YAC/C,2BAA2B;YAC3B,IAAI,CAAC,IAAI,CAAC,SAAS,CAAC,EAAE,CAAC,EAAE,CAAC;gBACzB,MAAM,CAAC,IAAI,6BAAY,CAAC,gBAAgB,CAAC,CAAC,CAAC;gBAC3C,OAAO;YACR,CAAC;YAED,0BAA0B;YAC1B,IAAI,CAAC,aAAa,CAAC,iBAAiB,CAAC,EAAE,CAAC;iBACtC,IAAI,CAAC,KAAK,EAAE,MAAM,EAAE,EAAE;gBACtB,IAAI,CAAC,MAAM,EAAE,CAAC;oBACb,MAAM,IAAI,8BAAa,CAAC,iCAAiC,CAAC,CAAC;gBAC5D,CAAC;qBAAM,CAAC;oBACP,gCAAgC;oBAChC,EAAE,CAAC,MAAM,CAAC,IAAI,CAAC,aAAa,CAAC,iBAAiB,CAAC,EAAE,CAAC,EAAE,CAAC,KAAK,EAAE,EAAE;wBAC7D,IAAI,KAAK,EAAE,CAAC;4BACX,MAAM,IAAI,6BAAY,CAAC,2BAA2B,CAAC,CAAC;wBACrD,CAAC;6BAAM,CAAC;4BACP,OAAO,CAAC,EAAE,CAAC,CAAC;wBACb,CAAC;oBACF,CAAC,CAAC,CAAC;gBACJ,CAAC;YACF,CAAC,CAAC;iBACD,KAAK,CAAC,CAAC,KAAK,EAAE,EAAE;gBAChB,MAAM,CAAC,KAAK,CAAC,CAAC;YACf,CAAC,CAAC,CAAC;QACL,CAAC,CAAC,CAAC;IACJ,CAAC;IAGM,YAAY;QAClB,IAAI,MAAM,GAAqB,EAAE,CAAC;QAElC,OAAO,IAAI,OAAO,CAAoB,CAAC,OAAO,EAAE,MAAM,EAAE,EAAE;YACzD,qBAAqB;YACrB,EAAE,CAAC,OAAO,CAAC,IAAI,CAAC,GAAG,EAAG,CAAC,KAAK,EAAE,KAAK,EAAE,EAAE;gBACtC,IAAI,KAAK,EAAE,CAAC;oBACX,OAAO,CAAC,MAAM,CAAC,CAAC;oBAChB,OAAO;gBACR,CAAC;gBAED,8FAA8F;gBAC9F,IAAI,YAAY,GAAG,KAAK,CAAC,MAAM,CAAC;gBAChC,IAAI,YAAY,KAAK,CAAC,EAAE,CAAC;oBACxB,OAAO,CAAC,MAAM,CAAC,CAAC;gBACjB,CAAC;gBAED,yCAAyC;gBACzC,IAAI,CAAC,mBAAmB,CAAC,KAAK,EAAE,MAAM,EAAE,MAAM,EAAE,YAAY,EAAE,OAAO,CAAC,CAAC;YACxE,CAAC,CAAC,CAAC;QACJ,CAAC,CAAC,CAAC;IAEJ,CAAC;IAED,6FAA6F;IACrF,mBAAmB,CAAC,KAAe,EAC1C,MAA8B,EAC9B,MAAwB,EACxB,YAAoB,EACpB,OAA4E;QAE5E,wCAAwC;QACxC,KAAK,CAAC,OAAO,CAAC,KAAK,EAAE,IAAI,EAAE,EAAE;YAC5B,gBAAgB;YAChB,EAAE,CAAC,QAAQ,CAAC,IAAI,CAAC,aAAa,CAAC,iBAAiB,CAAC,IAAI,CAAC,EAAE,MAAM,EAAE,CAAC,GAAG,EAAE,IAAI,EAAE,EAAE;gBAC7E,IAAI,GAAG,EAAE,CAAC;oBACT,MAAM,CAAC,IAAI,6BAAY,CAAC,yBAAyB,CAAC,CAAC,CAAC;gBACrD,CAAC;gBAED,sEAAsE;gBACtE,MAAM,MAAM,GAAG,IAAI,CAAC,KAAK,CAAC,IAAI,CAAC,CAAC;gBAChC,kDAAkD;gBAClD,sBAAsB;gBACtB,sCAAsC;gBACtC,wCAAwC;gBACxC,KAAK;gBACL,kCAAkC;gBAElC,IAAI,MAAM,CAAC,IAAI,KAAK,UAAU,EAAE,CAAC;oBAChC,MAAM,qBAAqB,GAAmB;wBAC7C,EAAE,EAAE,MAAM,CAAC,MAAM;wBACjB,IAAI,EAAE,mCAAkB,CAAC,QAAQ;wBACjC,OAAO,EAAE,MAAM,CAAC,aAAa,CAAC,MAAM;qBACpC,CAAC;oBACF,MAAM,CAAC,IAAI,CAAC,qBAAqB,CAAC,CAAC;gBACpC,CAAC;qBAAM,CAAC;oBACP,MAAM,qBAAqB,GAAmB;wBAC7C,EAAE,EAAE,MAAM,CAAC,MAAM;wBACjB,IAAI,EAAE,mCAAkB,CAAC,KAAK;wBAC9B,OAAO,EAAE,MAAM,CAAC,UAAU,CAAC,MAAM;qBACjC,CAAC;oBACF,MAAM,CAAC,IAAI,CAAC,qBAAqB,CAAC,CAAC;gBACpC,CAAC;gBAGD,qCAAqC;gBACrC,YAAY,EAAE,CAAC;gBAEf,IAAI,YAAY,KAAK,CAAC,EAAE,CAAC;oBACxB,OAAO,CAAC,MAAM,CAAC,CAAC;gBACjB,CAAC;YACF,CAAC,CAAC,CAAC;QACJ,CAAC,CAAC,CAAC;IACJ,CAAC;IAED,qGAAqG;IAC9F,KAAK,CAAC,YAAY,CAAC,KAAc;QAEvC,OAAO,IAAI,OAAO,CAAmB,CAAC,OAAO,EAAE,MAAM,EAAE,EAAE;YACxD,IAAI,aAAa,GAAG,IAAI,uBAAa,CAAC,IAAI,CAAC,oBAAoB,CAAC,CAAC;YACjE,IAAI,eAAe,GAAG,IAAI,yBAAe,EAAE,CAAC;YAC5C,IAAI,MAAM,GAAQ,KAAK,CAAC;YACxB,IAAI,CAAC;gBACJ,eAAe,CAAC,gBAAgB,CAAC,MAAM,CAAC,CAAC;gBACzC,eAAe,CAAC,aAAa,CAAC,MAAM,CAAC,CAAC;YACvC,CAAC;YAAC,OAAO,KAAK,EAAE,CAAC;gBAChB,OAAO,MAAM,CAAC,KAAK,CAAC,CAAC;YACtB,CAAC;YAED,IAAI,MAAuB,CAAC;YAE5B,aAAa,CAAC,WAAW,CAAC,MAAM,CAAC,KAAK,CAAC,CAAC,IAAI,CAAE,CAAC,WAAW,EAAE,EAAE;gBAE7D,MAAM,GAAG,eAAe,CAAC,cAAc,CAAC,WAAW,EAAE,aAAa,CAAC,UAAU,EAAE,CAAC,CAAC;gBACjF,MAAM,GAAG,eAAe,CAAC,iBAAiB,CAAC,MAAM,CAAC,CAAC;gBACnD,MAAM,GAAG,aAAa,CAAC,aAAa,CAAC,MAAM,CAAC,OAAO,EAAE,MAAM,CAAC,CAAC;gBAC7D,MAAM,GAAG,eAAe,CAAC,gBAAgB,CAAC,aAAa,EAAE,MAAM,CAAC,CAAC;gBAEjE,OAAO,OAAO,CAAC,MAAM,CAAC,CAAC;YACxB,CAAC,CAAC,CAAC,KAAK,CAAC,CAAC,KAAK,EAAE,EAAE;gBAClB,OAAO,MAAM,CAAC,KAAK,CAAC,CAAC,CAAA,oCAAoC;YAC1D,CAAC,CAAC,CAAC;QAEJ,CAAC,CAAC,CAAC;IACJ,CAAC;CACD;AA/PD,gCA+PC","sourcesContent":["import JSZip from \"jszip\";\nimport {\n\tIInsightFacade,\n\tInsightDataset,\n\tInsightDatasetKind,\n\tInsightError,\n\tInsightResult,\n\tNotFoundError,\n\tResultTooLargeError\n} from \"./IInsightFacade\";\nimport * as fs from \"fs\";\nimport path from \"node:path\";\nimport Section from \"./Section\";\nimport Dataset from \"./Dataset\";\nimport QueryOperator from \"./QueryOperator\";\nimport HandleDataset from \"./HandleDataset\";\nimport ResultUtilities from \"./ResultUtilities\";\n\nconst fsPromises = require(\"fs\").promises;\n\nexport default class InsightFacade implements IInsightFacade {\n\tprivate datasetsAddedSoFar: Dataset[] = [];\n\tprivate idDatasetsAddedSoFar: string[] = [];\n\tprivate dir = \"./data\";\n\tprivate handleDataset = new HandleDataset();\n\n\n\tpublic addDataset(id: string, content: string, kind: InsightDatasetKind): Promise<string[]> {\n\n\t\treturn new Promise<string[]> ( (resolve, reject) => {\n\t\t\t// check if there is a data dir\n\t\t\tif (!fs.existsSync(this.dir)){\n\t\t\t\tfs.mkdirSync(this.dir);\n\t\t\t}\n\n\t\t\t// check if the id is valid\n\t\t\tif (!this.isValidID(id)) {\n\t\t\t\treject(new InsightError(\"Not a valid ID\"));\n\t\t\t\treturn;\n\t\t\t}\n\n\t\t\t// check if the kind is Sections and not Rooms\n\t\t\tif (kind === InsightDatasetKind.Sections) {\n\t\t\t\tthis.handleSectionsKind(id, content, reject, resolve);\n\t\t\t} else if (kind === InsightDatasetKind.Rooms) {\n\t\t\t\tthis.handleRoomsKind(id, content, reject, resolve);\n\t\t\t}\n\t\t});\n\t}\n\n\t// CAN PROBABLY SOMEHOW MOVE THESE TWO METHODS TO THE HANDLEDATASET CLASS #########################################\n\tprivate handleRoomsKind(id: string,\n\t\tcontent: string,\n\t\treject: (reason?: any) => void,\n\t\tresolve: (value: (PromiseLike<string[]> | string[])) => void) {\n\n\t\t// checks if dataset already exists\n\t\tthis.handleDataset.isThereDatasetDir(id)\n\t\t\t.then(async (exists) => {\n\t\t\t\tif (exists || this.idDatasetsAddedSoFar.includes(id)) {\n\t\t\t\t\tthrow new InsightError(\"Dataset already added\");\n\t\t\t\t}\n\n\t\t\t\t// if it does not exist then unzip the dataset and read it\n\t\t\t\treturn await JSZip.loadAsync(content, {base64: true});\n\t\t\t})\n\t\t\t.then(async (zip: JSZip) => {\n\t\t\t\tlet currentDataset = new Dataset();\n\t\t\t\tcurrentDataset.setIDName(id);\n\t\t\t\tcurrentDataset.setKind(InsightDatasetKind.Rooms);\n\t\t\t\t// currentDataset.setValidity(true);\n\n\t\t\t\t// call to helper to handle reading the zip file\n//* **************************************************CHANGE THIS LINE**************************************************\n\t\t\t\tawait this.handleDataset.handleRoomsZip(zip, reject, currentDataset);\n\n\t\t\t\tconsole.log(\"length of dataset = \" + currentDataset.getValidRooms().length);\n\t\t\t\t// reject if there are no valid sections\n\t\t\t\tif (!currentDataset.getValidity()) {\n\t\t\t\t\treject(new InsightError(\"No valid rooms in dataset\"));\n\t\t\t\t\treturn;\n\t\t\t\t}\n\t\t\t\tconsole.log(\"length of dataset = \" + currentDataset.getValidRooms().length);\n\n\t\t\t\tawait this.handleDataset.addDatasetToDisk(currentDataset);\n\t\t\t\tthis.datasetsAddedSoFar.push(currentDataset);\n\n\t\t\t\tthis.idDatasetsAddedSoFar.push(currentDataset.getIDName());\n\t\t\t\tresolve(this.idDatasetsAddedSoFar);\n\t\t\t})\n\t\t\t.catch((error: any) => {\n\t\t\t\treject(new InsightError(\"Invalid Content\"));\n\t\t\t});\n\t}\n\n\tprivate handleSectionsKind(id: string,\n\t\tcontent: string,\n\t\treject: (reason?: any) => void,\n\t\tresolve: (value: (PromiseLike<string[]> | string[])) => void) {\n\n\t\t// checks if dataset already exists\n\t\tthis.handleDataset.isThereDatasetDir(id)\n\t\t\t.then(async (exists) => {\n\t\t\t\tif (exists || this.idDatasetsAddedSoFar.includes(id)) {\n\t\t\t\t\tthrow new InsightError(\"Dataset already added\");\n\t\t\t\t}\n\n\t\t\t\t// if it does not exist then unzip the dataset and read it\n\t\t\t\treturn await JSZip.loadAsync(content, {base64: true});\n\t\t\t})\n\t\t\t.then(async (zip: JSZip) => {\n\t\t\t\tlet currentDataset = new Dataset();\n\t\t\t\tcurrentDataset.setIDName(id);\n\t\t\t\tcurrentDataset.setKind(InsightDatasetKind.Sections);\n\t\t\t\t// call to helper to handle reading the zip file\n\t\t\t\tawait this.handleDataset.handleSectionsZip(zip, reject, currentDataset);\n\n\t\t\t\t// reject if there are no valid sections\n\t\t\t\tif (!currentDataset.getValidity()) {\n\t\t\t\t\treject(new InsightError(\"No valid sections in dataset\"));\n\t\t\t\t\treturn;\n\t\t\t\t}\n\n\t\t\t\tawait this.handleDataset.addDatasetToDisk(currentDataset);\n\t\t\t\tthis.datasetsAddedSoFar.push(currentDataset);\n\n\t\t\t\tthis.idDatasetsAddedSoFar.push(currentDataset.getIDName());\n\t\t\t\tresolve(this.idDatasetsAddedSoFar);\n\t\t\t})\n\t\t\t.catch((error: any) => {\n\t\t\t\treject(new InsightError(\"Invalid Content\"));\n\t\t\t});\n\t}\n\n// checks if id provided is valid\n\tprivate isValidID(id: string): boolean {\n\t\treturn /^[^\\s_]+$/.test(id);\n\t}\n\n\tpublic removeDataset(id: string): Promise<string> {\n\t\treturn new Promise<string> ((resolve, reject) => {\n\t\t\t// check if the id is valid\n\t\t\tif (!this.isValidID(id)) {\n\t\t\t\treject(new InsightError(\"Not a valid ID\"));\n\t\t\t\treturn;\n\t\t\t}\n\n\t\t\t// check if dataset exists\n\t\t\tthis.handleDataset.isThereDatasetDir(id)\n\t\t\t\t.then(async (exists) => {\n\t\t\t\t\tif (!exists) {\n\t\t\t\t\t\tthrow new NotFoundError(\"Valid ID has not been added yet\");\n\t\t\t\t\t} else {\n\t\t\t\t\t\t// if so then remove the dataset\n\t\t\t\t\t\tfs.unlink(this.handleDataset.getDatasetDirPath(id), (error) => {\n\t\t\t\t\t\t\tif (error) {\n\t\t\t\t\t\t\t\tthrow new InsightError(\"Error while removing file\");\n\t\t\t\t\t\t\t} else {\n\t\t\t\t\t\t\t\tresolve(id);\n\t\t\t\t\t\t\t}\n\t\t\t\t\t\t});\n\t\t\t\t\t}\n\t\t\t\t})\n\t\t\t\t.catch((error) => {\n\t\t\t\t\treject(error);\n\t\t\t\t});\n\t\t});\n\t}\n\n\n\tpublic listDatasets(): Promise<InsightDataset[]>{\n\t\tlet result: InsightDataset[] = [];\n\n\t\treturn new Promise<InsightDataset[]> ((resolve, reject) => {\n\t\t\t// read the directory\n\t\t\tfs.readdir(this.dir,  (error, files) => {\n\t\t\t\tif (error) {\n\t\t\t\t\tresolve(result);\n\t\t\t\t\treturn;\n\t\t\t\t}\n\n\t\t\t\t// keeps track of asynchronous code so that it iterates through all the files before returning\n\t\t\t\tlet pendingFiles = files.length;\n\t\t\t\tif (pendingFiles === 0) {\n\t\t\t\t\tresolve(result);\n\t\t\t\t}\n\n\t\t\t\t// iterate through all the added datasets\n\t\t\t\tthis.iterateThroughFiles(files, reject, result, pendingFiles, resolve);\n\t\t\t});\n\t\t});\n\n\t}\n\n\t// iterate through all datasets and make them into InsightDatasets and add to the return list\n\tprivate iterateThroughFiles(files: string[],\n\t\treject: (reason?: any) => void,\n\t\tresult: InsightDataset[],\n\t\tpendingFiles: number,\n\t\tresolve: (value: (PromiseLike<InsightDataset[]> | InsightDataset[])) => void) {\n\n\t\t// iterate through each file in data dir\n\t\tfiles.forEach(async (file) => {\n\t\t\t// read the file\n\t\t\tfs.readFile(this.handleDataset.getDatasetDirPath(file), \"utf8\", (err, data) => {\n\t\t\t\tif (err) {\n\t\t\t\t\treject(new InsightError(\"Error when reading file\"));\n\t\t\t\t}\n\n\t\t\t\t// this sections just makes the InsightDataset object for each dataset\n\t\t\t\tconst object = JSON.parse(data);\n\t\t\t\t// const currentInsightDataset: InsightDataset = {\n\t\t\t\t// \tid: object.idName,\n\t\t\t\t// \tkind: InsightDatasetKind.Sections,\n\t\t\t\t// \tnumRows: object.validSections.length\n\t\t\t\t// };\n\t\t\t\t// let currentInsightDataset: any;\n\n\t\t\t\tif (object.kind === \"sections\") {\n\t\t\t\t\tconst currentInsightDataset: InsightDataset = {\n\t\t\t\t\t\tid: object.idName,\n\t\t\t\t\t\tkind: InsightDatasetKind.Sections,\n\t\t\t\t\t\tnumRows: object.validSections.length\n\t\t\t\t\t};\n\t\t\t\t\tresult.push(currentInsightDataset);\n\t\t\t\t} else {\n\t\t\t\t\tconst currentInsightDataset: InsightDataset = {\n\t\t\t\t\t\tid: object.idName,\n\t\t\t\t\t\tkind: InsightDatasetKind.Rooms,\n\t\t\t\t\t\tnumRows: object.validRooms.length\n\t\t\t\t\t};\n\t\t\t\t\tresult.push(currentInsightDataset);\n\t\t\t\t}\n\n\n\t\t\t\t// to keep track of asynchronous code\n\t\t\t\tpendingFiles--;\n\n\t\t\t\tif (pendingFiles === 0) {\n\t\t\t\t\tresolve(result);\n\t\t\t\t}\n\t\t\t});\n\t\t});\n\t}\n\n\t// /////////////////////////////////////////////QUERY////////////////////////////////////////////////\n\tpublic async performQuery(query: unknown): Promise<InsightResult[]> {\n\n\t\treturn new Promise<InsightResult[]>( (resolve, reject) => {\n\t\t\tlet queryOperator = new QueryOperator(this.idDatasetsAddedSoFar);\n\t\t\tlet resultUtilities = new ResultUtilities();\n\t\t\tlet queryS: any = query;\n\t\t\ttry {\n\t\t\t\tresultUtilities.checkIfValidJson(queryS);\n\t\t\t\tresultUtilities.checkBaseEbnf(queryS);\n\t\t\t} catch (error) {\n\t\t\t\treturn reject(error);\n\t\t\t}\n\n\t\t\tlet result: InsightResult[];\n\n\t\t\tqueryOperator.handleWhere(queryS.WHERE).then( (resultWhere) => {\n\n\t\t\t\tresult = resultUtilities.convertBoolean(resultWhere, queryOperator.getDataset());\n\t\t\t\tresult = resultUtilities.checkResultLength(result);\n\t\t\t\tresult = queryOperator.handleOptions(queryS.OPTIONS, result);\n\t\t\t\tresult = resultUtilities.compatibleFormat(queryOperator, result);\n\n\t\t\t\treturn resolve(result);\n\t\t\t}).catch((error) => {\n\t\t\t\treturn reject(error);// new InsightError(error.message));\n\t\t\t});\n\n\t\t});\n\t}\n}\n"]},"_coverageSchema":"1a1c01bbd47fc00a2c39e90264f33305004495a9","hash":"75c9ba9e4296e81bc0ca713525bd36b70620de9e","contentHash":"1b55a9af2eba3d82604e8d7eaf20bdda196a6b2933bd2cdee6423e522d2ae083"},"/Users/frank/IdeaProjects/c0_team328/src/controller/IInsightFacade.ts":{"path":"/Users/frank/IdeaProjects/c0_team328/src/controller/IInsightFacade.ts","statementMap":{"0":{"start":{"line":7,"column":0},"end":{"line":7,"column":62}},"1":{"start":{"line":8,"column":0},"end":{"line":8,"column":113}},"2":{"start":{"line":10,"column":0},"end":{"line":13,"column":81}},"3":{"start":{"line":11,"column":4},"end":{"line":11,"column":48}},"4":{"start":{"line":12,"column":4},"end":{"line":12,"column":42}},"5":{"start":{"line":16,"column":8},"end":{"line":16,"column":23}},"6":{"start":{"line":17,"column":8},"end":{"line":17,"column":52}},"7":{"start":{"line":20,"column":0},"end":{"line":20,"column":36}},"8":{"start":{"line":23,"column":8},"end":{"line":23,"column":23}},"9":{"start":{"line":24,"column":8},"end":{"line":24,"column":53}},"10":{"start":{"line":27,"column":0},"end":{"line":27,"column":38}},"11":{"start":{"line":30,"column":8},"end":{"line":30,"column":23}},"12":{"start":{"line":31,"column":8},"end":{"line":31,"column":59}},"13":{"start":{"line":34,"column":0},"end":{"line":34,"column":50}}},"fnMap":{"0":{"name":"(anonymous_0)","decl":{"start":{"line":10,"column":1},"end":{"line":10,"column":2}},"loc":{"start":{"line":10,"column":31},"end":{"line":13,"column":1}},"line":10},"1":{"name":"(anonymous_1)","decl":{"start":{"line":15,"column":4},"end":{"line":15,"column":5}},"loc":{"start":{"line":15,"column":25},"end":{"line":18,"column":5}},"line":15},"2":{"name":"(anonymous_2)","decl":{"start":{"line":22,"column":4},"end":{"line":22,"column":5}},"loc":{"start":{"line":22,"column":25},"end":{"line":25,"column":5}},"line":22},"3":{"name":"(anonymous_3)","decl":{"start":{"line":29,"column":4},"end":{"line":29,"column":5}},"loc":{"start":{"line":29,"column":25},"end":{"line":32,"column":5}},"line":29}},"branchMap":{"0":{"loc":{"start":{"line":13,"column":3},"end":{"line":13,"column":79}},"type":"binary-expr","locations":[{"start":{"line":13,"column":3},"end":{"line":13,"column":21}},{"start":{"line":13,"column":26},"end":{"line":13,"column":78}}],"line":13}},"s":{"0":1,"1":1,"2":1,"3":1,"4":1,"5":301,"6":301,"7":1,"8":2,"9":2,"10":1,"11":3,"12":3,"13":1},"f":{"0":1,"1":301,"2":2,"3":3},"b":{"0":[1,1]},"inputSourceMap":{"version":3,"file":"/Users/frank/IdeaProjects/c0_team328/src/controller/IInsightFacade.ts","sources":["/Users/frank/IdeaProjects/c0_team328/src/controller/IInsightFacade.ts"],"names":[],"mappings":";AAAA;;;;GAIG;;;AAEH,IAAY,kBAGX;AAHD,WAAY,kBAAkB;IACzB,2CAAqB,CAAA;IACrB,qCAAe,CAAA;AACpB,CAAC,EAHW,kBAAkB,kCAAlB,kBAAkB,QAG7B;AAYD,MAAa,YAAa,SAAQ,KAAK;IACtC,YAAY,OAAgB;QAC3B,KAAK,CAAC,OAAO,CAAC,CAAC;QACf,KAAK,CAAC,iBAAiB,CAAC,IAAI,EAAE,YAAY,CAAC,CAAC;IAC7C,CAAC;CACD;AALD,oCAKC;AAED,MAAa,aAAc,SAAQ,KAAK;IACvC,YAAY,OAAgB;QAC3B,KAAK,CAAC,OAAO,CAAC,CAAC;QACf,KAAK,CAAC,iBAAiB,CAAC,IAAI,EAAE,aAAa,CAAC,CAAC;IAC9C,CAAC;CACD;AALD,sCAKC;AAED,MAAa,mBAAoB,SAAQ,KAAK;IAC7C,YAAY,OAAgB;QAC3B,KAAK,CAAC,OAAO,CAAC,CAAC;QACf,KAAK,CAAC,iBAAiB,CAAC,IAAI,EAAE,mBAAmB,CAAC,CAAC;IACpD,CAAC;CACD;AALD,kDAKC","sourcesContent":["/*\n * This is the primary high-level API for the project. In this folder there should be:\n * A class called InsightFacade, this should be in a file called InsightFacade.ts.\n * You should not change this interface at all or the test suite will not work.\n */\n\nexport enum InsightDatasetKind {\n     Sections = \"sections\",\n     Rooms = \"rooms\",\n}\n\nexport interface InsightDataset {\n     id: string;\n     kind: InsightDatasetKind;\n     numRows: number;\n}\n\nexport interface InsightResult {\n     [key: string]: string | number;\n}\n\nexport class InsightError extends Error {\n\tconstructor(message?: string) {\n\t\tsuper(message);\n\t\tError.captureStackTrace(this, InsightError);\n\t}\n}\n\nexport class NotFoundError extends Error {\n\tconstructor(message?: string) {\n\t\tsuper(message);\n\t\tError.captureStackTrace(this, NotFoundError);\n\t}\n}\n\nexport class ResultTooLargeError extends Error {\n\tconstructor(message?: string) {\n\t\tsuper(message);\n\t\tError.captureStackTrace(this, ResultTooLargeError);\n\t}\n}\n\nexport interface IInsightFacade {\n    /**\n     * Add a dataset to insightUBC.\n     *\n     * @param id  The id of the dataset being added.\n     * @param content  The base64 content of the dataset. This content should be in the form of a serialized zip file.\n     * @param kind  The kind of the dataset\n     *\n     * @return Promise <string[]>\n     *\n     * The promise should fulfill on a successful add, reject for any failures.\n     * The promise should fulfill with a string array,\n     * containing the ids of all currently added datasets upon a successful add.\n     * The promise should reject with an InsightError describing the error.\n     *\n     * An id is invalid if it contains an underscore, or is only whitespace characters.\n     * If id is the same as the id of an already added dataset, the dataset should be rejected and not saved.\n     *\n     * After receiving the dataset, it should be processed into a data structure of\n     * your design. The processed data structure should be persisted to disk; your\n     * system should be able to load this persisted value into memory for answering\n     * queries.\n     *\n     * Ultimately, a dataset must be added or loaded from disk before queries can\n     * be successfully answered.\n     */\n     addDataset(id: string, content: string, kind: InsightDatasetKind): Promise<string[]>;\n\n\n    /**\n     * Remove a dataset from insightUBC.\n     *\n     * @param id  The id of the dataset to remove.\n     *\n     * @return Promise <string>\n     *\n     * The promise should fulfill upon a successful removal. Reject on any error.\n     * A removed dataset behaves as if it never existed in the system (i.e. it was never added).\n     * Attempting to remove a dataset that hasn't been added yet counts as an error.\n     *\n     * An id is invalid if it contains an underscore, or is only whitespace characters.\n     *\n     * The promise should fulfill with the id of the dataset that was removed.\n     * The promise should reject with a NotFoundError (if a valid id was not yet added)\n     * or an InsightError (invalid id or any other source of failure) describing the error.\n     */\n     removeDataset(id: string): Promise<string>;\n\n\n    /**\n     * Perform a query on insightUBC.\n     *\n     * @param query  The query to be performed.\n     *\n     * If a query is incorrectly formatted, references a dataset not added (in memory or on disk),\n     * or references multiple datasets, it should be rejected with an InsightError.\n     * If a query would return more than 5000 results, it should be rejected with a ResultTooLargeError.\n     *\n     * @return Promise <InsightResult[]>\n     *\n     * The promise should fulfill with an array of results.\n     * The promise should reject with an InsightError describing the error.\n     */\n     performQuery(query: unknown): Promise<InsightResult[]>;\n\n\n    /**\n     * List all currently added datasets, their types, and number of rows.\n     *\n     * @return Promise <InsightDataset[]>\n     * The promise should fulfill an array of currently added InsightDatasets, and will only fulfill.\n     */\n     listDatasets(): Promise<InsightDataset[]>;\n}\n"]},"_coverageSchema":"1a1c01bbd47fc00a2c39e90264f33305004495a9","hash":"e12206d7a74553b7315c25e2ccb0f48a21729ac0","contentHash":"2db59a733bc9fbfd12cb7f9fb81ccd808e917ef40a47b57b78c951e9b3f3d0c7"},"/Users/frank/IdeaProjects/c0_team328/src/controller/Dataset.ts":{"path":"/Users/frank/IdeaProjects/c0_team328/src/controller/Dataset.ts","statementMap":{"0":{"start":{"line":2,"column":0},"end":{"line":2,"column":62}},"1":{"start":{"line":3,"column":25},"end":{"line":3,"column":52}},"2":{"start":{"line":5,"column":13},"end":{"line":5,"column":15}},"3":{"start":{"line":6,"column":20},"end":{"line":6,"column":22}},"4":{"start":{"line":7,"column":17},"end":{"line":7,"column":19}},"5":{"start":{"line":8,"column":11},"end":{"line":8,"column":55}},"6":{"start":{"line":9,"column":21},"end":{"line":9,"column":26}},"7":{"start":{"line":11,"column":8},"end":{"line":11,"column":25}},"8":{"start":{"line":14,"column":8},"end":{"line":14,"column":41}},"9":{"start":{"line":17,"column":8},"end":{"line":17,"column":35}},"10":{"start":{"line":20,"column":8},"end":{"line":20,"column":32}},"11":{"start":{"line":23,"column":8},"end":{"line":23,"column":35}},"12":{"start":{"line":26,"column":8},"end":{"line":26,"column":27}},"13":{"start":{"line":29,"column":8},"end":{"line":29,"column":34}},"14":{"start":{"line":32,"column":8},"end":{"line":32,"column":31}},"15":{"start":{"line":35,"column":8},"end":{"line":35,"column":25}},"16":{"start":{"line":38,"column":8},"end":{"line":38,"column":35}},"17":{"start":{"line":41,"column":0},"end":{"line":41,"column":26}}},"fnMap":{"0":{"name":"(anonymous_0)","decl":{"start":{"line":10,"column":4},"end":{"line":10,"column":5}},"loc":{"start":{"line":10,"column":18},"end":{"line":12,"column":5}},"line":10},"1":{"name":"(anonymous_1)","decl":{"start":{"line":13,"column":4},"end":{"line":13,"column":5}},"loc":{"start":{"line":13,"column":29},"end":{"line":15,"column":5}},"line":13},"2":{"name":"(anonymous_2)","decl":{"start":{"line":16,"column":4},"end":{"line":16,"column":5}},"loc":{"start":{"line":16,"column":23},"end":{"line":18,"column":5}},"line":16},"3":{"name":"(anonymous_3)","decl":{"start":{"line":19,"column":4},"end":{"line":19,"column":5}},"loc":{"start":{"line":19,"column":25},"end":{"line":21,"column":5}},"line":19},"4":{"name":"(anonymous_4)","decl":{"start":{"line":22,"column":4},"end":{"line":22,"column":5}},"loc":{"start":{"line":22,"column":22},"end":{"line":24,"column":5}},"line":22},"5":{"name":"(anonymous_5)","decl":{"start":{"line":25,"column":4},"end":{"line":25,"column":5}},"loc":{"start":{"line":25,"column":16},"end":{"line":27,"column":5}},"line":25},"6":{"name":"(anonymous_6)","decl":{"start":{"line":28,"column":4},"end":{"line":28,"column":5}},"loc":{"start":{"line":28,"column":23},"end":{"line":30,"column":5}},"line":28},"7":{"name":"(anonymous_7)","decl":{"start":{"line":31,"column":4},"end":{"line":31,"column":5}},"loc":{"start":{"line":31,"column":20},"end":{"line":33,"column":5}},"line":31},"8":{"name":"(anonymous_8)","decl":{"start":{"line":34,"column":4},"end":{"line":34,"column":5}},"loc":{"start":{"line":34,"column":14},"end":{"line":36,"column":5}},"line":34},"9":{"name":"(anonymous_9)","decl":{"start":{"line":37,"column":4},"end":{"line":37,"column":5}},"loc":{"start":{"line":37,"column":18},"end":{"line":39,"column":5}},"line":37}},"branchMap":{},"s":{"0":1,"1":1,"2":160,"3":160,"4":160,"5":160,"6":160,"7":160,"8":66943,"9":11283,"10":160,"11":78226,"12":302,"13":0,"14":67,"15":0,"16":159,"17":1},"f":{"0":160,"1":66943,"2":11283,"3":160,"4":78226,"5":302,"6":0,"7":67,"8":0,"9":159},"b":{},"inputSourceMap":{"version":3,"file":"/Users/frank/IdeaProjects/c0_team328/src/controller/Dataset.ts","sources":["/Users/frank/IdeaProjects/c0_team328/src/controller/Dataset.ts"],"names":[],"mappings":";;AACA,qDAAoD;AAGpD,MAAqB,OAAO;IACnB,MAAM,GAAW,EAAE,CAAC;IACpB,aAAa,GAAc,EAAE,CAAC;IAC9B,UAAU,GAAW,EAAE,CAAC;IACxB,IAAI,GAAuB,mCAAkB,CAAC,QAAQ,CAAC;IACvD,cAAc,GAAY,KAAK,CAAC;IAEjC,SAAS,CAAC,EAAU;QAC1B,IAAI,CAAC,MAAM,GAAG,EAAE,CAAC;IAClB,CAAC;IAEM,eAAe,CAAC,OAAgB;QACtC,IAAI,CAAC,aAAa,CAAC,IAAI,CAAC,OAAO,CAAC,CAAC;IAClC,CAAC;IAEM,YAAY,CAAC,IAAU;QAC7B,IAAI,CAAC,UAAU,CAAC,IAAI,CAAC,IAAI,CAAC,CAAC;IAC5B,CAAC;IAEM,OAAO,CAAC,WAA+B;QAC7C,IAAI,CAAC,IAAI,GAAG,WAAW,CAAC;IACzB,CAAC;IAEM,WAAW,CAAC,IAAa;QAC/B,IAAI,CAAC,cAAc,GAAG,IAAI,CAAC;IAC5B,CAAC;IAEM,SAAS;QACf,OAAO,IAAI,CAAC,MAAM,CAAC;IACpB,CAAC;IAEM,gBAAgB;QACtB,OAAO,IAAI,CAAC,aAAa,CAAC;IAC3B,CAAC;IAEM,aAAa;QACnB,OAAO,IAAI,CAAC,UAAU,CAAC;IACxB,CAAC;IAEM,OAAO;QACb,OAAO,IAAI,CAAC,IAAI,CAAC;IAClB,CAAC;IAEM,WAAW;QACjB,OAAO,IAAI,CAAC,cAAc,CAAC;IAC5B,CAAC;CACD;AA9CD,0BA8CC","sourcesContent":["import Section from \"./Section\";\nimport {InsightDatasetKind} from \"./IInsightFacade\";\nimport Room from \"./Room\";\n\nexport default class Dataset {\n\tprivate idName: string = \"\";\n\tprivate validSections: Section[] = [];\n\tprivate validRooms: Room[] = [];\n\tprivate kind: InsightDatasetKind = InsightDatasetKind.Sections;\n\tprivate isValidDataset: boolean = false;\n\n\tpublic setIDName(id: string) {\n\t\tthis.idName = id;\n\t}\n\n\tpublic addValidSection(section: Section) {\n\t\tthis.validSections.push(section);\n\t}\n\n\tpublic addValidRoom(room: Room) {\n\t\tthis.validRooms.push(room);\n\t}\n\n\tpublic setKind(datasetKind: InsightDatasetKind) {\n\t\tthis.kind = datasetKind;\n\t}\n\n\tpublic setValidity(bool: boolean) {\n\t\tthis.isValidDataset = bool;\n\t}\n\n\tpublic getIDName() {\n\t\treturn this.idName;\n\t}\n\n\tpublic getValidSections() {\n\t\treturn this.validSections;\n\t}\n\n\tpublic getValidRooms() {\n\t\treturn this.validRooms;\n\t}\n\n\tpublic getKind() {\n\t\treturn this.kind;\n\t}\n\n\tpublic getValidity() {\n\t\treturn this.isValidDataset;\n\t}\n}\n"]},"_coverageSchema":"1a1c01bbd47fc00a2c39e90264f33305004495a9","hash":"da2aba9e49736fc39ef0d044c944960c9fe1479a","contentHash":"9a671aeada878619deaaf2c44f98b5697cf664dbcd9ca2249eb1aa74d12052a1"},"/Users/frank/IdeaProjects/c0_team328/src/controller/QueryOperator.ts":{"path":"/Users/frank/IdeaProjects/c0_team328/src/controller/QueryOperator.ts","statementMap":{"0":{"start":{"line":2,"column":22},"end":{"line":4,"column":1}},"1":{"start":{"line":3,"column":4},"end":{"line":3,"column":62}},"2":{"start":{"line":5,"column":0},"end":{"line":5,"column":62}},"3":{"start":{"line":6,"column":25},"end":{"line":6,"column":52}},"4":{"start":{"line":7,"column":20},"end":{"line":7,"column":57}},"5":{"start":{"line":8,"column":19},"end":{"line":8,"column":41}},"6":{"start":{"line":10,"column":21},"end":{"line":10,"column":23}},"7":{"start":{"line":11,"column":24},"end":{"line":11,"column":26}},"8":{"start":{"line":12,"column":10},"end":{"line":12,"column":18}},"9":{"start":{"line":13,"column":27},"end":{"line":13,"column":29}},"10":{"start":{"line":14,"column":11},"end":{"line":14,"column":51}},"11":{"start":{"line":15,"column":11},"end":{"line":15,"column":56}},"12":{"start":{"line":16,"column":17},"end":{"line":16,"column":37}},"13":{"start":{"line":18,"column":8},"end":{"line":18,"column":47}},"14":{"start":{"line":21,"column":8},"end":{"line":21,"column":38}},"15":{"start":{"line":24,"column":8},"end":{"line":24,"column":36}},"16":{"start":{"line":27,"column":8},"end":{"line":27,"column":38}},"17":{"start":{"line":30,"column":8},"end":{"line":30,"column":35}},"18":{"start":{"line":33,"column":8},"end":{"line":33,"column":59}},"19":{"start":{"line":36,"column":21},"end":{"line":36,"column":40}},"20":{"start":{"line":37,"column":8},"end":{"line":39,"column":9}},"21":{"start":{"line":38,"column":12},"end":{"line":38,"column":82}},"22":{"start":{"line":43,"column":8},"end":{"line":60,"column":9}},"23":{"start":{"line":45,"column":16},"end":{"line":45,"column":53}},"24":{"start":{"line":47,"column":16},"end":{"line":47,"column":51}},"25":{"start":{"line":49,"column":16},"end":{"line":49,"column":60}},"26":{"start":{"line":51,"column":16},"end":{"line":51,"column":66}},"27":{"start":{"line":53,"column":16},"end":{"line":53,"column":66}},"28":{"start":{"line":55,"column":16},"end":{"line":55,"column":66}},"29":{"start":{"line":57,"column":16},"end":{"line":57,"column":53}},"30":{"start":{"line":59,"column":16},"end":{"line":59,"column":78}},"31":{"start":{"line":65,"column":21},"end":{"line":65,"column":42}},"32":{"start":{"line":66,"column":21},"end":{"line":66,"column":44}},"33":{"start":{"line":68,"column":8},"end":{"line":70,"column":9}},"34":{"start":{"line":69,"column":12},"end":{"line":69,"column":76}},"35":{"start":{"line":72,"column":26},"end":{"line":72,"column":47}},"36":{"start":{"line":74,"column":8},"end":{"line":74,"column":34}},"37":{"start":{"line":78,"column":8},"end":{"line":83,"column":9}},"38":{"start":{"line":79,"column":12},"end":{"line":79,"column":63}},"39":{"start":{"line":81,"column":13},"end":{"line":83,"column":9}},"40":{"start":{"line":82,"column":12},"end":{"line":82,"column":76}},"41":{"start":{"line":85,"column":8},"end":{"line":99,"column":9}},"42":{"start":{"line":86,"column":12},"end":{"line":88,"column":13}},"43":{"start":{"line":87,"column":16},"end":{"line":87,"column":79}},"44":{"start":{"line":89,"column":12},"end":{"line":89,"column":31}},"45":{"start":{"line":91,"column":13},"end":{"line":99,"column":9}},"46":{"start":{"line":92,"column":12},"end":{"line":94,"column":13}},"47":{"start":{"line":93,"column":16},"end":{"line":93,"column":79}},"48":{"start":{"line":95,"column":12},"end":{"line":95,"column":31}},"49":{"start":{"line":98,"column":12},"end":{"line":98,"column":76}},"50":{"start":{"line":103,"column":21},"end":{"line":103,"column":40}},"51":{"start":{"line":104,"column":8},"end":{"line":106,"column":9}},"52":{"start":{"line":105,"column":12},"end":{"line":105,"column":76}},"53":{"start":{"line":107,"column":23},"end":{"line":107,"column":53}},"54":{"start":{"line":108,"column":8},"end":{"line":108,"column":39}},"55":{"start":{"line":108,"column":35},"end":{"line":108,"column":37}},"56":{"start":{"line":112,"column":24},"end":{"line":112,"column":43}},"57":{"start":{"line":113,"column":8},"end":{"line":115,"column":9}},"58":{"start":{"line":114,"column":12},"end":{"line":114,"column":75}},"59":{"start":{"line":117,"column":25},"end":{"line":117,"column":94}},"60":{"start":{"line":117,"column":55},"end":{"line":117,"column":93}},"61":{"start":{"line":119,"column":24},"end":{"line":119,"column":51}},"62":{"start":{"line":122,"column":26},"end":{"line":122,"column":66}},"63":{"start":{"line":124,"column":8},"end":{"line":128,"column":11}},"64":{"start":{"line":125,"column":12},"end":{"line":127,"column":13}},"65":{"start":{"line":125,"column":25},"end":{"line":125,"column":26}},"66":{"start":{"line":126,"column":16},"end":{"line":126,"column":64}},"67":{"start":{"line":129,"column":8},"end":{"line":129,"column":27}},"68":{"start":{"line":133,"column":24},"end":{"line":133,"column":43}},"69":{"start":{"line":134,"column":8},"end":{"line":136,"column":9}},"70":{"start":{"line":135,"column":12},"end":{"line":135,"column":75}},"71":{"start":{"line":138,"column":25},"end":{"line":138,"column":94}},"72":{"start":{"line":138,"column":55},"end":{"line":138,"column":93}},"73":{"start":{"line":140,"column":24},"end":{"line":140,"column":51}},"74":{"start":{"line":143,"column":26},"end":{"line":143,"column":65}},"75":{"start":{"line":145,"column":8},"end":{"line":151,"column":11}},"76":{"start":{"line":146,"column":12},"end":{"line":150,"column":13}},"77":{"start":{"line":146,"column":25},"end":{"line":146,"column":26}},"78":{"start":{"line":147,"column":16},"end":{"line":149,"column":17}},"79":{"start":{"line":148,"column":20},"end":{"line":148,"column":68}},"80":{"start":{"line":152,"column":8},"end":{"line":152,"column":27}},"81":{"start":{"line":209,"column":31},"end":{"line":209,"column":64}},"82":{"start":{"line":210,"column":23},"end":{"line":210,"column":40}},"83":{"start":{"line":211,"column":26},"end":{"line":211,"column":43}},"84":{"start":{"line":212,"column":27},"end":{"line":212,"column":29}},"85":{"start":{"line":213,"column":28},"end":{"line":213,"column":45}},"86":{"start":{"line":214,"column":8},"end":{"line":221,"column":11}},"87":{"start":{"line":215,"column":12},"end":{"line":220,"column":13}},"88":{"start":{"line":216,"column":16},"end":{"line":216,"column":41}},"89":{"start":{"line":219,"column":16},"end":{"line":219,"column":40}},"90":{"start":{"line":222,"column":8},"end":{"line":222,"column":28}},"91":{"start":{"line":226,"column":35},"end":{"line":226,"column":63}},"92":{"start":{"line":227,"column":33},"end":{"line":227,"column":59}},"93":{"start":{"line":229,"column":29},"end":{"line":229,"column":65}},"94":{"start":{"line":230,"column":8},"end":{"line":245,"column":9}},"95":{"start":{"line":232,"column":12},"end":{"line":232,"column":48}},"96":{"start":{"line":234,"column":13},"end":{"line":245,"column":9}},"97":{"start":{"line":236,"column":12},"end":{"line":236,"column":48}},"98":{"start":{"line":238,"column":13},"end":{"line":245,"column":9}},"99":{"start":{"line":240,"column":12},"end":{"line":240,"column":50}},"100":{"start":{"line":244,"column":12},"end":{"line":244,"column":42}},"101":{"start":{"line":250,"column":8},"end":{"line":252,"column":9}},"102":{"start":{"line":251,"column":12},"end":{"line":251,"column":73}},"103":{"start":{"line":253,"column":21},"end":{"line":255,"column":10}},"104":{"start":{"line":254,"column":12},"end":{"line":254,"column":72}},"105":{"start":{"line":256,"column":23},"end":{"line":256,"column":39}},"106":{"start":{"line":257,"column":8},"end":{"line":257,"column":74}},"107":{"start":{"line":258,"column":8},"end":{"line":258,"column":48}},"108":{"start":{"line":264,"column":31},"end":{"line":264,"column":64}},"109":{"start":{"line":265,"column":23},"end":{"line":265,"column":40}},"110":{"start":{"line":266,"column":26},"end":{"line":266,"column":43}},"111":{"start":{"line":267,"column":20},"end":{"line":267,"column":26}},"112":{"start":{"line":268,"column":27},"end":{"line":268,"column":29}},"113":{"start":{"line":269,"column":28},"end":{"line":269,"column":45}},"114":{"start":{"line":271,"column":8},"end":{"line":302,"column":9}},"115":{"start":{"line":273,"column":16},"end":{"line":280,"column":19}},"116":{"start":{"line":274,"column":20},"end":{"line":279,"column":21}},"117":{"start":{"line":275,"column":24},"end":{"line":275,"column":49}},"118":{"start":{"line":278,"column":24},"end":{"line":278,"column":48}},"119":{"start":{"line":281,"column":16},"end":{"line":281,"column":22}},"120":{"start":{"line":283,"column":16},"end":{"line":290,"column":19}},"121":{"start":{"line":284,"column":20},"end":{"line":289,"column":21}},"122":{"start":{"line":285,"column":24},"end":{"line":285,"column":49}},"123":{"start":{"line":288,"column":24},"end":{"line":288,"column":48}},"124":{"start":{"line":291,"column":16},"end":{"line":291,"column":22}},"125":{"start":{"line":293,"column":16},"end":{"line":300,"column":19}},"126":{"start":{"line":294,"column":20},"end":{"line":299,"column":21}},"127":{"start":{"line":295,"column":24},"end":{"line":295,"column":49}},"128":{"start":{"line":298,"column":24},"end":{"line":298,"column":48}},"129":{"start":{"line":301,"column":16},"end":{"line":301,"column":22}},"130":{"start":{"line":304,"column":8},"end":{"line":304,"column":28}},"131":{"start":{"line":308,"column":19},"end":{"line":308,"column":38}},"132":{"start":{"line":310,"column":27},"end":{"line":310,"column":77}},"133":{"start":{"line":310,"column":46},"end":{"line":310,"column":76}},"134":{"start":{"line":311,"column":8},"end":{"line":313,"column":9}},"135":{"start":{"line":312,"column":12},"end":{"line":312,"column":78}},"136":{"start":{"line":314,"column":8},"end":{"line":316,"column":9}},"137":{"start":{"line":315,"column":12},"end":{"line":315,"column":66}},"138":{"start":{"line":318,"column":24},"end":{"line":318,"column":57}},"139":{"start":{"line":319,"column":8},"end":{"line":321,"column":9}},"140":{"start":{"line":320,"column":12},"end":{"line":320,"column":72}},"141":{"start":{"line":323,"column":29},"end":{"line":332,"column":10}},"142":{"start":{"line":324,"column":29},"end":{"line":324,"column":31}},"143":{"start":{"line":325,"column":12},"end":{"line":330,"column":15}},"144":{"start":{"line":327,"column":16},"end":{"line":329,"column":17}},"145":{"start":{"line":328,"column":20},"end":{"line":328,"column":55}},"146":{"start":{"line":331,"column":12},"end":{"line":331,"column":30}},"147":{"start":{"line":333,"column":8},"end":{"line":347,"column":9}},"148":{"start":{"line":334,"column":29},"end":{"line":334,"column":58}},"149":{"start":{"line":335,"column":12},"end":{"line":337,"column":13}},"150":{"start":{"line":336,"column":16},"end":{"line":336,"column":95}},"151":{"start":{"line":338,"column":12},"end":{"line":346,"column":15}},"152":{"start":{"line":339,"column":16},"end":{"line":341,"column":17}},"153":{"start":{"line":340,"column":20},"end":{"line":340,"column":30}},"154":{"start":{"line":342,"column":16},"end":{"line":344,"column":17}},"155":{"start":{"line":343,"column":20},"end":{"line":343,"column":29}},"156":{"start":{"line":345,"column":16},"end":{"line":345,"column":25}},"157":{"start":{"line":348,"column":8},"end":{"line":348,"column":28}},"158":{"start":{"line":351,"column":28},"end":{"line":353,"column":10}},"159":{"start":{"line":352,"column":12},"end":{"line":352,"column":41}},"160":{"start":{"line":354,"column":8},"end":{"line":354,"column":29}},"161":{"start":{"line":358,"column":8},"end":{"line":360,"column":9}},"162":{"start":{"line":359,"column":12},"end":{"line":359,"column":79}},"163":{"start":{"line":361,"column":22},"end":{"line":361,"column":38}},"164":{"start":{"line":363,"column":8},"end":{"line":365,"column":9}},"165":{"start":{"line":364,"column":12},"end":{"line":364,"column":76}},"166":{"start":{"line":366,"column":8},"end":{"line":368,"column":9}},"167":{"start":{"line":367,"column":12},"end":{"line":367,"column":88}},"168":{"start":{"line":369,"column":8},"end":{"line":369,"column":30}},"169":{"start":{"line":372,"column":0},"end":{"line":372,"column":32}}},"fnMap":{"0":{"name":"(anonymous_0)","decl":{"start":{"line":2,"column":56},"end":{"line":2,"column":57}},"loc":{"start":{"line":2,"column":71},"end":{"line":4,"column":1}},"line":2},"1":{"name":"(anonymous_1)","decl":{"start":{"line":17,"column":4},"end":{"line":17,"column":5}},"loc":{"start":{"line":17,"column":28},"end":{"line":19,"column":5}},"line":17},"2":{"name":"(anonymous_2)","decl":{"start":{"line":20,"column":4},"end":{"line":20,"column":5}},"loc":{"start":{"line":20,"column":23},"end":{"line":22,"column":5}},"line":20},"3":{"name":"(anonymous_3)","decl":{"start":{"line":23,"column":4},"end":{"line":23,"column":5}},"loc":{"start":{"line":23,"column":28},"end":{"line":25,"column":5}},"line":23},"4":{"name":"(anonymous_4)","decl":{"start":{"line":26,"column":4},"end":{"line":26,"column":5}},"loc":{"start":{"line":26,"column":24},"end":{"line":28,"column":5}},"line":26},"5":{"name":"(anonymous_5)","decl":{"start":{"line":29,"column":4},"end":{"line":29,"column":5}},"loc":{"start":{"line":29,"column":17},"end":{"line":31,"column":5}},"line":29},"6":{"name":"(anonymous_6)","decl":{"start":{"line":32,"column":4},"end":{"line":32,"column":5}},"loc":{"start":{"line":32,"column":26},"end":{"line":34,"column":5}},"line":32},"7":{"name":"(anonymous_7)","decl":{"start":{"line":35,"column":4},"end":{"line":35,"column":5}},"loc":{"start":{"line":35,"column":30},"end":{"line":61,"column":5}},"line":35},"8":{"name":"(anonymous_8)","decl":{"start":{"line":64,"column":4},"end":{"line":64,"column":5}},"loc":{"start":{"line":64,"column":35},"end":{"line":100,"column":5}},"line":64},"9":{"name":"(anonymous_9)","decl":{"start":{"line":102,"column":4},"end":{"line":102,"column":5}},"loc":{"start":{"line":102,"column":28},"end":{"line":109,"column":5}},"line":102},"10":{"name":"(anonymous_10)","decl":{"start":{"line":108,"column":28},"end":{"line":108,"column":29}},"loc":{"start":{"line":108,"column":35},"end":{"line":108,"column":37}},"line":108},"11":{"name":"(anonymous_11)","decl":{"start":{"line":111,"column":4},"end":{"line":111,"column":5}},"loc":{"start":{"line":111,"column":27},"end":{"line":130,"column":5}},"line":111},"12":{"name":"(anonymous_12)","decl":{"start":{"line":117,"column":37},"end":{"line":117,"column":38}},"loc":{"start":{"line":117,"column":55},"end":{"line":117,"column":93}},"line":117},"13":{"name":"(anonymous_13)","decl":{"start":{"line":124,"column":24},"end":{"line":124,"column":25}},"loc":{"start":{"line":124,"column":39},"end":{"line":128,"column":9}},"line":124},"14":{"name":"(anonymous_14)","decl":{"start":{"line":132,"column":4},"end":{"line":132,"column":5}},"loc":{"start":{"line":132,"column":28},"end":{"line":153,"column":5}},"line":132},"15":{"name":"(anonymous_15)","decl":{"start":{"line":138,"column":37},"end":{"line":138,"column":38}},"loc":{"start":{"line":138,"column":55},"end":{"line":138,"column":93}},"line":138},"16":{"name":"(anonymous_16)","decl":{"start":{"line":145,"column":24},"end":{"line":145,"column":25}},"loc":{"start":{"line":145,"column":39},"end":{"line":151,"column":9}},"line":145},"17":{"name":"(anonymous_17)","decl":{"start":{"line":208,"column":4},"end":{"line":208,"column":5}},"loc":{"start":{"line":208,"column":36},"end":{"line":223,"column":5}},"line":208},"18":{"name":"(anonymous_18)","decl":{"start":{"line":214,"column":30},"end":{"line":214,"column":31}},"loc":{"start":{"line":214,"column":44},"end":{"line":221,"column":9}},"line":214},"19":{"name":"(anonymous_19)","decl":{"start":{"line":224,"column":4},"end":{"line":224,"column":5}},"loc":{"start":{"line":224,"column":45},"end":{"line":246,"column":5}},"line":224},"20":{"name":"(anonymous_20)","decl":{"start":{"line":249,"column":4},"end":{"line":249,"column":5}},"loc":{"start":{"line":249,"column":36},"end":{"line":260,"column":5}},"line":249},"21":{"name":"(anonymous_21)","decl":{"start":{"line":253,"column":87},"end":{"line":253,"column":88}},"loc":{"start":{"line":253,"column":93},"end":{"line":255,"column":9}},"line":253},"22":{"name":"(anonymous_22)","decl":{"start":{"line":263,"column":4},"end":{"line":263,"column":5}},"loc":{"start":{"line":263,"column":48},"end":{"line":305,"column":5}},"line":263},"23":{"name":"(anonymous_23)","decl":{"start":{"line":273,"column":38},"end":{"line":273,"column":39}},"loc":{"start":{"line":273,"column":52},"end":{"line":280,"column":17}},"line":273},"24":{"name":"(anonymous_24)","decl":{"start":{"line":283,"column":38},"end":{"line":283,"column":39}},"loc":{"start":{"line":283,"column":52},"end":{"line":290,"column":17}},"line":283},"25":{"name":"(anonymous_25)","decl":{"start":{"line":293,"column":38},"end":{"line":293,"column":39}},"loc":{"start":{"line":293,"column":52},"end":{"line":300,"column":17}},"line":293},"26":{"name":"(anonymous_26)","decl":{"start":{"line":306,"column":4},"end":{"line":306,"column":5}},"loc":{"start":{"line":306,"column":36},"end":{"line":349,"column":5}},"line":306},"27":{"name":"(anonymous_27)","decl":{"start":{"line":310,"column":37},"end":{"line":310,"column":38}},"loc":{"start":{"line":310,"column":46},"end":{"line":310,"column":76}},"line":310},"28":{"name":"(anonymous_28)","decl":{"start":{"line":323,"column":42},"end":{"line":323,"column":43}},"loc":{"start":{"line":323,"column":55},"end":{"line":332,"column":9}},"line":323},"29":{"name":"(anonymous_29)","decl":{"start":{"line":325,"column":28},"end":{"line":325,"column":29}},"loc":{"start":{"line":325,"column":39},"end":{"line":330,"column":13}},"line":325},"30":{"name":"(anonymous_30)","decl":{"start":{"line":338,"column":30},"end":{"line":338,"column":31}},"loc":{"start":{"line":338,"column":40},"end":{"line":346,"column":13}},"line":338},"31":{"name":"(anonymous_31)","decl":{"start":{"line":350,"column":4},"end":{"line":350,"column":5}},"loc":{"start":{"line":350,"column":26},"end":{"line":355,"column":5}},"line":350},"32":{"name":"(anonymous_32)","decl":{"start":{"line":351,"column":40},"end":{"line":351,"column":41}},"loc":{"start":{"line":351,"column":50},"end":{"line":353,"column":9}},"line":351},"33":{"name":"(anonymous_33)","decl":{"start":{"line":356,"column":4},"end":{"line":356,"column":5}},"loc":{"start":{"line":356,"column":22},"end":{"line":370,"column":5}},"line":356}},"branchMap":{"0":{"loc":{"start":{"line":2,"column":22},"end":{"line":4,"column":1}},"type":"binary-expr","locations":[{"start":{"line":2,"column":23},"end":{"line":2,"column":27}},{"start":{"line":2,"column":31},"end":{"line":2,"column":51}},{"start":{"line":2,"column":56},"end":{"line":4,"column":1}}],"line":2},"1":{"loc":{"start":{"line":3,"column":11},"end":{"line":3,"column":61}},"type":"cond-expr","locations":[{"start":{"line":3,"column":37},"end":{"line":3,"column":40}},{"start":{"line":3,"column":43},"end":{"line":3,"column":61}}],"line":3},"2":{"loc":{"start":{"line":3,"column":12},"end":{"line":3,"column":33}},"type":"binary-expr","locations":[{"start":{"line":3,"column":12},"end":{"line":3,"column":15}},{"start":{"line":3,"column":19},"end":{"line":3,"column":33}}],"line":3},"3":{"loc":{"start":{"line":37,"column":8},"end":{"line":39,"column":9}},"type":"if","locations":[{"start":{"line":37,"column":8},"end":{"line":39,"column":9}},{"start":{"line":37,"column":8},"end":{"line":39,"column":9}}],"line":37},"4":{"loc":{"start":{"line":43,"column":8},"end":{"line":60,"column":9}},"type":"switch","locations":[{"start":{"line":44,"column":12},"end":{"line":45,"column":53}},{"start":{"line":46,"column":12},"end":{"line":47,"column":51}},{"start":{"line":48,"column":12},"end":{"line":49,"column":60}},{"start":{"line":50,"column":12},"end":{"line":51,"column":66}},{"start":{"line":52,"column":12},"end":{"line":53,"column":66}},{"start":{"line":54,"column":12},"end":{"line":55,"column":66}},{"start":{"line":56,"column":12},"end":{"line":57,"column":53}},{"start":{"line":58,"column":12},"end":{"line":59,"column":78}}],"line":43},"5":{"loc":{"start":{"line":68,"column":8},"end":{"line":70,"column":9}},"type":"if","locations":[{"start":{"line":68,"column":8},"end":{"line":70,"column":9}},{"start":{"line":68,"column":8},"end":{"line":70,"column":9}}],"line":68},"6":{"loc":{"start":{"line":78,"column":8},"end":{"line":83,"column":9}},"type":"if","locations":[{"start":{"line":78,"column":8},"end":{"line":83,"column":9}},{"start":{"line":78,"column":8},"end":{"line":83,"column":9}}],"line":78},"7":{"loc":{"start":{"line":81,"column":13},"end":{"line":83,"column":9}},"type":"if","locations":[{"start":{"line":81,"column":13},"end":{"line":83,"column":9}},{"start":{"line":81,"column":13},"end":{"line":83,"column":9}}],"line":81},"8":{"loc":{"start":{"line":85,"column":8},"end":{"line":99,"column":9}},"type":"if","locations":[{"start":{"line":85,"column":8},"end":{"line":99,"column":9}},{"start":{"line":85,"column":8},"end":{"line":99,"column":9}}],"line":85},"9":{"loc":{"start":{"line":86,"column":12},"end":{"line":88,"column":13}},"type":"if","locations":[{"start":{"line":86,"column":12},"end":{"line":88,"column":13}},{"start":{"line":86,"column":12},"end":{"line":88,"column":13}}],"line":86},"10":{"loc":{"start":{"line":91,"column":13},"end":{"line":99,"column":9}},"type":"if","locations":[{"start":{"line":91,"column":13},"end":{"line":99,"column":9}},{"start":{"line":91,"column":13},"end":{"line":99,"column":9}}],"line":91},"11":{"loc":{"start":{"line":92,"column":12},"end":{"line":94,"column":13}},"type":"if","locations":[{"start":{"line":92,"column":12},"end":{"line":94,"column":13}},{"start":{"line":92,"column":12},"end":{"line":94,"column":13}}],"line":92},"12":{"loc":{"start":{"line":104,"column":8},"end":{"line":106,"column":9}},"type":"if","locations":[{"start":{"line":104,"column":8},"end":{"line":106,"column":9}},{"start":{"line":104,"column":8},"end":{"line":106,"column":9}}],"line":104},"13":{"loc":{"start":{"line":113,"column":8},"end":{"line":115,"column":9}},"type":"if","locations":[{"start":{"line":113,"column":8},"end":{"line":115,"column":9}},{"start":{"line":113,"column":8},"end":{"line":115,"column":9}}],"line":113},"14":{"loc":{"start":{"line":126,"column":33},"end":{"line":126,"column":63}},"type":"binary-expr","locations":[{"start":{"line":126,"column":33},"end":{"line":126,"column":47}},{"start":{"line":126,"column":51},"end":{"line":126,"column":63}}],"line":126},"15":{"loc":{"start":{"line":134,"column":8},"end":{"line":136,"column":9}},"type":"if","locations":[{"start":{"line":134,"column":8},"end":{"line":136,"column":9}},{"start":{"line":134,"column":8},"end":{"line":136,"column":9}}],"line":134},"16":{"loc":{"start":{"line":147,"column":16},"end":{"line":149,"column":17}},"type":"if","locations":[{"start":{"line":147,"column":16},"end":{"line":149,"column":17}},{"start":{"line":147,"column":16},"end":{"line":149,"column":17}}],"line":147},"17":{"loc":{"start":{"line":148,"column":37},"end":{"li
[...]
R THERE IS AN ERROR THERE IS AN ERROR THERE IS AN ERROR THERE IS AN ERROR THERE IS AN ERROR THERE IS AN ERROR \")\n\t\t\t\t\t\t\t\t\t// console.log(json);\n\t\t\t\t\t\t\t\t\tthis.fetchRoomData(buildingInfo, json, tr, dataset);\n\n\t\t\t\t\t\t\t\t} else {\n\t\t\t\t\t\t\t\t\tconsole.log(\"Error response:\", json);\n\t\t\t\t\t\t\t\t}\n\t\t\t\t\t\t\t\tresolve();\n\t\t\t\t\t\t\t});\n\t\t\t\t\t\t}).on(\"error\", (error) => {\n\t\t\t\t\t\t\tconsole.error(\"Error fetching room data:\", error);\n\t\t\t\t\t\t\treject(error);\n\t\t\t\t\t\t});\n\t\t\t\t\t}));\n\t\t\t\t}\n\t\t\t}\n\t\t\t// await\n\t\t\t// this.handleBuildingTr(tr, tag, buildingInfo, dataset);\n\t\t}\n\t\tawait Promise.all(promises);\n\n\t\t// for (const tr of node.childNodes) {\n\t\t// \tawait this.handleBuildingTr(tr, tag, buildingInfo, dataset);\n\t\t// }\n\t}\n\n\tprivate validateRoom(tr: any, hasAllElement: boolean) {\n\t\tfor (const td of tr.childNodes) {\n\t\t\t// let td = tr.childNodes[j];\n\t\t\tif (td.nodeName === \"td\" && this.buildingRoomColumnNames.includes(td.attrs[0].value)) {\n\t\t\t\thasAllElement = hasAllElement && true;\n\t\t\t} else if (td.nodeName === \"td\" && !this.buildingRoomColumnNames.includes(td.attrs[0].value)) {\n\t\t\t\thasAllElement = hasAllElement && false;\n\t\t\t\tbreak;\n\t\t\t}\n\t\t}\n\t\treturn hasAllElement;\n\t}\n\n\tprivate fetchRoomData(buildingInfo: BuildingInfo, json: any, tr: any, dataset: Dataset) {\n\t\tlet buildingFullName = buildingInfo.name;\n\t\tlet buildingShortName;\n\t\tlet roomNumber;\n\t\tlet roomName;\n\t\tlet buildingAddress = buildingInfo.address;\n\t\tlet lat = json.lat;\n\t\tlet lon = json.lon;\n\t\tlet roomCapacity;\n\t\tlet roomType;\n\t\tlet roomFurniture;\n\t\tlet roomLink;\n\n\t\tfor (const td of tr.childNodes) {\n\t\t\t// let td = tr.childNodes[j];\n\n\t\t\tif (td.nodeName === \"td\" &&\n\t\t\t\ttd.attrs[0].value === \"views-field views-field-field-room-number\") {\n\t\t\t\troomNumber = td.childNodes[1].childNodes[0].value;\n\t\t\t\t// console.log(\"roomNumber = \" + roomNumber);\n\t\t\t} else if (td.nodeName === \"td\" &&\n\t\t\t\ttd.attrs[0].value === \"views-field views-field-field-room-capacity\") {\n\t\t\t\tlet temp = td.childNodes[0].value;\n\t\t\t\troomCapacity = temp.replace(/\\D/g, \"\");\n\t\t\t\t// console.log(\"room capacity = \" + roomCapacity);\n\t\t\t} else if (td.nodeName === \"td\" &&\n\t\t\t\ttd.attrs[0].value === \"views-field views-field-field-room-furniture\") {\n\t\t\t\tlet temp = td.childNodes[0].value;\n\t\t\t\troomFurniture = temp.trim().match(/\\S.*\\S/)?.[0] || \"\";\n\t\t\t\t// console.log(\"room furniture = \" + roomFurniture);\n\t\t\t} else if (td.nodeName === \"td\" &&\n\t\t\t\ttd.attrs[0].value === \"views-field views-field-field-room-type\") {\n\t\t\t\tlet temp = td.childNodes[0].value;\n\t\t\t\troomType = temp.trim().match(/\\S.*\\S/)?.[0] || \"\";\n\t\t\t\t// console.log(\"room type = \" + roomType);\n\t\t\t} else if (td.nodeName === \"td\" &&\n\t\t\t\ttd.attrs[0].value === \"views-field views-field-nothing\") {\n\t\t\t\troomLink = td.childNodes[1].attrs[0].value;\n\t\t\t\t// console.log(\"link = \" + roomLink);\n\t\t\t\tlet buildingRoom = roomLink.split(\"/\").pop();\n\t\t\t\tbuildingShortName = buildingRoom.split(\"-\")[0];\n\t\t\t\t// console.log(\"building short name = \" + buildingShortName);\n\t\t\t}\n\t\t}\n\n\t\troomName = buildingShortName + \"_\" + roomNumber;\n\t\t// console.log(\"room name = \" + roomName);\n\n\t\tlet newRoom = this.createRoom(buildingFullName,\n\t\t\tbuildingShortName,\n\t\t\troomNumber,\n\t\t\troomName,\n\t\t\tbuildingAddress,\n\t\t\tlat,\n\t\t\tlon,\n\t\t\troomCapacity,\n\t\t\troomType,\n\t\t\troomFurniture,\n\t\t\troomLink);\n\t\tdataset.setValidity(true);\n\t\tdataset.addValidRoom(newRoom);\n\t}\n\n// ================================================ buildings ======================================================\n\n\tprivate createRoom (\n\t\tbuildingFullName: string,\n\t\tbuildingShortName: string,\n\t\troomNumber: string,\n\t\troomName: string,\n\t\tbuildingAddress: string,\n\t\tlat: string,\n\t\tlon: string,\n\t\troomCapacity: string,\n\t\troomType: string,\n\t\troomFurniture: string,\n\t\troomLink: string\n\t): Room {\n\t\treturn new Room (\n\t\t\tbuildingFullName,\n\t\t\tbuildingShortName,\n\t\t\troomNumber,\n\t\t\troomName,\n\t\t\tbuildingAddress,\n\t\t\tNumber(lat),\n\t\t\tNumber(lon),\n\t\t\tNumber(roomCapacity),\n\t\t\troomType,\n\t\t\troomFurniture,\n\t\t\troomLink\n\t\t);\n\t}\n}\n\nexport interface BuildingInfo {\n\tname: string;\n\taddress: string;\n}\n"]},"_coverageSchema":"1a1c01bbd47fc00a2c39e90264f33305004495a9","hash":"ecc88ee1b19c8791fb7ba85a3bacb5a8b8a98bba","contentHash":"0fc0a34366c42c8c757f626554d5aa41b6b85073a1b88ac6ed6e78b296d02bb6"},"/Users/frank/IdeaProjects/c0_team328/src/controller/Room.ts":{"path":"/Users/frank/IdeaProjects/c0_team328/src/controller/Room.ts","statementMap":{"0":{"start":{"line":2,"column":0},"end":{"line":2,"column":62}},"1":{"start":{"line":16,"column":8},"end":{"line":16,"column":33}},"2":{"start":{"line":17,"column":8},"end":{"line":17,"column":35}},"3":{"start":{"line":18,"column":8},"end":{"line":18,"column":29}},"4":{"start":{"line":19,"column":8},"end":{"line":19,"column":25}},"5":{"start":{"line":20,"column":8},"end":{"line":20,"column":31}},"6":{"start":{"line":21,"column":8},"end":{"line":21,"column":23}},"7":{"start":{"line":22,"column":8},"end":{"line":22,"column":23}},"8":{"start":{"line":23,"column":8},"end":{"line":23,"column":27}},"9":{"start":{"line":24,"column":8},"end":{"line":24,"column":25}},"10":{"start":{"line":25,"column":8},"end":{"line":25,"column":35}},"11":{"start":{"line":26,"column":8},"end":{"line":26,"column":25}},"12":{"start":{"line":29,"column":8},"end":{"line":29,"column":29}},"13":{"start":{"line":32,"column":8},"end":{"line":32,"column":30}},"14":{"start":{"line":35,"column":8},"end":{"line":35,"column":27}},"15":{"start":{"line":38,"column":8},"end":{"line":38,"column":25}},"16":{"start":{"line":41,"column":8},"end":{"line":41,"column":28}},"17":{"start":{"line":44,"column":8},"end":{"line":44,"column":24}},"18":{"start":{"line":47,"column":8},"end":{"line":47,"column":24}},"19":{"start":{"line":50,"column":8},"end":{"line":50,"column":26}},"20":{"start":{"line":53,"column":8},"end":{"line":53,"column":25}},"21":{"start":{"line":56,"column":8},"end":{"line":56,"column":30}},"22":{"start":{"line":59,"column":8},"end":{"line":59,"column":25}},"23":{"start":{"line":62,"column":0},"end":{"line":62,"column":23}}},"fnMap":{"0":{"name":"(anonymous_0)","decl":{"start":{"line":15,"column":4},"end":{"line":15,"column":5}},"loc":{"start":{"line":15,"column":100},"end":{"line":27,"column":5}},"line":15},"1":{"name":"(anonymous_1)","decl":{"start":{"line":28,"column":4},"end":{"line":28,"column":5}},"loc":{"start":{"line":28,"column":18},"end":{"line":30,"column":5}},"line":28},"2":{"name":"(anonymous_2)","decl":{"start":{"line":31,"column":4},"end":{"line":31,"column":5}},"loc":{"start":{"line":31,"column":19},"end":{"line":33,"column":5}},"line":31},"3":{"name":"(anonymous_3)","decl":{"start":{"line":34,"column":4},"end":{"line":34,"column":5}},"loc":{"start":{"line":34,"column":16},"end":{"line":36,"column":5}},"line":34},"4":{"name":"(anonymous_4)","decl":{"start":{"line":37,"column":4},"end":{"line":37,"column":5}},"loc":{"start":{"line":37,"column":14},"end":{"line":39,"column":5}},"line":37},"5":{"name":"(anonymous_5)","decl":{"start":{"line":40,"column":4},"end":{"line":40,"column":5}},"loc":{"start":{"line":40,"column":17},"end":{"line":42,"column":5}},"line":40},"6":{"name":"(anonymous_6)","decl":{"start":{"line":43,"column":4},"end":{"line":43,"column":5}},"loc":{"start":{"line":43,"column":13},"end":{"line":45,"column":5}},"line":43},"7":{"name":"(anonymous_7)","decl":{"start":{"line":46,"column":4},"end":{"line":46,"column":5}},"loc":{"start":{"line":46,"column":13},"end":{"line":48,"column":5}},"line":46},"8":{"name":"(anonymous_8)","decl":{"start":{"line":49,"column":4},"end":{"line":49,"column":5}},"loc":{"start":{"line":49,"column":15},"end":{"line":51,"column":5}},"line":49},"9":{"name":"(anonymous_9)","decl":{"start":{"line":52,"column":4},"end":{"line":52,"column":5}},"loc":{"start":{"line":52,"column":14},"end":{"line":54,"column":5}},"line":52},"10":{"name":"(anonymous_10)","decl":{"start":{"line":55,"column":4},"end":{"line":55,"column":5}},"loc":{"start":{"line":55,"column":19},"end":{"line":57,"column":5}},"line":55},"11":{"name":"(anonymous_11)","decl":{"start":{"line":58,"column":4},"end":{"line":58,"column":5}},"loc":{"start":{"line":58,"column":14},"end":{"line":60,"column":5}},"line":58}},"branchMap":{},"s":{"0":1,"1":11283,"2":11283,"3":11283,"4":11283,"5":11283,"6":11283,"7":11283,"8":11283,"9":11283,"10":11283,"11":11283,"12":0,"13":0,"14":0,"15":0,"16":0,"17":0,"18":0,"19":0,"20":0,"21":0,"22":0,"23":1},"f":{"0":11283,"1":0,"2":0,"3":0,"4":0,"5":0,"6":0,"7":0,"8":0,"9":0,"10":0,"11":0},"b":{},"inputSourceMap":{"version":3,"file":"/Users/frank/IdeaProjects/c0_team328/src/controller/Room.ts","sources":["/Users/frank/IdeaProjects/c0_team328/src/controller/Room.ts"],"names":[],"mappings":";;AAAA,MAAqB,IAAI;IACP,QAAQ,CAAS;IACjB,SAAS,CAAS;IAClB,MAAM,CAAS;IACf,IAAI,CAAS;IACb,OAAO,CAAS;IAEhB,GAAG,CAAS;IACZ,GAAG,CAAS;IACZ,KAAK,CAAS;IAEd,IAAI,CAAS;IACb,SAAS,CAAS;IAClB,IAAI,CAAS;IAE9B,YACC,QAAgB,EAChB,SAAiB,EACjB,MAAc,EACd,IAAY,EACZ,OAAe,EACf,GAAW,EACX,GAAW,EACX,KAAa,EACb,IAAY,EACZ,SAAiB,EACjB,IAAY;QAEZ,IAAI,CAAC,QAAQ,GAAG,QAAQ,CAAC;QACzB,IAAI,CAAC,SAAS,GAAG,SAAS,CAAC;QAC3B,IAAI,CAAC,MAAM,GAAG,MAAM,CAAC;QACrB,IAAI,CAAC,IAAI,GAAG,IAAI,CAAC;QACjB,IAAI,CAAC,OAAO,GAAG,OAAO,CAAC;QACvB,IAAI,CAAC,GAAG,GAAG,GAAG,CAAC;QACf,IAAI,CAAC,GAAG,GAAG,GAAG,CAAC;QACf,IAAI,CAAC,KAAK,GAAG,KAAK,CAAC;QACnB,IAAI,CAAC,IAAI,GAAG,IAAI,CAAC;QACjB,IAAI,CAAC,SAAS,GAAG,SAAS,CAAC;QAC3B,IAAI,CAAC,IAAI,GAAG,IAAI,CAAC;IAClB,CAAC;IAEM,WAAW;QACjB,OAAO,IAAI,CAAC,QAAQ,CAAC;IACtB,CAAC;IAEM,YAAY;QAClB,OAAO,IAAI,CAAC,SAAS,CAAC;IACvB,CAAC;IAEM,SAAS;QACf,OAAO,IAAI,CAAC,MAAM,CAAC;IACpB,CAAC;IAEM,OAAO;QACb,OAAO,IAAI,CAAC,IAAI,CAAC;IAClB,CAAC;IAEM,UAAU;QAChB,OAAO,IAAI,CAAC,OAAO,CAAC;IACrB,CAAC;IAEM,MAAM;QACZ,OAAO,IAAI,CAAC,GAAG,CAAC;IACjB,CAAC;IAEM,MAAM;QACZ,OAAO,IAAI,CAAC,GAAG,CAAC;IACjB,CAAC;IAEM,QAAQ;QACd,OAAO,IAAI,CAAC,KAAK,CAAC;IACnB,CAAC;IAEM,OAAO;QACb,OAAO,IAAI,CAAC,IAAI,CAAC;IAClB,CAAC;IAEM,YAAY;QAClB,OAAO,IAAI,CAAC,SAAS,CAAC;IACvB,CAAC;IAEM,OAAO;QACb,OAAO,IAAI,CAAC,IAAI,CAAC;IAClB,CAAC;CAED;AArFD,uBAqFC","sourcesContent":["export default class Room {\n\tprivate readonly fullname: string;\n\tprivate readonly shortname: string;\n\tprivate readonly number: string;\n\tprivate readonly name: string;\n\tprivate readonly address: string;\n\n\tprivate readonly lat: number;\n\tprivate readonly lon: number;\n\tprivate readonly seats: number;\n\n\tprivate readonly type: string;\n\tprivate readonly furniture: string;\n\tprivate readonly href: string;\n\n\tconstructor (\n\t\tfullname: string,\n\t\tshortname: string,\n\t\tnumber: string,\n\t\tname: string,\n\t\taddress: string,\n\t\tlat: number,\n\t\tlon: number,\n\t\tseats: number,\n\t\ttype: string,\n\t\tfurniture: string,\n\t\thref: string\n\t) {\n\t\tthis.fullname = fullname;\n\t\tthis.shortname = shortname;\n\t\tthis.number = number;\n\t\tthis.name = name;\n\t\tthis.address = address;\n\t\tthis.lat = lat;\n\t\tthis.lon = lon;\n\t\tthis.seats = seats;\n\t\tthis.type = type;\n\t\tthis.furniture = furniture;\n\t\tthis.href = href;\n\t}\n\n\tpublic getFullName() {\n\t\treturn this.fullname;\n\t}\n\n\tpublic getShortName() {\n\t\treturn this.shortname;\n\t}\n\n\tpublic getNumber() {\n\t\treturn this.number;\n\t}\n\n\tpublic getName() {\n\t\treturn this.name;\n\t}\n\n\tpublic getAddress() {\n\t\treturn this.address;\n\t}\n\n\tpublic getLat() {\n\t\treturn this.lat;\n\t}\n\n\tpublic getLon() {\n\t\treturn this.lon;\n\t}\n\n\tpublic getSeats() {\n\t\treturn this.seats;\n\t}\n\n\tpublic getType() {\n\t\treturn this.type;\n\t}\n\n\tpublic getFurniture() {\n\t\treturn this.furniture;\n\t}\n\n\tpublic getHref() {\n\t\treturn this.href;\n\t}\n\n}\n"]},"_coverageSchema":"1a1c01bbd47fc00a2c39e90264f33305004495a9","hash":"d227635edb9937c03788d9514410df2db7e4d8de","contentHash":"5e0213cc7963a4f5bc9d3995e8c048820964a52473f12f271d3fe6bd5e00b3ed"},"/Users/frank/IdeaProjects/c0_team328/src/controller/ResultUtilities.ts":{"path":"/Users/frank/IdeaProjects/c0_team328/src/controller/ResultUtilities.ts","statementMap":{"0":{"start":{"line":2,"column":0},"end":{"line":2,"column":62}},"1":{"start":{"line":3,"column":25},"end":{"line":3,"column":52}},"2":{"start":{"line":6,"column":8},"end":{"line":11,"column":9}},"3":{"start":{"line":7,"column":12},"end":{"line":7,"column":34}},"4":{"start":{"line":10,"column":12},"end":{"line":10,"column":73}},"5":{"start":{"line":14,"column":26},"end":{"line":14,"column":45}},"6":{"start":{"line":15,"column":8},"end":{"line":17,"column":9}},"7":{"start":{"line":16,"column":12},"end":{"line":16,"column":19}},"8":{"start":{"line":18,"column":8},"end":{"line":18,"column":88}},"9":{"start":{"line":21,"column":26},"end":{"line":25,"column":10}},"10":{"start":{"line":22,"column":12},"end":{"line":24,"column":13}},"11":{"start":{"line":23,"column":16},"end":{"line":23,"column":28}},"12":{"start":{"line":26,"column":8},"end":{"line":26,"column":25}},"13":{"start":{"line":29,"column":21},"end":{"line":29,"column":59}},"14":{"start":{"line":30,"column":8},"end":{"line":36,"column":11}},"15":{"start":{"line":31,"column":27},"end":{"line":31,"column":29}},"16":{"start":{"line":32,"column":12},"end":{"line":34,"column":15}},"17":{"start":{"line":33,"column":16},"end":{"line":33,"column":50}},"18":{"start":{"line":35,"column":12},"end":{"line":35,"column":26}},"19":{"start":{"line":39,"column":8},"end":{"line":41,"column":9}},"20":{"start":{"line":40,"column":12},"end":{"line":40,"column":87}},"21":{"start":{"line":42,"column":8},"end":{"line":42,"column":22}},"22":{"start":{"line":45,"column":0},"end":{"line":45,"column":34}}},"fnMap":{"0":{"name":"(anonymous_0)","decl":{"start":{"line":5,"column":4},"end":{"line":5,"column":5}},"loc":{"start":{"line":5,"column":28},"end":{"line":12,"column":5}},"line":5},"1":{"name":"(anonymous_1)","decl":{"start":{"line":13,"column":4},"end":{"line":13,"column":5}},"loc":{"start":{"line":13,"column":26},"end":{"line":19,"column":5}},"line":13},"2":{"name":"(anonymous_2)","decl":{"start":{"line":20,"column":4},"end":{"line":20,"column":5}},"loc":{"start":{"line":20,"column":37},"end":{"line":27,"column":5}},"line":20},"3":{"name":"(anonymous_3)","decl":{"start":{"line":21,"column":41},"end":{"line":21,"column":42}},"loc":{"start":{"line":21,"column":59},"end":{"line":25,"column":9}},"line":21},"4":{"name":"(anonymous_4)","decl":{"start":{"line":28,"column":4},"end":{"line":28,"column":5}},"loc":{"start":{"line":28,"column":44},"end":{"line":37,"column":5}},"line":28},"5":{"name":"(anonymous_5)","decl":{"start":{"line":30,"column":26},"end":{"line":30,"column":27}},"loc":{"start":{"line":30,"column":35},"end":{"line":36,"column":9}},"line":30},"6":{"name":"(anonymous_6)","decl":{"start":{"line":32,"column":40},"end":{"line":32,"column":41}},"loc":{"start":{"line":32,"column":58},"end":{"line":34,"column":13}},"line":32},"7":{"name":"(anonymous_7)","decl":{"start":{"line":38,"column":4},"end":{"line":38,"column":5}},"loc":{"start":{"line":38,"column":30},"end":{"line":43,"column":5}},"line":38}},"branchMap":{"0":{"loc":{"start":{"line":15,"column":8},"end":{"line":17,"column":9}},"type":"if","locations":[{"start":{"line":15,"column":8},"end":{"line":17,"column":9}},{"start":{"line":15,"column":8},"end":{"line":17,"column":9}}],"line":15},"1":{"loc":{"start":{"line":15,"column":12},"end":{"line":15,"column":98}},"type":"binary-expr","locations":[{"start":{"line":15,"column":12},"end":{"line":15,"column":34}},{"start":{"line":15,"column":38},"end":{"line":15,"column":65}},{"start":{"line":15,"column":69},"end":{"line":15,"column":98}}],"line":15},"2":{"loc":{"start":{"line":22,"column":12},"end":{"line":24,"column":13}},"type":"if","locations":[{"start":{"line":22,"column":12},"end":{"line":24,"column":13}},{"start":{"line":22,"column":12},"end":{"line":24,"column":13}}],"line":22},"3":{"loc":{"start":{"line":39,"column":8},"end":{"line":41,"column":9}},"type":"if","locations":[{"start":{"line":39,"column":8},"end":{"line":41,"column":9}},{"start":{"line":39,"column":8},"end":{"line":41,"column":9}}],"line":39}},"s":{"0":1,"1":1,"2":118,"3":118,"4":0,"5":118,"6":118,"7":106,"8":12,"9":74,"10":4781288,"11":109307,"12":74,"13":52,"14":52,"15":34570,"16":34570,"17":89991,"18":34570,"19":74,"20":3,"21":71,"22":1},"f":{"0":118,"1":118,"2":74,"3":4781288,"4":52,"5":34570,"6":89991,"7":74},"b":{"0":[106,12],"1":[118,110,108],"2":[109307,4671981],"3":[3,71]},"inputSourceMap":{"version":3,"file":"/Users/frank/IdeaProjects/c0_team328/src/controller/ResultUtilities.ts","sources":["/Users/frank/IdeaProjects/c0_team328/src/controller/ResultUtilities.ts"],"names":[],"mappings":";;AAAA,qDAI0B;AAE1B,MAAqB,eAAe;IAE5B,gBAAgB,CAAC,KAAU;QACjC,IAAI,CAAC;YACJ,IAAI,CAAC,SAAS,CAAC,KAAK,CAAC,CAAC;QACvB,CAAC;QAAC,OAAO,KAAK,EAAE,CAAC;YAChB,MAAM,IAAI,6BAAY,CAAC,mBAAmB,CAAC,CAAC,CAAE,8BAA8B;QAC7E,CAAC;IACF,CAAC;IAEO,aAAa,CAAC,MAAW;QAChC,MAAM,SAAS,GAAG,MAAM,CAAC,IAAI,CAAC,MAAM,CAAC,CAAC;QACtC,IAAI,SAAS,CAAC,MAAM,KAAK,CAAC,IAAI,SAAS,CAAC,QAAQ,CAAC,OAAO,CAAC,IAAI,SAAS,CAAC,QAAQ,CAAC,SAAS,CAAC,EAAE,CAAC;YAC5F,OAAO;QACR,CAAC;QACD,MAAM,IAAI,6BAAY,CAAC,sCAAsC,CAAC,CAAC;IAChE,CAAC;IAEM,cAAc,CAAC,OAAkB,EAAE,OAAwB;QAGjE,MAAM,SAAS,GAAoB,OAAO,CAAC,MAAM,CAAC,CAAC,KAAK,EAAE,KAAK,EAAE,EAAE;YAClE,IAAI,OAAO,CAAC,KAAK,CAAC,EAAE,CAAC;gBACpB,OAAO,IAAI,CAAC;YACb,CAAC;QACF,CAAC,CAAC,CAAC;QACH,OAAO,SAAS,CAAC;IAClB,CAAC;IAEM,gBAAgB,CAAC,aAAkB,EAAE,MAAuB;QAClE,IAAI,MAAM,GAAW,aAAa,CAAC,gBAAgB,EAAE,GAAG,GAAG,CAAC;QAE5D,OAAO,MAAM,CAAC,GAAG,CAAC,CAAC,GAAG,EAAE,EAAE;YACzB,MAAM,MAAM,GAAkB,EAAE,CAAC;YACjC,MAAM,CAAC,OAAO,CAAC,GAAG,CAAC,CAAC,OAAO,CAAC,CAAC,CAAC,GAAG,EAAE,KAAK,CAAC,EAAE,EAAE;gBAC5C,MAAM,CAAC,GAAG,MAAM,GAAG,GAAG,EAAE,CAAC,GAAG,KAAK,CAAC;YACnC,CAAC,CAAC,CAAC;YACH,OAAO,MAAM,CAAC;QACf,CAAC,CAAC,CAAC;IACJ,CAAC;IAEM,iBAAiB,CAAC,MAAuB;QAC/C,IAAI,MAAM,CAAC,MAAM,GAAG,IAAI,EAAE,CAAC;YAC1B,MAAM,IAAI,oCAAmB,CAAC,0BAA0B,CAAC,CAAC;QAC3D,CAAC;QACD,OAAO,MAAM,CAAC;IACf,CAAC;CAED;AAhDD,kCAgDC","sourcesContent":["import {\n\tInsightError,\n\tInsightResult,\n\tResultTooLargeError,\n} from \"./IInsightFacade\";\n\nexport default class ResultUtilities {\n\n\tpublic checkIfValidJson(query: any): void {\n\t\ttry {\n\t\t\tJSON.stringify(query);\n\t\t} catch (error) {\n\t\t\tthrow new InsightError(\"Not a valid JSON.\");  // Not a string, can't be JSON\n\t\t}\n\t}\n\n\tpublic  checkBaseEbnf(queryS: any) {\n\t\tconst keysArray = Object.keys(queryS);\n\t\tif (keysArray.length === 2 && keysArray.includes(\"WHERE\") && keysArray.includes(\"OPTIONS\")) {\n\t\t\treturn;\n\t\t}\n\t\tthrow new InsightError(\"Invalid query! (No OPTIONS or WHERE)\");\n\t}\n\n\tpublic convertBoolean(boolArr: boolean[], dataset: InsightResult[]): InsightResult[] {\n\n\n\t\tconst converted: InsightResult[] = dataset.filter((value, index) => {\n\t\t\tif (boolArr[index]) {\n\t\t\t\treturn true;\n\t\t\t}\n\t\t});\n\t\treturn converted;\n\t}\n\n\tpublic compatibleFormat(queryOperator: any, result: InsightResult[]) {\n\t\tlet prefix: string = queryOperator.datasetToQueryId() + \"_\";\n\n\t\treturn result.map((obj) => {\n\t\t\tconst newObj: InsightResult = {};\n\t\t\tObject.entries(obj).forEach(([key, value]) => {\n\t\t\t\tnewObj[`${prefix}${key}`] = value;\n\t\t\t});\n\t\t\treturn newObj;\n\t\t});\n\t}\n\n\tpublic checkResultLength(result: InsightResult[]): InsightResult[] {\n\t\tif (result.length > 5000) {\n\t\t\tthrow new ResultTooLargeError(\"Result greater than 5000\");\n\t\t}\n\t\treturn result;\n\t}\n\n}\n"]},"_coverageSchema":"1a1c01bbd47fc00a2c39e90264f33305004495a9","hash":"3c78fbb9249cf33ad7af402754acf10146a29909","contentHash":"486af75d6499556e31ee39e8568e2014573347d916f7ec87b2a95933ea0d5f62"}}