{"/Users/frank/IdeaProjects/c0_team328/src/controller/InsightFacade.ts":{"path":"/Users/frank/IdeaProjects/c0_team328/src/controller/InsightFacade.ts","statementMap":{"0":{"start":{"line":2,"column":22},"end":{"line":12,"column":3}},"1":{"start":{"line":3,"column":4},"end":{"line":3,"column":33}},"2":{"start":{"line":3,"column":26},"end":{"line":3,"column":33}},"3":{"start":{"line":4,"column":15},"end":{"line":4,"column":52}},"4":{"start":{"line":5,"column":4},"end":{"line":7,"column":5}},"5":{"start":{"line":6,"column":6},"end":{"line":6,"column":68}},"6":{"start":{"line":6,"column":51},"end":{"line":6,"column":63}},"7":{"start":{"line":8,"column":4},"end":{"line":8,"column":39}},"8":{"start":{"line":10,"column":4},"end":{"line":10,"column":33}},"9":{"start":{"line":10,"column":26},"end":{"line":10,"column":33}},"10":{"start":{"line":11,"column":4},"end":{"line":11,"column":17}},"11":{"start":{"line":13,"column":25},"end":{"line":17,"column":2}},"12":{"start":{"line":14,"column":4},"end":{"line":14,"column":72}},"13":{"start":{"line":16,"column":4},"end":{"line":16,"column":21}},"14":{"start":{"line":18,"column":19},"end":{"line":24,"column":1}},"15":{"start":{"line":19,"column":4},"end":{"line":19,"column":42}},"16":{"start":{"line":19,"column":31},"end":{"line":19,"column":42}},"17":{"start":{"line":20,"column":17},"end":{"line":20,"column":19}},"18":{"start":{"line":21,"column":4},"end":{"line":21,"column":141}},"19":{"start":{"line":21,"column":21},"end":{"line":21,"column":141}},"20":{"start":{"line":21,"column":40},"end":{"line":21,"column":141}},"21":{"start":{"line":21,"column":109},"end":{"line":21,"column":141}},"22":{"start":{"line":22,"column":4},"end":{"line":22,"column":36}},"23":{"start":{"line":23,"column":4},"end":{"line":23,"column":18}},"24":{"start":{"line":25,"column":22},"end":{"line":27,"column":1}},"25":{"start":{"line":26,"column":4},"end":{"line":26,"column":62}},"26":{"start":{"line":28,"column":0},"end":{"line":28,"column":62}},"27":{"start":{"line":29,"column":16},"end":{"line":29,"column":49}},"28":{"start":{"line":30,"column":25},"end":{"line":30,"column":52}},"29":{"start":{"line":31,"column":11},"end":{"line":31,"column":38}},"30":{"start":{"line":32,"column":18},"end":{"line":32,"column":55}},"31":{"start":{"line":33,"column":24},"end":{"line":33,"column":67}},"32":{"start":{"line":34,"column":24},"end":{"line":34,"column":67}},"33":{"start":{"line":35,"column":24},"end":{"line":35,"column":67}},"34":{"start":{"line":36,"column":26},"end":{"line":36,"column":71}},"35":{"start":{"line":37,"column":28},"end":{"line":37,"column":75}},"36":{"start":{"line":38,"column":19},"end":{"line":38,"column":41}},"37":{"start":{"line":40,"column":25},"end":{"line":40,"column":27}},"38":{"start":{"line":41,"column":27},"end":{"line":41,"column":29}},"39":{"start":{"line":42,"column":10},"end":{"line":42,"column":18}},"40":{"start":{"line":43,"column":20},"end":{"line":43,"column":49}},"41":{"start":{"line":45,"column":8},"end":{"line":62,"column":11}},"42":{"start":{"line":47,"column":12},"end":{"line":49,"column":13}},"43":{"start":{"line":48,"column":16},"end":{"line":48,"column":39}},"44":{"start":{"line":51,"column":12},"end":{"line":54,"column":13}},"45":{"start":{"line":52,"column":16},"end":{"line":52,"column":76}},"46":{"start":{"line":53,"column":16},"end":{"line":53,"column":23}},"47":{"start":{"line":56,"column":12},"end":{"line":61,"column":13}},"48":{"start":{"line":57,"column":16},"end":{"line":57,"column":70}},"49":{"start":{"line":59,"column":17},"end":{"line":61,"column":13}},"50":{"start":{"line":60,"column":16},"end":{"line":60,"column":67}},"51":{"start":{"line":67,"column":8},"end":{"line":97,"column":11}},"52":{"start":{"line":69,"column":12},"end":{"line":71,"column":13}},"53":{"start":{"line":70,"column":16},"end":{"line":70,"column":81}},"54":{"start":{"line":73,"column":12},"end":{"line":73,"column":78}},"55":{"start":{"line":76,"column":33},"end":{"line":76,"column":56}},"56":{"start":{"line":77,"column":12},"end":{"line":77,"column":41}},"57":{"start":{"line":78,"column":12},"end":{"line":78,"column":78}},"58":{"start":{"line":82,"column":12},"end":{"line":82,"column":81}},"59":{"start":{"line":83,"column":12},"end":{"line":83,"column":88}},"60":{"start":{"line":85,"column":12},"end":{"line":88,"column":13}},"61":{"start":{"line":86,"column":16},"end":{"line":86,"column":87}},"62":{"start":{"line":87,"column":16},"end":{"line":87,"column":23}},"63":{"start":{"line":89,"column":12},"end":{"line":89,"column":88}},"64":{"start":{"line":90,"column":12},"end":{"line":90,"column":70}},"65":{"start":{"line":91,"column":12},"end":{"line":91,"column":57}},"66":{"start":{"line":92,"column":12},"end":{"line":92,"column":71}},"67":{"start":{"line":93,"column":12},"end":{"line":93,"column":47}},"68":{"start":{"line":96,"column":12},"end":{"line":96,"column":73}},"69":{"start":{"line":101,"column":8},"end":{"line":127,"column":11}},"70":{"start":{"line":103,"column":12},"end":{"line":105,"column":13}},"71":{"start":{"line":104,"column":16},"end":{"line":104,"column":81}},"72":{"start":{"line":107,"column":12},"end":{"line":107,"column":78}},"73":{"start":{"line":110,"column":33},"end":{"line":110,"column":56}},"74":{"start":{"line":111,"column":12},"end":{"line":111,"column":41}},"75":{"start":{"line":112,"column":12},"end":{"line":112,"column":81}},"76":{"start":{"line":114,"column":12},"end":{"line":114,"column":84}},"77":{"start":{"line":116,"column":12},"end":{"line":119,"column":13}},"78":{"start":{"line":117,"column":16},"end":{"line":117,"column":90}},"79":{"start":{"line":118,"column":16},"end":{"line":118,"column":23}},"80":{"start":{"line":120,"column":12},"end":{"line":120,"column":70}},"81":{"start":{"line":121,"column":12},"end":{"line":121,"column":57}},"82":{"start":{"line":122,"column":12},"end":{"line":122,"column":71}},"83":{"start":{"line":123,"column":12},"end":{"line":123,"column":47}},"84":{"start":{"line":126,"column":12},"end":{"line":126,"column":73}},"85":{"start":{"line":131,"column":8},"end":{"line":131,"column":36}},"86":{"start":{"line":134,"column":8},"end":{"line":161,"column":11}},"87":{"start":{"line":136,"column":12},"end":{"line":139,"column":13}},"88":{"start":{"line":137,"column":16},"end":{"line":137,"column":76}},"89":{"start":{"line":138,"column":16},"end":{"line":138,"column":23}},"90":{"start":{"line":141,"column":12},"end":{"line":160,"column":15}},"91":{"start":{"line":143,"column":16},"end":{"line":156,"column":17}},"92":{"start":{"line":144,"column":20},"end":{"line":144,"column":96}},"93":{"start":{"line":148,"column":20},"end":{"line":155,"column":23}},"94":{"start":{"line":149,"column":24},"end":{"line":154,"column":25}},"95":{"start":{"line":150,"column":28},"end":{"line":150,"column":97}},"96":{"start":{"line":153,"column":28},"end":{"line":153,"column":40}},"97":{"start":{"line":159,"column":16},"end":{"line":159,"column":30}},"98":{"start":{"line":164,"column":21},"end":{"line":164,"column":23}},"99":{"start":{"line":165,"column":8},"end":{"line":180,"column":11}},"100":{"start":{"line":167,"column":12},"end":{"line":179,"column":15}},"101":{"start":{"line":168,"column":16},"end":{"line":171,"column":17}},"102":{"start":{"line":169,"column":20},"end":{"line":169,"column":36}},"103":{"start":{"line":170,"column":20},"end":{"line":170,"column":27}},"104":{"start":{"line":173,"column":35},"end":{"line":173,"column":47}},"105":{"start":{"line":174,"column":16},"end":{"line":176,"column":17}},"106":{"start":{"line":175,"column":20},"end":{"line":175,"column":36}},"107":{"start":{"line":178,"column":16},"end":{"line":178,"column":87}},"108":{"start":{"line":185,"column":8},"end":{"line":221,"column":11}},"109":{"start":{"line":187,"column":12},"end":{"line":220,"column":15}},"110":{"start":{"line":188,"column":16},"end":{"line":190,"column":17}},"111":{"start":{"line":189,"column":20},"end":{"line":189,"column":89}},"112":{"start":{"line":192,"column":31},"end":{"line":192,"column":47}},"113":{"start":{"line":199,"column":16},"end":{"line":214,"column":17}},"114":{"start":{"line":200,"column":50},"end":{"line":204,"column":21}},"115":{"start":{"line":205,"column":20},"end":{"line":205,"column":55}},"116":{"start":{"line":208,"column":50},"end":{"line":212,"column":21}},"117":{"start":{"line":213,"column":20},"end":{"line":213,"column":55}},"118":{"start":{"line":216,"column":16},"end":{"line":216,"column":31}},"119":{"start":{"line":217,"column":16},"end":{"line":219,"column":17}},"120":{"start":{"line":218,"column":20},"end":{"line":218,"column":36}},"121":{"start":{"line":225,"column":8},"end":{"line":249,"column":11}},"122":{"start":{"line":226,"column":32},"end":{"line":226,"column":86}},"123":{"start":{"line":227,"column":32},"end":{"line":227,"column":74}},"124":{"start":{"line":228,"column":34},"end":{"line":228,"column":78}},"125":{"start":{"line":229,"column":36},"end":{"line":229,"column":82}},"126":{"start":{"line":230,"column":25},"end":{"line":230,"column":30}},"127":{"start":{"line":231,"column":12},"end":{"line":237,"column":13}},"128":{"start":{"line":232,"column":16},"end":{"line":232,"column":55}},"129":{"start":{"line":233,"column":16},"end":{"line":233,"column":52}},"130":{"start":{"line":236,"column":16},"end":{"line":236,"column":37}},"131":{"start":{"line":239,"column":12},"end":{"line":248,"column":15}},"132":{"start":{"line":240,"column":16},"end":{"line":240,"column":67}},"133":{"start":{"line":241,"column":16},"end":{"line":241,"column":65}},"134":{"start":{"line":242,"column":16},"end":{"line":242,"column":97}},"135":{"start":{"line":243,"column":16},"end":{"line":243,"column":79}},"136":{"start":{"line":244,"column":16},"end":{"line":244,"column":64}},"137":{"start":{"line":245,"column":16},"end":{"line":245,"column":39}},"138":{"start":{"line":247,"column":16},"end":{"line":247,"column":37}},"139":{"start":{"line":252,"column":0},"end":{"line":252,"column":32}}},"fnMap":{"0":{"name":"(anonymous_0)","decl":{"start":{"line":2,"column":74},"end":{"line":2,"column":75}},"loc":{"start":{"line":2,"column":96},"end":{"line":9,"column":1}},"line":2},"1":{"name":"(anonymous_1)","decl":{"start":{"line":6,"column":38},"end":{"line":6,"column":39}},"loc":{"start":{"line":6,"column":49},"end":{"line":6,"column":65}},"line":6},"2":{"name":"(anonymous_2)","decl":{"start":{"line":9,"column":6},"end":{"line":9,"column":7}},"loc":{"start":{"line":9,"column":28},"end":{"line":12,"column":1}},"line":9},"3":{"name":"(anonymous_3)","decl":{"start":{"line":13,"column":80},"end":{"line":13,"column":81}},"loc":{"start":{"line":13,"column":95},"end":{"line":15,"column":1}},"line":13},"4":{"name":"(anonymous_4)","decl":{"start":{"line":15,"column":5},"end":{"line":15,"column":6}},"loc":{"start":{"line":15,"column":20},"end":{"line":17,"column":1}},"line":15},"5":{"name":"(anonymous_5)","decl":{"start":{"line":18,"column":50},"end":{"line":18,"column":51}},"loc":{"start":{"line":18,"column":65},"end":{"line":24,"column":1}},"line":18},"6":{"name":"(anonymous_6)","decl":{"start":{"line":25,"column":56},"end":{"line":25,"column":57}},"loc":{"start":{"line":25,"column":71},"end":{"line":27,"column":1}},"line":25},"7":{"name":"(anonymous_7)","decl":{"start":{"line":44,"column":4},"end":{"line":44,"column":5}},"loc":{"start":{"line":44,"column":34},"end":{"line":63,"column":5}},"line":44},"8":{"name":"(anonymous_8)","decl":{"start":{"line":45,"column":27},"end":{"line":45,"column":28}},"loc":{"start":{"line":45,"column":48},"end":{"line":62,"column":9}},"line":45},"9":{"name":"(anonymous_9)","decl":{"start":{"line":65,"column":4},"end":{"line":65,"column":5}},"loc":{"start":{"line":65,"column":50},"end":{"line":98,"column":5}},"line":65},"10":{"name":"(anonymous_10)","decl":{"start":{"line":68,"column":18},"end":{"line":68,"column":19}},"loc":{"start":{"line":68,"column":36},"end":{"line":74,"column":9}},"line":68},"11":{"name":"(anonymous_11)","decl":{"start":{"line":75,"column":18},"end":{"line":75,"column":19}},"loc":{"start":{"line":75,"column":33},"end":{"line":94,"column":9}},"line":75},"12":{"name":"(anonymous_12)","decl":{"start":{"line":95,"column":19},"end":{"line":95,"column":20}},"loc":{"start":{"line":95,"column":30},"end":{"line":97,"column":9}},"line":95},"13":{"name":"(anonymous_13)","decl":{"start":{"line":99,"column":4},"end":{"line":99,"column":5}},"loc":{"start":{"line":99,"column":53},"end":{"line":128,"column":5}},"line":99},"14":{"name":"(anonymous_14)","decl":{"start":{"line":102,"column":18},"end":{"line":102,"column":19}},"loc":{"start":{"line":102,"column":36},"end":{"line":108,"column":9}},"line":102},"15":{"name":"(anonymous_15)","decl":{"start":{"line":109,"column":18},"end":{"line":109,"column":19}},"loc":{"start":{"line":109,"column":33},"end":{"line":124,"column":9}},"line":109},"16":{"name":"(anonymous_16)","decl":{"start":{"line":125,"column":19},"end":{"line":125,"column":20}},"loc":{"start":{"line":125,"column":30},"end":{"line":127,"column":9}},"line":125},"17":{"name":"(anonymous_17)","decl":{"start":{"line":130,"column":4},"end":{"line":130,"column":5}},"loc":{"start":{"line":130,"column":18},"end":{"line":132,"column":5}},"line":130},"18":{"name":"(anonymous_18)","decl":{"start":{"line":133,"column":4},"end":{"line":133,"column":5}},"loc":{"start":{"line":133,"column":22},"end":{"line":162,"column":5}},"line":133},"19":{"name":"(anonymous_19)","decl":{"start":{"line":134,"column":27},"end":{"line":134,"column":28}},"loc":{"start":{"line":134,"column":48},"end":{"line":161,"column":9}},"line":134},"20":{"name":"(anonymous_20)","decl":{"start":{"line":142,"column":22},"end":{"line":142,"column":23}},"loc":{"start":{"line":142,"column":40},"end":{"line":157,"column":13}},"line":142},"21":{"name":"(anonymous_21)","decl":{"start":{"line":148,"column":72},"end":{"line":148,"column":73}},"loc":{"start":{"line":148,"column":83},"end":{"line":155,"column":21}},"line":148},"22":{"name":"(anonymous_22)","decl":{"start":{"line":158,"column":23},"end":{"line":158,"column":24}},"loc":{"start":{"line":158,"column":34},"end":{"line":160,"column":13}},"line":158},"23":{"name":"(anonymous_23)","decl":{"start":{"line":163,"column":4},"end":{"line":163,"column":5}},"loc":{"start":{"line":163,"column":19},"end":{"line":181,"column":5}},"line":163},"24":{"name":"(anonymous_24)","decl":{"start":{"line":165,"column":27},"end":{"line":165,"column":28}},"loc":{"start":{"line":165,"column":48},"end":{"line":180,"column":9}},"line":165},"25":{"name":"(anonymous_25)","decl":{"start":{"line":167,"column":33},"end":{"line":167,"column":34}},"loc":{"start":{"line":167,"column":51},"end":{"line":179,"column":13}},"line":167},"26":{"name":"(anonymous_26)","decl":{"start":{"line":183,"column":4},"end":{"line":183,"column":5}},"loc":{"start":{"line":183,"column":70},"end":{"line":222,"column":5}},"line":183},"27":{"name":"(anonymous_27)","decl":{"start":{"line":185,"column":22},"end":{"line":185,"column":23}},"loc":{"start":{"line":185,"column":38},"end":{"line":221,"column":9}},"line":185},"28":{"name":"(anonymous_28)","decl":{"start":{"line":187,"column":76},"end":{"line":187,"column":77}},"loc":{"start":{"line":187,"column":91},"end":{"line":220,"column":13}},"line":187},"29":{"name":"(anonymous_29)","decl":{"start":{"line":224,"column":4},"end":{"line":224,"column":5}},"loc":{"start":{"line":224,"column":30},"end":{"line":250,"column":5}},"line":224},"30":{"name":"(anonymous_30)","decl":{"start":{"line":225,"column":27},"end":{"line":225,"column":28}},"loc":{"start":{"line":225,"column":48},"end":{"line":249,"column":9}},"line":225},"31":{"name":"(anonymous_31)","decl":{"start":{"line":239,"column":57},"end":{"line":239,"column":58}},"loc":{"start":{"line":239,"column":74},"end":{"line":246,"column":13}},"line":239},"32":{"name":"(anonymous_32)","decl":{"start":{"line":246,"column":21},"end":{"line":246,"column":22}},"loc":{"start":{"line":246,"column":32},"end":{"line":248,"column":13}},"line":246}},"branchMap":{"0":{"loc":{"start":{"line":2,"column":22},"end":{"line":12,"column":3}},"type":"binary-expr","locations":[{"start":{"line":2,"column":23},"end":{"line":2,"column":27}},{"start":{"line":2,"column":31},"end":{"line":2,"column":51}},{"start":{"line":2,"column":57},"end":{"line":12,"column":2}}],"line":2},"1":{"loc":{"start":{"line":2,"column":57},"end":{"line":12,"column":2}},"type":"cond-expr","locations":[{"start":{"line":2,"column":74},"end":{"line":9,"column":1}},{"start":{"line":9,"column":6},"end":{"line":12,"column":1}}],"line":2},"2":{"loc":{"start":{"line":3,"column":4},"end":{"line":3,"column":33}},"type":"if","locations":[{"start":{"line":3,"column":4},"end":{"line":3,"column":33}},{"start":{"line":3,"column":4},"end":{"line":3,"column":33}}],"line":3},"3":{"loc":{"start":{"line":5,"column":4},"end":{"line":7,"column":5}},"type":"if","locations":[{"start":{"line":5,"column":4},"end":{"line":7,"column":5}},{"start":{"line":5,"column":4},"end":{"line":7,"column":5}}],"line":5},"4":{"loc":{"start":{"line":5,"column":8},"end":{"line":5,"column":85}},"type":"binary-expr","locations":[{"start":{"line":5,"column":8},"end":{"line":5,"column":13}},{"start":{"line":5,"column":18},"end":{"line":5,"column":84}}],"line":5},"5":{"loc":{"start":{"line":5,"column":18},"end":{"line":5,"column":84}},"type":"cond-expr","locations":[{"start":{"line":5,"column":34},"end":{"line":5,"column":47}},{"start":{"line":5,"column":50},"end":{"line":5,"column":84}}],"line":5},"6":{"loc":{"start":{"line":5,"column":50},"end":{"line":5,"column":84}},"type":"binary-expr","locations":[{"start":{"line":5,"column":50},"end":{"line":5,"column":63}},{"start":{"line":5,"column":67},"end":{"line":5,"column":84}}],"line":5},"7":{"loc":{"start":{"line":10,"column":4},"end":{"line":10,"column":33}},"type":"if","locations":[{"start":{"line":10,"column":4},"end":{"line":10,"column":33}},{"start":{"line":10,"column":4},"end":{"line":10,"column":33}}],"line":10},"8":{"loc":{"start":{"line":13,"column":25},"end":{"line":17,"column":2}},"type":"binary-expr","locations":[{"start":{"line":13,"column":26},"end":{"line":13,"column":30}},{"start":{"line":13,"column":34},"end":{"line":13,"column":57}},{"start":{"line":13,"column":63},"end":{"line":17,"column":1}}],"line":13},"9":{"loc":{"start":{"line":13,"column":63},"end":{"line":17,"column":1}},"type":"cond-expr","locations":[{"start":{"line":13,"column":80},"end":{"line":15,"column":1}},{"start":{"line":15,"column":5},"end":{"line":17,"column":1}}],"line":13},"10":{"loc":{"start":{"line":18,"column":19},"end":{"line":24,"column":1}},"type":"binary-expr","locations":[{"start":{"line":18,"column":20},"end":{"line":18,"column":24}},{"start":{"line":18,"column":28},"end":{"line":18,"column":45}},{"start":{"line":18,"column":50},"end":{"line":24,"column":1}}],"line":18},"11":{"loc":{"start":{"line":19,"column":4},"end":{"line":19,"column":42}},"type":"if","locations":[{"start":{"line":19,"column":4},"end":{"line":19,"column":42}},{"start":{"line":19,"column":4},"end":{"line":19,"column":42}}],"line":19},"12":{"loc":{"start":{"line":19,"column":8},"end":{"line":19,"column":29}},"type":"binary-expr","locations":[{"start":{"line":19,"column":8},"end":{"line":19,"column":11}},{"start":{"line":19,"column":15},"end":{"line":19,"column":29}}],"line":19},"13":{"loc":{"start":{"line":21,"column":4},"end":{"line":21,"column":141}},"type":"if","locations":[{"start":{"line":21,"column":4},"end":{"line":21,"column":141}},{"start":{"line":21,"column":4},"end":{"line":21,"column":141}}],"line":21},"14":{"loc":{"start":{"line":21,"column":40},"end":{"line":21,"column":141}},"type":"if","locations":[{"start":{"line":21,"column":40},"end":{"line":21,"column":141}},{"start":{"line":21,"column":40},"end":{"line":21,"column":141}}],"line":21},"15":{"loc":{"start":{"line":21,"column":44},"end":{"line":21,"column":107}},"type":"binary-expr","locations":[{"start":{"line":21,"column":44},"end":{"line":21,"column":59}},{"start":{"line":21,"column":63},"end":{"line":21,"column":107}}],"line":21},"16":{"loc":{"start":{"line":25,"column":22},"end":{"line":27,"column":1}},"type":"binary-expr","locations":[{"start":{"line":25,"column":23},"end":{"line":25,"column":27}},{"start":{"line":25,"column":31},"end":{"line":25,"column":51}},{"start":{"line":25,"column":56},"end":{"line":27,"column":1}}],"line":25},"17":{"loc":{"start":{"line":26,"column":11},"end":{"line":26,"column":61}},"type":"cond-expr","locations":[{"start":{"line":26,"column":37},"end":{"line":26,"column":40}},{"start":{"line":26,"column":43},"end":{"line":26,"column":61}}],"line":26},"18":{"loc":{"start":{"line":26,"column":12},"end":{"line":26,"column":33}},"type":"binary-expr","locations":[{"start":{"line":26,"column":12},"end":{"line":26,"column":15}},{"start":{"line":26,"column":19},"end":{"line":26,"column":33}}],"line":26},"19":{"loc":{"start":{"line":47,"column":12},"end":{"line":49,"column":13}},"type":"if","locations":[{"start":{"line":47,"column":12},"end":{"line":49,"column":13}},{"start":{"line":47,"column":12},"end":{"line":49,"column":13}}],"line":47},"20":{"loc":{"start":{"line":51,"column":12},"end":{"line":54,"column":13}},"type":"if","locations":[{"start":{"line":51,"column":12},"end":{"line":54,"column":13}},{"start":{"line":51,"column":12},"end":{"line":54,"column":13}}],"line":51},"21":{"loc":{"start":{"line":56,"column":12},"end":{"line":61,"column":13}},"type":"if","locations":[{"start":{"line":56,"column":12},"end":{"line":61,"column":13}},{"start":{"line":56,"column":12},"end":{"line":61,"column":13}}],"line":56},"22":{"loc":{"start":{"line":59,"column":17},"end":{"line":61,"column":13}},"type":"if","locations":[{"start":{"line":59,"column":17},"end":{"line":61,"column":13}},{"start":{"line":59,"column":17},"end":{"line":61,"column":13}}],"line":59},"23":{"loc":{"start":{"line":69,"column":12},"end":{"line":71,"column":13}},"type":"if","locations":[{"start":{"line":69,"column":12},"end":{"line":71,"column":13}},{"start":{"line":69,"column":12},"end":{"line":71,"column":13}}],"line":69},"24":{"loc":{"start":{"line":69,"column":16},"end":{"line":69,"column":64}},"type":"binary-expr","locations":[{"start":{"line":69,"column":16},"end":{"line":69,"column":22}},{"start":{"line":69,"column":26},"end":{"line":69,"column":64}}],"line":69},"25":{"loc":{"start":{"line":85,"column":12},"end":{"line":88,"column":13}},"type":"if","locations":[{"start":{"line":85,"column":12},"end":{"line":88,"column":13}},{"start":{"line":85,"column":12},"end":{"line":88,"column":13}}],"line":85},"26":{"loc":{"start":{"line":103,"column":12},"end":{"line":105,"column":13}},"type":"if","locations":[{"start":{"line":103,"column":12},"end":{"line":105,"column":13}},{"start":{"line":103,"column":12},"end":{"line":105,"column":13}}],"line":103},"27":{"loc":{"start":{"line":103,"column":16},"end":{"line":103,"column":64}},"type":"binary-expr","locations":[{"start":{"line":103,"column":16},"end":{"line":103,"column":22}},{"start":{"line":103,"column":26},"end":{"line":103,"column":64}}],"line":103},"28":{"loc":{"start":{"line":116,"column":12},"end":{"line":119,"column":13}},"type":"if","locations":[{"start":{"line":116,"column":12},"end":{"line":119,"column":13}},{"start":{"line":116,"column":12},"end":{"line":119,"column":13}}],"line":116},"29":{"loc":{"start":{"line":136,"column":12},"end":{"line":139,"column":13}},"type":"if","locations":[{"start":{"line":136,"column":12},"end":{"line":139,"column":13}},{"start":{"line":136,"column":12},"end":{"line":139,"column":13}}],"line":136},"30":{"loc":{"start":{"line":143,"column":16},"end":{"line":156,"column":17}},"type":"if","locations":[{"start":{"line":143,"column":16},"end":{"line":156,"column":17}},{"start":{"line":143,"column":16},"end":{"line":156,"column":17}}],"line":143},"31":{"loc":{"start":{"line":149,"column":24},"end":{"line":154,"column":25}},"type":"if","locations":[{"start":{"line":149,"column":24},"end":{"line":154,"column":25}},{"start":{"line":149,"column":24},"end":{"line":154,"column":25}}],"line":149},"32":{"loc":{"start":{"line":168,"column":16},"end":{"line":171,"column":17}},"type":"if","locations":[{"start":{"line":168,"column":16},"end":{"line":171,"column":17}},{"start":{"line":168,"column":16},"end":{"line":171,"column":17}}],"line":168},"33":{"loc":{"start":{"line":174,"column":16},"end":{"line":176,"column":17}},"type":"if","locations":[{"start":{"line":174,"column":16},"end":{"line":176,"column":17}},{"start":{"line":174,"column":16},"end":{"line":176,"column":17}}],"line":174},"34":{"loc":{"start":{"line":188,"column":16},"end":{"line":190,"column":17}},"type":"if","locations":[{"start":{"line":188,"column":16},"end":{"line":190,"column":17}},{"start":{"line":188,"column":16},"end":{"line":190,"column":17}}],"line":188},"35":{"loc":{"start":{"line":199,"column":16},"end":{"line":214,"column":17}},"type":"if","locations":[{"start":{"line":199,"column":16},"end":{"line":214,"column":17}},{"start":{"line":199,"column":16},"end":{"line":214,"column":17}}],"line":199},"36":{"loc":{"start":{"line":217,"column":16},"end":{"line":219,"column":17}},"type":"if","locations":[{"start":{"line":217,"column":16},"end":{"line":219,"column":17}},{"start":{"line":217,"column":16},"end":{"line":219,"column":17}}],"line":217}},"s":{"0":1,"1":103,"2":103,"3":103,"4":103,"5":98,"6":451,"7":103,"8":0,"9":0,"10":0,"11":1,"12":1,"13":0,"14":1,"15":1,"16":0,"17":1,"18":1,"19":1,"20":103,"21":103,"22":1,"23":1,"24":1,"25":7,"26":1,"27":1,"28":1,"29":1,"30":1,"31":1,"32":1,"33":1,"34":1,"35":1,"36":1,"37":267,"38":267,"39":267,"40":267,"41":269,"42":269,"43":158,"44":269,"45":5,"46":5,"47":264,"48":228,"49":36,"50":36,"51":36,"52":36,"53":0,"54":36,"55":36,"56":36,"57":36,"58":36,"59":36,"60":36,"61":5,"62":5,"63":31,"64":31,"65":31,"66":31,"67":31,"68":0,"69":228,"70":228,"71":102,"72":126,"73":124,"74":124,"75":124,"76":124,"77":123,"78":3,"79":3,"80":120,"81":120,"82":120,"83":120,"84":105,"85":284,"86":15,"87":15,"88":5,"89":5,"90":10,"91":10,"92":2,"93":8,"94":8,"95":0,"96":8,"97":2,"98":7,"99":7,"100":7,"101":7,"102":1,"103":1,"104":6,"105":6,"106":0,"107":6,"108":6,"109":9,"110":9,"111":0,"112":9,"113":9,"114":5,"115":5,"116":4,"117":4,"118":9,"119":9,"120":6,"121":72,"122":72,"123":72,"124":72,"125":72,"126":72,"127":72,"128":72,"129":72,"130":12,"131":60,"132":26,"133":26,"134":23,"135":2,"136":2,"137":2,"138":58,"139":1},"f":{"0":103,"1":451,"2":0,"3":1,"4":0,"5":1,"6":7,"7":269,"8":269,"9":36,"10":36,"11":36,"12":0,"13":228,"14":228,"15":124,"16":105,"17":284,"18":15,"19":15,"20":10,"21":8,"22":2,"23":7,"24":7,"25":7,"26":6,"27":9,"28":9,"29":72,"30":72,"31":26,"32":58},"b":{"0":[1,1,1],"1":[1,0],"2":[103,0],"3":[98,5],"4":[103,103],"5":[5,98],"6":[98,5],"7":[0,0],"8":[1,1,1],"9":[1,0],"10":[1,1,1],"11":[0,1],"12":[1,1],"13":[1,0],"14":[103,0],"15":[103,103],"16":[1,1,1],"17":[6,1],"18":[7,7],"19":[158,111],"20":[5,264],"21":[228,36],"22":[36,0],"23":[0,36],"24":[36,36],"25":[5,31],"26":[102,126],"27":[228,126],"28":[3,120],"29":[5,10],"30":[2,8],"31":[0,8],"32":[1,6],"33":[0,6],"34":[0,9],"35":[5,4],"36":[6,3]},"inputSourceMap":{"version":3,"file":"/Users/frank/IdeaProjects/c0_team328/src/controller/InsightFacade.ts","sources":["/Users/frank/IdeaProjects/c0_team328/src/controller/InsightFacade.ts"],"names":[],"mappings":";;;;;;;;;;;;;;;;;;;;;;;;;;;;AAAA,kDAA0B;AAC1B,qDAQ0B;AAC1B,uCAAyB;AAGzB,wDAAgC;AAChC,oEAA4C;AAC5C,oEAA4C;AAC5C,oEAA4C;AAC5C,wEAAgD;AAChD,4EAAoD;AAEpD,MAAM,UAAU,GAAG,OAAO,CAAC,IAAI,CAAC,CAAC,QAAQ,CAAC;AAE1C,MAAqB,aAAa;IACzB,kBAAkB,GAAc,EAAE,CAAC;IACnC,oBAAoB,GAAa,EAAE,CAAC;IACpC,GAAG,GAAG,QAAQ,CAAC;IACf,aAAa,GAAG,IAAI,uBAAa,EAAE,CAAC;IAGrC,UAAU,CAAC,EAAU,EAAE,OAAe,EAAE,IAAwB;QAEtE,OAAO,IAAI,OAAO,CAAa,CAAC,OAAO,EAAE,MAAM,EAAE,EAAE;YAClD,+BAA+B;YAC/B,IAAI,CAAC,EAAE,CAAC,UAAU,CAAC,IAAI,CAAC,GAAG,CAAC,EAAC,CAAC;gBAC7B,EAAE,CAAC,SAAS,CAAC,IAAI,CAAC,GAAG,CAAC,CAAC;YACxB,CAAC;YAED,2BAA2B;YAC3B,IAAI,CAAC,IAAI,CAAC,SAAS,CAAC,EAAE,CAAC,EAAE,CAAC;gBACzB,MAAM,CAAC,IAAI,6BAAY,CAAC,gBAAgB,CAAC,CAAC,CAAC;gBAC3C,OAAO;YACR,CAAC;YAED,8CAA8C;YAC9C,IAAI,IAAI,KAAK,mCAAkB,CAAC,QAAQ,EAAE,CAAC;gBAC1C,IAAI,CAAC,kBAAkB,CAAC,EAAE,EAAE,OAAO,EAAE,MAAM,EAAE,OAAO,CAAC,CAAC;YACvD,CAAC;iBAAM,IAAI,IAAI,KAAK,mCAAkB,CAAC,KAAK,EAAE,CAAC;gBAC9C,IAAI,CAAC,eAAe,CAAC,EAAE,EAAE,OAAO,EAAE,MAAM,EAAE,OAAO,CAAC,CAAC;YACpD,CAAC;QACF,CAAC,CAAC,CAAC;IACJ,CAAC;IAED,mHAAmH;IAC3G,eAAe,CAAC,EAAU,EACjC,OAAe,EACf,MAA8B,EAC9B,OAA4D;QAE5D,mCAAmC;QACnC,IAAI,CAAC,aAAa,CAAC,iBAAiB,CAAC,EAAE,CAAC;aACtC,IAAI,CAAC,KAAK,EAAE,MAAM,EAAE,EAAE;YACtB,IAAI,MAAM,IAAI,IAAI,CAAC,oBAAoB,CAAC,QAAQ,CAAC,EAAE,CAAC,EAAE,CAAC;gBACtD,MAAM,IAAI,6BAAY,CAAC,uBAAuB,CAAC,CAAC;YACjD,CAAC;YAED,0DAA0D;YAC1D,OAAO,MAAM,eAAK,CAAC,SAAS,CAAC,OAAO,EAAE,EAAC,MAAM,EAAE,IAAI,EAAC,CAAC,CAAC;QACvD,CAAC,CAAC;aACD,IAAI,CAAC,KAAK,EAAE,GAAU,EAAE,EAAE;YAC1B,IAAI,cAAc,GAAG,IAAI,iBAAO,EAAE,CAAC;YACnC,cAAc,CAAC,SAAS,CAAC,EAAE,CAAC,CAAC;YAC7B,cAAc,CAAC,OAAO,CAAC,mCAAkB,CAAC,KAAK,CAAC,CAAC;YACjD,oCAAoC;YAEpC,gDAAgD;YACpD,wHAAwH;YACpH,MAAM,IAAI,CAAC,aAAa,CAAC,cAAc,CAAC,GAAG,EAAE,MAAM,EAAE,cAAc,CAAC,CAAC;YAErE,OAAO,CAAC,GAAG,CAAC,sBAAsB,GAAG,cAAc,CAAC,aAAa,EAAE,CAAC,MAAM,CAAC,CAAC;YAC5E,wCAAwC;YACxC,IAAI,CAAC,cAAc,CAAC,WAAW,EAAE,EAAE,CAAC;gBACnC,MAAM,CAAC,IAAI,6BAAY,CAAC,2BAA2B,CAAC,CAAC,CAAC;gBACtD,OAAO;YACR,CAAC;YACD,OAAO,CAAC,GAAG,CAAC,sBAAsB,GAAG,cAAc,CAAC,aAAa,EAAE,CAAC,MAAM,CAAC,CAAC;YAE5E,MAAM,IAAI,CAAC,aAAa,CAAC,gBAAgB,CAAC,cAAc,CAAC,CAAC;YAC1D,IAAI,CAAC,kBAAkB,CAAC,IAAI,CAAC,cAAc,CAAC,CAAC;YAE7C,IAAI,CAAC,oBAAoB,CAAC,IAAI,CAAC,cAAc,CAAC,SAAS,EAAE,CAAC,CAAC;YAC3D,OAAO,CAAC,IAAI,CAAC,oBAAoB,CAAC,CAAC;QACpC,CAAC,CAAC;aACD,KAAK,CAAC,CAAC,KAAU,EAAE,EAAE;YACrB,MAAM,CAAC,IAAI,6BAAY,CAAC,iBAAiB,CAAC,CAAC,CAAC;QAC7C,CAAC,CAAC,CAAC;IACL,CAAC;IAEO,kBAAkB,CAAC,EAAU,EACpC,OAAe,EACf,MAA8B,EAC9B,OAA4D;QAE5D,mCAAmC;QACnC,IAAI,CAAC,aAAa,CAAC,iBAAiB,CAAC,EAAE,CAAC;aACtC,IAAI,CAAC,KAAK,EAAE,MAAM,EAAE,EAAE;YACtB,IAAI,MAAM,IAAI,IAAI,CAAC,oBAAoB,CAAC,QAAQ,CAAC,EAAE,CAAC,EAAE,CAAC;gBACtD,MAAM,IAAI,6BAAY,CAAC,uBAAuB,CAAC,CAAC;YACjD,CAAC;YAED,0DAA0D;YAC1D,OAAO,MAAM,eAAK,CAAC,SAAS,CAAC,OAAO,EAAE,EAAC,MAAM,EAAE,IAAI,EAAC,CAAC,CAAC;QACvD,CAAC,CAAC;aACD,IAAI,CAAC,KAAK,EAAE,GAAU,EAAE,EAAE;YAC1B,IAAI,cAAc,GAAG,IAAI,iBAAO,EAAE,CAAC;YACnC,cAAc,CAAC,SAAS,CAAC,EAAE,CAAC,CAAC;YAC7B,cAAc,CAAC,OAAO,CAAC,mCAAkB,CAAC,QAAQ,CAAC,CAAC;YACpD,gDAAgD;YAChD,MAAM,IAAI,CAAC,aAAa,CAAC,iBAAiB,CAAC,GAAG,EAAE,MAAM,EAAE,cAAc,CAAC,CAAC;YAExE,wCAAwC;YACxC,IAAI,CAAC,cAAc,CAAC,WAAW,EAAE,EAAE,CAAC;gBACnC,MAAM,CAAC,IAAI,6BAAY,CAAC,8BAA8B,CAAC,CAAC,CAAC;gBACzD,OAAO;YACR,CAAC;YAED,MAAM,IAAI,CAAC,aAAa,CAAC,gBAAgB,CAAC,cAAc,CAAC,CAAC;YAC1D,IAAI,CAAC,kBAAkB,CAAC,IAAI,CAAC,cAAc,CAAC,CAAC;YAE7C,IAAI,CAAC,oBAAoB,CAAC,IAAI,CAAC,cAAc,CAAC,SAAS,EAAE,CAAC,CAAC;YAC3D,OAAO,CAAC,IAAI,CAAC,oBAAoB,CAAC,CAAC;QACpC,CAAC,CAAC;aACD,KAAK,CAAC,CAAC,KAAU,EAAE,EAAE;YACrB,MAAM,CAAC,IAAI,6BAAY,CAAC,iBAAiB,CAAC,CAAC,CAAC;QAC7C,CAAC,CAAC,CAAC;IACL,CAAC;IAEF,iCAAiC;IACxB,SAAS,CAAC,EAAU;QAC3B,OAAO,WAAW,CAAC,IAAI,CAAC,EAAE,CAAC,CAAC;IAC7B,CAAC;IAEM,aAAa,CAAC,EAAU;QAC9B,OAAO,IAAI,OAAO,CAAU,CAAC,OAAO,EAAE,MAAM,EAAE,EAAE;YAC/C,2BAA2B;YAC3B,IAAI,CAAC,IAAI,CAAC,SAAS,CAAC,EAAE,CAAC,EAAE,CAAC;gBACzB,MAAM,CAAC,IAAI,6BAAY,CAAC,gBAAgB,CAAC,CAAC,CAAC;gBAC3C,OAAO;YACR,CAAC;YAED,0BAA0B;YAC1B,IAAI,CAAC,aAAa,CAAC,iBAAiB,CAAC,EAAE,CAAC;iBACtC,IAAI,CAAC,KAAK,EAAE,MAAM,EAAE,EAAE;gBACtB,IAAI,CAAC,MAAM,EAAE,CAAC;oBACb,MAAM,IAAI,8BAAa,CAAC,iCAAiC,CAAC,CAAC;gBAC5D,CAAC;qBAAM,CAAC;oBACP,gCAAgC;oBAChC,EAAE,CAAC,MAAM,CAAC,IAAI,CAAC,aAAa,CAAC,iBAAiB,CAAC,EAAE,CAAC,EAAE,CAAC,KAAK,EAAE,EAAE;wBAC7D,IAAI,KAAK,EAAE,CAAC;4BACX,MAAM,IAAI,6BAAY,CAAC,2BAA2B,CAAC,CAAC;wBACrD,CAAC;6BAAM,CAAC;4BACP,OAAO,CAAC,EAAE,CAAC,CAAC;wBACb,CAAC;oBACF,CAAC,CAAC,CAAC;gBACJ,CAAC;YACF,CAAC,CAAC;iBACD,KAAK,CAAC,CAAC,KAAK,EAAE,EAAE;gBAChB,MAAM,CAAC,KAAK,CAAC,CAAC;YACf,CAAC,CAAC,CAAC;QACL,CAAC,CAAC,CAAC;IACJ,CAAC;IAGM,YAAY;QAClB,IAAI,MAAM,GAAqB,EAAE,CAAC;QAElC,OAAO,IAAI,OAAO,CAAoB,CAAC,OAAO,EAAE,MAAM,EAAE,EAAE;YACzD,qBAAqB;YACrB,EAAE,CAAC,OAAO,CAAC,IAAI,CAAC,GAAG,EAAG,CAAC,KAAK,EAAE,KAAK,EAAE,EAAE;gBACtC,IAAI,KAAK,EAAE,CAAC;oBACX,OAAO,CAAC,MAAM,CAAC,CAAC;oBAChB,OAAO;gBACR,CAAC;gBAED,8FAA8F;gBAC9F,IAAI,YAAY,GAAG,KAAK,CAAC,MAAM,CAAC;gBAChC,IAAI,YAAY,KAAK,CAAC,EAAE,CAAC;oBACxB,OAAO,CAAC,MAAM,CAAC,CAAC;gBACjB,CAAC;gBAED,yCAAyC;gBACzC,IAAI,CAAC,mBAAmB,CAAC,KAAK,EAAE,MAAM,EAAE,MAAM,EAAE,YAAY,EAAE,OAAO,CAAC,CAAC;YACxE,CAAC,CAAC,CAAC;QACJ,CAAC,CAAC,CAAC;IAEJ,CAAC;IAED,6FAA6F;IACrF,mBAAmB,CAAC,KAAe,EAC1C,MAA8B,EAC9B,MAAwB,EACxB,YAAoB,EACpB,OAA4E;QAE5E,wCAAwC;QACxC,KAAK,CAAC,OAAO,CAAC,KAAK,EAAE,IAAI,EAAE,EAAE;YAC5B,gBAAgB;YAChB,EAAE,CAAC,QAAQ,CAAC,IAAI,CAAC,aAAa,CAAC,iBAAiB,CAAC,IAAI,CAAC,EAAE,MAAM,EAAE,CAAC,GAAG,EAAE,IAAI,EAAE,EAAE;gBAC7E,IAAI,GAAG,EAAE,CAAC;oBACT,MAAM,CAAC,IAAI,6BAAY,CAAC,yBAAyB,CAAC,CAAC,CAAC;gBACrD,CAAC;gBAED,sEAAsE;gBACtE,MAAM,MAAM,GAAG,IAAI,CAAC,KAAK,CAAC,IAAI,CAAC,CAAC;gBAChC,kDAAkD;gBAClD,sBAAsB;gBACtB,sCAAsC;gBACtC,wCAAwC;gBACxC,KAAK;gBACL,kCAAkC;gBAElC,IAAI,MAAM,CAAC,IAAI,KAAK,UAAU,EAAE,CAAC;oBAChC,MAAM,qBAAqB,GAAmB;wBAC7C,EAAE,EAAE,MAAM,CAAC,MAAM;wBACjB,IAAI,EAAE,mCAAkB,CAAC,QAAQ;wBACjC,OAAO,EAAE,MAAM,CAAC,aAAa,CAAC,MAAM;qBACpC,CAAC;oBACF,MAAM,CAAC,IAAI,CAAC,qBAAqB,CAAC,CAAC;gBACpC,CAAC;qBAAM,CAAC;oBACP,MAAM,qBAAqB,GAAmB;wBAC7C,EAAE,EAAE,MAAM,CAAC,MAAM;wBACjB,IAAI,EAAE,mCAAkB,CAAC,KAAK;wBAC9B,OAAO,EAAE,MAAM,CAAC,UAAU,CAAC,MAAM;qBACjC,CAAC;oBACF,MAAM,CAAC,IAAI,CAAC,qBAAqB,CAAC,CAAC;gBACpC,CAAC;gBAGD,qCAAqC;gBACrC,YAAY,EAAE,CAAC;gBAEf,IAAI,YAAY,KAAK,CAAC,EAAE,CAAC;oBACxB,OAAO,CAAC,MAAM,CAAC,CAAC;gBACjB,CAAC;YACF,CAAC,CAAC,CAAC;QACJ,CAAC,CAAC,CAAC;IACJ,CAAC;IAED,qGAAqG;IAC9F,KAAK,CAAC,YAAY,CAAC,KAAc;QAEvC,OAAO,IAAI,OAAO,CAAmB,CAAC,OAAO,EAAE,MAAM,EAAE,EAAE;YACxD,IAAI,aAAa,GAAG,IAAI,uBAAa,CAAC,IAAI,CAAC,oBAAoB,CAAC,CAAC;YACjE,IAAI,aAAa,GAAG,IAAI,uBAAa,CAAC,aAAa,CAAC,CAAC;YACrD,IAAI,eAAe,GAAoB,IAAI,yBAAe,CAAC,aAAa,CAAC,CAAC;YAC1E,IAAI,iBAAiB,GAAsB,IAAI,2BAAiB,CAAC,aAAa,CAAC,CAAC;YAChF,IAAI,MAAM,GAAQ,KAAK,CAAC;YACxB,IAAI,CAAC;gBACJ,aAAa,CAAC,gBAAgB,CAAC,MAAM,CAAC,CAAC;gBACvC,aAAa,CAAC,aAAa,CAAC,MAAM,CAAC,CAAC;YACrC,CAAC;YAAC,OAAO,KAAK,EAAE,CAAC;gBAChB,OAAO,MAAM,CAAC,KAAK,CAAC,CAAC;YACtB,CAAC;YAED,IAAI,MAAuB,CAAC;YAE5B,aAAa,CAAC,WAAW,CAAC,MAAM,CAAC,KAAK,CAAC,CAAC,IAAI,CAAE,CAAC,WAAW,EAAE,EAAE;gBAC7D,MAAM,GAAG,aAAa,CAAC,cAAc,CAAC,WAAW,CAAC,CAAC;gBACnD,MAAM,GAAG,aAAa,CAAC,iBAAiB,CAAC,MAAM,CAAC,CAAC;gBACjD,MAAM,GAAG,iBAAiB,CAAC,qBAAqB,CAAC,MAAM,CAAC,eAAe,EAAE,MAAM,CAAC,CAAC;gBACjF,MAAM,GAAG,eAAe,CAAC,aAAa,CAAC,MAAM,CAAC,OAAO,EAAE,MAAM,CAAC,CAAC;gBAC/D,MAAM,GAAG,aAAa,CAAC,gBAAgB,CAAC,MAAM,CAAC,CAAC;gBAEhD,OAAO,OAAO,CAAC,MAAM,CAAC,CAAC;YACxB,CAAC,CAAC,CAAC,KAAK,CAAC,CAAC,KAAK,EAAE,EAAE;gBAClB,OAAO,MAAM,CAAC,KAAK,CAAC,CAAC,CAAA,oCAAoC;YAC1D,CAAC,CAAC,CAAC;QAEJ,CAAC,CAAC,CAAC;IACJ,CAAC;CACD;AAjQD,gCAiQC","sourcesContent":["import JSZip from \"jszip\";\nimport {\n\tIInsightFacade,\n\tInsightDataset,\n\tInsightDatasetKind,\n\tInsightError,\n\tInsightResult,\n\tNotFoundError,\n\tResultTooLargeError\n} from \"./IInsightFacade\";\nimport * as fs from \"fs\";\nimport path from \"node:path\";\nimport Section from \"./Section\";\nimport Dataset from \"./Dataset\";\nimport QueryOperator from \"./QueryOperator\";\nimport HandleDataset from \"./HandleDataset\";\nimport WhereOperator from \"./WhereOperator\";\nimport OptionsOperator from \"./OptionsOperator\";\nimport TransformOperator from \"./TransformOperator\";\n\nconst fsPromises = require(\"fs\").promises;\n\nexport default class InsightFacade implements IInsightFacade {\n\tprivate datasetsAddedSoFar: Dataset[] = [];\n\tprivate idDatasetsAddedSoFar: string[] = [];\n\tprivate dir = \"./data\";\n\tprivate handleDataset = new HandleDataset();\n\n\n\tpublic addDataset(id: string, content: string, kind: InsightDatasetKind): Promise<string[]> {\n\n\t\treturn new Promise<string[]> ( (resolve, reject) => {\n\t\t\t// check if there is a data dir\n\t\t\tif (!fs.existsSync(this.dir)){\n\t\t\t\tfs.mkdirSync(this.dir);\n\t\t\t}\n\n\t\t\t// check if the id is valid\n\t\t\tif (!this.isValidID(id)) {\n\t\t\t\treject(new InsightError(\"Not a valid ID\"));\n\t\t\t\treturn;\n\t\t\t}\n\n\t\t\t// check if the kind is Sections and not Rooms\n\t\t\tif (kind === InsightDatasetKind.Sections) {\n\t\t\t\tthis.handleSectionsKind(id, content, reject, resolve);\n\t\t\t} else if (kind === InsightDatasetKind.Rooms) {\n\t\t\t\tthis.handleRoomsKind(id, content, reject, resolve);\n\t\t\t}\n\t\t});\n\t}\n\n\t// CAN PROBABLY SOMEHOW MOVE THESE TWO METHODS TO THE HANDLEDATASET CLASS #########################################\n\tprivate handleRoomsKind(id: string,\n\t\tcontent: string,\n\t\treject: (reason?: any) => void,\n\t\tresolve: (value: (PromiseLike<string[]> | string[])) => void) {\n\n\t\t// checks if dataset already exists\n\t\tthis.handleDataset.isThereDatasetDir(id)\n\t\t\t.then(async (exists) => {\n\t\t\t\tif (exists || this.idDatasetsAddedSoFar.includes(id)) {\n\t\t\t\t\tthrow new InsightError(\"Dataset already added\");\n\t\t\t\t}\n\n\t\t\t\t// if it does not exist then unzip the dataset and read it\n\t\t\t\treturn await JSZip.loadAsync(content, {base64: true});\n\t\t\t})\n\t\t\t.then(async (zip: JSZip) => {\n\t\t\t\tlet currentDataset = new Dataset();\n\t\t\t\tcurrentDataset.setIDName(id);\n\t\t\t\tcurrentDataset.setKind(InsightDatasetKind.Rooms);\n\t\t\t\t// currentDataset.setValidity(true);\n\n\t\t\t\t// call to helper to handle reading the zip file\n//* **************************************************CHANGE THIS LINE**************************************************\n\t\t\t\tawait this.handleDataset.handleRoomsZip(zip, reject, currentDataset);\n\n\t\t\t\tconsole.log(\"length of dataset = \" + currentDataset.getValidRooms().length);\n\t\t\t\t// reject if there are no valid sections\n\t\t\t\tif (!currentDataset.getValidity()) {\n\t\t\t\t\treject(new InsightError(\"No valid rooms in dataset\"));\n\t\t\t\t\treturn;\n\t\t\t\t}\n\t\t\t\tconsole.log(\"length of dataset = \" + currentDataset.getValidRooms().length);\n\n\t\t\t\tawait this.handleDataset.addDatasetToDisk(currentDataset);\n\t\t\t\tthis.datasetsAddedSoFar.push(currentDataset);\n\n\t\t\t\tthis.idDatasetsAddedSoFar.push(currentDataset.getIDName());\n\t\t\t\tresolve(this.idDatasetsAddedSoFar);\n\t\t\t})\n\t\t\t.catch((error: any) => {\n\t\t\t\treject(new InsightError(\"Invalid Content\"));\n\t\t\t});\n\t}\n\n\tprivate handleSectionsKind(id: string,\n\t\tcontent: string,\n\t\treject: (reason?: any) => void,\n\t\tresolve: (value: (PromiseLike<string[]> | string[])) => void) {\n\n\t\t// checks if dataset already exists\n\t\tthis.handleDataset.isThereDatasetDir(id)\n\t\t\t.then(async (exists) => {\n\t\t\t\tif (exists || this.idDatasetsAddedSoFar.includes(id)) {\n\t\t\t\t\tthrow new InsightError(\"Dataset already added\");\n\t\t\t\t}\n\n\t\t\t\t// if it does not exist then unzip the dataset and read it\n\t\t\t\treturn await JSZip.loadAsync(content, {base64: true});\n\t\t\t})\n\t\t\t.then(async (zip: JSZip) => {\n\t\t\t\tlet currentDataset = new Dataset();\n\t\t\t\tcurrentDataset.setIDName(id);\n\t\t\t\tcurrentDataset.setKind(InsightDatasetKind.Sections);\n\t\t\t\t// call to helper to handle reading the zip file\n\t\t\t\tawait this.handleDataset.handleSectionsZip(zip, reject, currentDataset);\n\n\t\t\t\t// reject if there are no valid sections\n\t\t\t\tif (!currentDataset.getValidity()) {\n\t\t\t\t\treject(new InsightError(\"No valid sections in dataset\"));\n\t\t\t\t\treturn;\n\t\t\t\t}\n\n\t\t\t\tawait this.handleDataset.addDatasetToDisk(currentDataset);\n\t\t\t\tthis.datasetsAddedSoFar.push(currentDataset);\n\n\t\t\t\tthis.idDatasetsAddedSoFar.push(currentDataset.getIDName());\n\t\t\t\tresolve(this.idDatasetsAddedSoFar);\n\t\t\t})\n\t\t\t.catch((error: any) => {\n\t\t\t\treject(new InsightError(\"Invalid Content\"));\n\t\t\t});\n\t}\n\n// checks if id provided is valid\n\tprivate isValidID(id: string): boolean {\n\t\treturn /^[^\\s_]+$/.test(id);\n\t}\n\n\tpublic removeDataset(id: string): Promise<string> {\n\t\treturn new Promise<string> ((resolve, reject) => {\n\t\t\t// check if the id is valid\n\t\t\tif (!this.isValidID(id)) {\n\t\t\t\treject(new InsightError(\"Not a valid ID\"));\n\t\t\t\treturn;\n\t\t\t}\n\n\t\t\t// check if dataset exists\n\t\t\tthis.handleDataset.isThereDatasetDir(id)\n\t\t\t\t.then(async (exists) => {\n\t\t\t\t\tif (!exists) {\n\t\t\t\t\t\tthrow new NotFoundError(\"Valid ID has not been added yet\");\n\t\t\t\t\t} else {\n\t\t\t\t\t\t// if so then remove the dataset\n\t\t\t\t\t\tfs.unlink(this.handleDataset.getDatasetDirPath(id), (error) => {\n\t\t\t\t\t\t\tif (error) {\n\t\t\t\t\t\t\t\tthrow new InsightError(\"Error while removing file\");\n\t\t\t\t\t\t\t} else {\n\t\t\t\t\t\t\t\tresolve(id);\n\t\t\t\t\t\t\t}\n\t\t\t\t\t\t});\n\t\t\t\t\t}\n\t\t\t\t})\n\t\t\t\t.catch((error) => {\n\t\t\t\t\treject(error);\n\t\t\t\t});\n\t\t});\n\t}\n\n\n\tpublic listDatasets(): Promise<InsightDataset[]>{\n\t\tlet result: InsightDataset[] = [];\n\n\t\treturn new Promise<InsightDataset[]> ((resolve, reject) => {\n\t\t\t// read the directory\n\t\t\tfs.readdir(this.dir,  (error, files) => {\n\t\t\t\tif (error) {\n\t\t\t\t\tresolve(result);\n\t\t\t\t\treturn;\n\t\t\t\t}\n\n\t\t\t\t// keeps track of asynchronous code so that it iterates through all the files before returning\n\t\t\t\tlet pendingFiles = files.length;\n\t\t\t\tif (pendingFiles === 0) {\n\t\t\t\t\tresolve(result);\n\t\t\t\t}\n\n\t\t\t\t// iterate through all the added datasets\n\t\t\t\tthis.iterateThroughFiles(files, reject, result, pendingFiles, resolve);\n\t\t\t});\n\t\t});\n\n\t}\n\n\t// iterate through all datasets and make them into InsightDatasets and add to the return list\n\tprivate iterateThroughFiles(files: string[],\n\t\treject: (reason?: any) => void,\n\t\tresult: InsightDataset[],\n\t\tpendingFiles: number,\n\t\tresolve: (value: (PromiseLike<InsightDataset[]> | InsightDataset[])) => void) {\n\n\t\t// iterate through each file in data dir\n\t\tfiles.forEach(async (file) => {\n\t\t\t// read the file\n\t\t\tfs.readFile(this.handleDataset.getDatasetDirPath(file), \"utf8\", (err, data) => {\n\t\t\t\tif (err) {\n\t\t\t\t\treject(new InsightError(\"Error when reading file\"));\n\t\t\t\t}\n\n\t\t\t\t// this sections just makes the InsightDataset object for each dataset\n\t\t\t\tconst object = JSON.parse(data);\n\t\t\t\t// const currentInsightDataset: InsightDataset = {\n\t\t\t\t// \tid: object.idName,\n\t\t\t\t// \tkind: InsightDatasetKind.Sections,\n\t\t\t\t// \tnumRows: object.validSections.length\n\t\t\t\t// };\n\t\t\t\t// let currentInsightDataset: any;\n\n\t\t\t\tif (object.kind === \"sections\") {\n\t\t\t\t\tconst currentInsightDataset: InsightDataset = {\n\t\t\t\t\t\tid: object.idName,\n\t\t\t\t\t\tkind: InsightDatasetKind.Sections,\n\t\t\t\t\t\tnumRows: object.validSections.length\n\t\t\t\t\t};\n\t\t\t\t\tresult.push(currentInsightDataset);\n\t\t\t\t} else {\n\t\t\t\t\tconst currentInsightDataset: InsightDataset = {\n\t\t\t\t\t\tid: object.idName,\n\t\t\t\t\t\tkind: InsightDatasetKind.Rooms,\n\t\t\t\t\t\tnumRows: object.validRooms.length\n\t\t\t\t\t};\n\t\t\t\t\tresult.push(currentInsightDataset);\n\t\t\t\t}\n\n\n\t\t\t\t// to keep track of asynchronous code\n\t\t\t\tpendingFiles--;\n\n\t\t\t\tif (pendingFiles === 0) {\n\t\t\t\t\tresolve(result);\n\t\t\t\t}\n\t\t\t});\n\t\t});\n\t}\n\n\t// /////////////////////////////////////////////QUERY////////////////////////////////////////////////\n\tpublic async performQuery(query: unknown): Promise<InsightResult[]> {\n\n\t\treturn new Promise<InsightResult[]>( (resolve, reject) => {\n\t\t\tlet queryOperator = new QueryOperator(this.idDatasetsAddedSoFar);\n\t\t\tlet whereOperator = new WhereOperator(queryOperator);\n\t\t\tlet optionsOperator: OptionsOperator = new OptionsOperator(queryOperator);\n\t\t\tlet transformOperator: TransformOperator = new TransformOperator(queryOperator);\n\t\t\tlet queryS: any = query;\n\t\t\ttry {\n\t\t\t\tqueryOperator.checkIfValidJson(queryS);\n\t\t\t\tqueryOperator.checkBaseEbnf(queryS);\n\t\t\t} catch (error) {\n\t\t\t\treturn reject(error);\n\t\t\t}\n\n\t\t\tlet result: InsightResult[];\n\n\t\t\twhereOperator.handleWhere(queryS.WHERE).then( (resultWhere) => {\n\t\t\t\tresult = queryOperator.convertBoolean(resultWhere);\n\t\t\t\tresult = queryOperator.checkResultLength(result);\n\t\t\t\tresult = transformOperator.handleTransformations(queryS.TRANSFORMATIONS, result);\n\t\t\t\tresult = optionsOperator.handleOptions(queryS.OPTIONS, result);\n\t\t\t\tresult = queryOperator.compatibleFormat(result);\n\n\t\t\t\treturn resolve(result);\n\t\t\t}).catch((error) => {\n\t\t\t\treturn reject(error);// new InsightError(error.message));\n\t\t\t});\n\n\t\t});\n\t}\n}\n"]},"_coverageSchema":"1a1c01bbd47fc00a2c39e90264f33305004495a9","hash":"2ae5fc4da6c2a1c1952759e058e1303d9f4b0b74","contentHash":"531cf42eaad23fcf6486ca9beb93055a1635a082d8c3204e38207af6ed14d767"},"/Users/frank/IdeaProjects/c0_team328/src/controller/IInsightFacade.ts":{"path":"/Users/frank/IdeaProjects/c0_team328/src/controller/IInsightFacade.ts","statementMap":{"0":{"start":{"line":7,"column":0},"end":{"line":7,"column":62}},"1":{"start":{"line":8,"column":0},"end":{"line":8,"column":113}},"2":{"start":{"line":10,"column":0},"end":{"line":13,"column":81}},"3":{"start":{"line":11,"column":4},"end":{"line":11,"column":48}},"4":{"start":{"line":12,"column":4},"end":{"line":12,"column":42}},"5":{"start":{"line":16,"column":8},"end":{"line":16,"column":23}},"6":{"start":{"line":17,"column":8},"end":{"line":17,"column":52}},"7":{"start":{"line":20,"column":0},"end":{"line":20,"column":36}},"8":{"start":{"line":23,"column":8},"end":{"line":23,"column":23}},"9":{"start":{"line":24,"column":8},"end":{"line":24,"column":53}},"10":{"start":{"line":27,"column":0},"end":{"line":27,"column":38}},"11":{"start":{"line":30,"column":8},"end":{"line":30,"column":23}},"12":{"start":{"line":31,"column":8},"end":{"line":31,"column":59}},"13":{"start":{"line":34,"column":0},"end":{"line":34,"column":50}}},"fnMap":{"0":{"name":"(anonymous_0)","decl":{"start":{"line":10,"column":1},"end":{"line":10,"column":2}},"loc":{"start":{"line":10,"column":31},"end":{"line":13,"column":1}},"line":10},"1":{"name":"(anonymous_1)","decl":{"start":{"line":15,"column":4},"end":{"line":15,"column":5}},"loc":{"start":{"line":15,"column":25},"end":{"line":18,"column":5}},"line":15},"2":{"name":"(anonymous_2)","decl":{"start":{"line":22,"column":4},"end":{"line":22,"column":5}},"loc":{"start":{"line":22,"column":25},"end":{"line":25,"column":5}},"line":22},"3":{"name":"(anonymous_3)","decl":{"start":{"line":29,"column":4},"end":{"line":29,"column":5}},"loc":{"start":{"line":29,"column":25},"end":{"line":32,"column":5}},"line":29}},"branchMap":{"0":{"loc":{"start":{"line":13,"column":3},"end":{"line":13,"column":79}},"type":"binary-expr","locations":[{"start":{"line":13,"column":3},"end":{"line":13,"column":21}},{"start":{"line":13,"column":26},"end":{"line":13,"column":78}}],"line":13}},"s":{"0":1,"1":1,"2":1,"3":1,"4":1,"5":285,"6":285,"7":1,"8":2,"9":2,"10":1,"11":3,"12":3,"13":1},"f":{"0":1,"1":285,"2":2,"3":3},"b":{"0":[1,1]},"inputSourceMap":{"version":3,"file":"/Users/frank/IdeaProjects/c0_team328/src/controller/IInsightFacade.ts","sources":["/Users/frank/IdeaProjects/c0_team328/src/controller/IInsightFacade.ts"],"names":[],"mappings":";AAAA;;;;GAIG;;;AAEH,IAAY,kBAGX;AAHD,WAAY,kBAAkB;IACzB,2CAAqB,CAAA;IACrB,qCAAe,CAAA;AACpB,CAAC,EAHW,kBAAkB,kCAAlB,kBAAkB,QAG7B;AAYD,MAAa,YAAa,SAAQ,KAAK;IACtC,YAAY,OAAgB;QAC3B,KAAK,CAAC,OAAO,CAAC,CAAC;QACf,KAAK,CAAC,iBAAiB,CAAC,IAAI,EAAE,YAAY,CAAC,CAAC;IAC7C,CAAC;CACD;AALD,oCAKC;AAED,MAAa,aAAc,SAAQ,KAAK;IACvC,YAAY,OAAgB;QAC3B,KAAK,CAAC,OAAO,CAAC,CAAC;QACf,KAAK,CAAC,iBAAiB,CAAC,IAAI,EAAE,aAAa,CAAC,CAAC;IAC9C,CAAC;CACD;AALD,sCAKC;AAED,MAAa,mBAAoB,SAAQ,KAAK;IAC7C,YAAY,OAAgB;QAC3B,KAAK,CAAC,OAAO,CAAC,CAAC;QACf,KAAK,CAAC,iBAAiB,CAAC,IAAI,EAAE,mBAAmB,CAAC,CAAC;IACpD,CAAC;CACD;AALD,kDAKC","sourcesContent":["/*\n * This is the primary high-level API for the project. In this folder there should be:\n * A class called InsightFacade, this should be in a file called InsightFacade.ts.\n * You should not change this interface at all or the test suite will not work.\n */\n\nexport enum InsightDatasetKind {\n     Sections = \"sections\",\n     Rooms = \"rooms\",\n}\n\nexport interface InsightDataset {\n     id: string;\n     kind: InsightDatasetKind;\n     numRows: number;\n}\n\nexport interface InsightResult {\n     [key: string]: string | number;\n}\n\nexport class InsightError extends Error {\n\tconstructor(message?: string) {\n\t\tsuper(message);\n\t\tError.captureStackTrace(this, InsightError);\n\t}\n}\n\nexport class NotFoundError extends Error {\n\tconstructor(message?: string) {\n\t\tsuper(message);\n\t\tError.captureStackTrace(this, NotFoundError);\n\t}\n}\n\nexport class ResultTooLargeError extends Error {\n\tconstructor(message?: string) {\n\t\tsuper(message);\n\t\tError.captureStackTrace(this, ResultTooLargeError);\n\t}\n}\n\nexport interface IInsightFacade {\n    /**\n     * Add a dataset to insightUBC.\n     *\n     * @param id  The id of the dataset being added.\n     * @param content  The base64 content of the dataset. This content should be in the form of a serialized zip file.\n     * @param kind  The kind of the dataset\n     *\n     * @return Promise <string[]>\n     *\n     * The promise should fulfill on a successful add, reject for any failures.\n     * The promise should fulfill with a string array,\n     * containing the ids of all currently added datasets upon a successful add.\n     * The promise should reject with an InsightError describing the error.\n     *\n     * An id is invalid if it contains an underscore, or is only whitespace characters.\n     * If id is the same as the id of an already added dataset, the dataset should be rejected and not saved.\n     *\n     * After receiving the dataset, it should be processed into a data structure of\n     * your design. The processed data structure should be persisted to disk; your\n     * system should be able to load this persisted value into memory for answering\n     * queries.\n     *\n     * Ultimately, a dataset must be added or loaded from disk before queries can\n     * be successfully answered.\n     */\n     addDataset(id: string, content: string, kind: InsightDatasetKind): Promise<string[]>;\n\n\n    /**\n     * Remove a dataset from insightUBC.\n     *\n     * @param id  The id of the dataset to remove.\n     *\n     * @return Promise <string>\n     *\n     * The promise should fulfill upon a successful removal. Reject on any error.\n     * A removed dataset behaves as if it never existed in the system (i.e. it was never added).\n     * Attempting to remove a dataset that hasn't been added yet counts as an error.\n     *\n     * An id is invalid if it contains an underscore, or is only whitespace characters.\n     *\n     * The promise should fulfill with the id of the dataset that was removed.\n     * The promise should reject with a NotFoundError (if a valid id was not yet added)\n     * or an InsightError (invalid id or any other source of failure) describing the error.\n     */\n     removeDataset(id: string): Promise<string>;\n\n\n    /**\n     * Perform a query on insightUBC.\n     *\n     * @param query  The query to be performed.\n     *\n     * If a query is incorrectly formatted, references a dataset not added (in memory or on disk),\n     * or references multiple datasets, it should be rejected with an InsightError.\n     * If a query would return more than 5000 results, it should be rejected with a ResultTooLargeError.\n     *\n     * @return Promise <InsightResult[]>\n     *\n     * The promise should fulfill with an array of results.\n     * The promise should reject with an InsightError describing the error.\n     */\n     performQuery(query: unknown): Promise<InsightResult[]>;\n\n\n    /**\n     * List all currently added datasets, their types, and number of rows.\n     *\n     * @return Promise <InsightDataset[]>\n     * The promise should fulfill an array of currently added InsightDatasets, and will only fulfill.\n     */\n     listDatasets(): Promise<InsightDataset[]>;\n}\n"]},"_coverageSchema":"1a1c01bbd47fc00a2c39e90264f33305004495a9","hash":"e12206d7a74553b7315c25e2ccb0f48a21729ac0","contentHash":"2db59a733bc9fbfd12cb7f9fb81ccd808e917ef40a47b57b78c951e9b3f3d0c7"},"/Users/frank/IdeaProjects/c0_team328/src/controller/Dataset.ts":{"path":"/Users/frank/IdeaProjects/c0_team328/src/controller/Dataset.ts","statementMap":{"0":{"start":{"line":2,"column":0},"end":{"line":2,"column":62}},"1":{"start":{"line":3,"column":25},"end":{"line":3,"column":52}},"2":{"start":{"line":5,"column":13},"end":{"line":5,"column":15}},"3":{"start":{"line":6,"column":20},"end":{"line":6,"column":22}},"4":{"start":{"line":7,"column":17},"end":{"line":7,"column":19}},"5":{"start":{"line":8,"column":11},"end":{"line":8,"column":55}},"6":{"start":{"line":9,"column":21},"end":{"line":9,"column":26}},"7":{"start":{"line":11,"column":8},"end":{"line":11,"column":25}},"8":{"start":{"line":14,"column":8},"end":{"line":14,"column":41}},"9":{"start":{"line":17,"column":8},"end":{"line":17,"column":35}},"10":{"start":{"line":20,"column":8},"end":{"line":20,"column":32}},"11":{"start":{"line":23,"column":8},"end":{"line":23,"column":35}},"12":{"start":{"line":26,"column":8},"end":{"line":26,"column":27}},"13":{"start":{"line":29,"column":8},"end":{"line":29,"column":34}},"14":{"start":{"line":32,"column":8},"end":{"line":32,"column":31}},"15":{"start":{"line":35,"column":8},"end":{"line":35,"column":25}},"16":{"start":{"line":38,"column":8},"end":{"line":38,"column":35}},"17":{"start":{"line":41,"column":0},"end":{"line":41,"column":26}}},"fnMap":{"0":{"name":"(anonymous_0)","decl":{"start":{"line":10,"column":4},"end":{"line":10,"column":5}},"loc":{"start":{"line":10,"column":18},"end":{"line":12,"column":5}},"line":10},"1":{"name":"(anonymous_1)","decl":{"start":{"line":13,"column":4},"end":{"line":13,"column":5}},"loc":{"start":{"line":13,"column":29},"end":{"line":15,"column":5}},"line":13},"2":{"name":"(anonymous_2)","decl":{"start":{"line":16,"column":4},"end":{"line":16,"column":5}},"loc":{"start":{"line":16,"column":23},"end":{"line":18,"column":5}},"line":16},"3":{"name":"(anonymous_3)","decl":{"start":{"line":19,"column":4},"end":{"line":19,"column":5}},"loc":{"start":{"line":19,"column":25},"end":{"line":21,"column":5}},"line":19},"4":{"name":"(anonymous_4)","decl":{"start":{"line":22,"column":4},"end":{"line":22,"column":5}},"loc":{"start":{"line":22,"column":22},"end":{"line":24,"column":5}},"line":22},"5":{"name":"(anonymous_5)","decl":{"start":{"line":25,"column":4},"end":{"line":25,"column":5}},"loc":{"start":{"line":25,"column":16},"end":{"line":27,"column":5}},"line":25},"6":{"name":"(anonymous_6)","decl":{"start":{"line":28,"column":4},"end":{"line":28,"column":5}},"loc":{"start":{"line":28,"column":23},"end":{"line":30,"column":5}},"line":28},"7":{"name":"(anonymous_7)","decl":{"start":{"line":31,"column":4},"end":{"line":31,"column":5}},"loc":{"start":{"line":31,"column":20},"end":{"line":33,"column":5}},"line":31},"8":{"name":"(anonymous_8)","decl":{"start":{"line":34,"column":4},"end":{"line":34,"column":5}},"loc":{"start":{"line":34,"column":14},"end":{"line":36,"column":5}},"line":34},"9":{"name":"(anonymous_9)","decl":{"start":{"line":37,"column":4},"end":{"line":37,"column":5}},"loc":{"start":{"line":37,"column":18},"end":{"line":39,"column":5}},"line":37}},"branchMap":{},"s":{"0":1,"1":1,"2":160,"3":160,"4":160,"5":160,"6":160,"7":160,"8":66943,"9":11284,"10":160,"11":78227,"12":302,"13":0,"14":67,"15":0,"16":159,"17":1},"f":{"0":160,"1":66943,"2":11284,"3":160,"4":78227,"5":302,"6":0,"7":67,"8":0,"9":159},"b":{},"inputSourceMap":{"version":3,"file":"/Users/frank/IdeaProjects/c0_team328/src/controller/Dataset.ts","sources":["/Users/frank/IdeaProjects/c0_team328/src/controller/Dataset.ts"],"names":[],"mappings":";;AACA,qDAAoD;AAGpD,MAAqB,OAAO;IACnB,MAAM,GAAW,EAAE,CAAC;IACpB,aAAa,GAAc,EAAE,CAAC;IAC9B,UAAU,GAAW,EAAE,CAAC;IACxB,IAAI,GAAuB,mCAAkB,CAAC,QAAQ,CAAC;IACvD,cAAc,GAAY,KAAK,CAAC;IAEjC,SAAS,CAAC,EAAU;QAC1B,IAAI,CAAC,MAAM,GAAG,EAAE,CAAC;IAClB,CAAC;IAEM,eAAe,CAAC,OAAgB;QACtC,IAAI,CAAC,aAAa,CAAC,IAAI,CAAC,OAAO,CAAC,CAAC;IAClC,CAAC;IAEM,YAAY,CAAC,IAAU;QAC7B,IAAI,CAAC,UAAU,CAAC,IAAI,CAAC,IAAI,CAAC,CAAC;IAC5B,CAAC;IAEM,OAAO,CAAC,WAA+B;QAC7C,IAAI,CAAC,IAAI,GAAG,WAAW,CAAC;IACzB,CAAC;IAEM,WAAW,CAAC,IAAa;QAC/B,IAAI,CAAC,cAAc,GAAG,IAAI,CAAC;IAC5B,CAAC;IAEM,SAAS;QACf,OAAO,IAAI,CAAC,MAAM,CAAC;IACpB,CAAC;IAEM,gBAAgB;QACtB,OAAO,IAAI,CAAC,aAAa,CAAC;IAC3B,CAAC;IAEM,aAAa;QACnB,OAAO,IAAI,CAAC,UAAU,CAAC;IACxB,CAAC;IAEM,OAAO;QACb,OAAO,IAAI,CAAC,IAAI,CAAC;IAClB,CAAC;IAEM,WAAW;QACjB,OAAO,IAAI,CAAC,cAAc,CAAC;IAC5B,CAAC;CACD;AA9CD,0BA8CC","sourcesContent":["import Section from \"./Section\";\nimport {InsightDatasetKind} from \"./IInsightFacade\";\nimport Room from \"./Room\";\n\nexport default class Dataset {\n\tprivate idName: string = \"\";\n\tprivate validSections: Section[] = [];\n\tprivate validRooms: Room[] = [];\n\tprivate kind: InsightDatasetKind = InsightDatasetKind.Sections;\n\tprivate isValidDataset: boolean = false;\n\n\tpublic setIDName(id: string) {\n\t\tthis.idName = id;\n\t}\n\n\tpublic addValidSection(section: Section) {\n\t\tthis.validSections.push(section);\n\t}\n\n\tpublic addValidRoom(room: Room) {\n\t\tthis.validRooms.push(room);\n\t}\n\n\tpublic setKind(datasetKind: InsightDatasetKind) {\n\t\tthis.kind = datasetKind;\n\t}\n\n\tpublic setValidity(bool: boolean) {\n\t\tthis.isValidDataset = bool;\n\t}\n\n\tpublic getIDName() {\n\t\treturn this.idName;\n\t}\n\n\tpublic getValidSections() {\n\t\treturn this.validSections;\n\t}\n\n\tpublic getValidRooms() {\n\t\treturn this.validRooms;\n\t}\n\n\tpublic getKind() {\n\t\treturn this.kind;\n\t}\n\n\tpublic getValidity() {\n\t\treturn this.isValidDataset;\n\t}\n}\n"]},"_coverageSchema":"1a1c01bbd47fc00a2c39e90264f33305004495a9","hash":"da2aba9e49736fc39ef0d044c944960c9fe1479a","contentHash":"9a671aeada878619deaaf2c44f98b5697cf664dbcd9ca2249eb1aa74d12052a1"},"/Users/frank/IdeaProjects/c0_team328/src/controller/QueryOperator.ts":{"path":"/Users/frank/IdeaProjects/c0_team328/src/controller/QueryOperator.ts","statementMap":{"0":{"start":{"line":2,"column":22},"end":{"line":4,"column":1}},"1":{"start":{"line":3,"column":4},"end":{"line":3,"column":62}},"2":{"start":{"line":5,"column":0},"end":{"line":5,"column":62}},"3":{"start":{"line":6,"column":25},"end":{"line":6,"column":52}},"4":{"start":{"line":7,"column":20},"end":{"line":7,"column":57}},"5":{"start":{"line":9,"column":21},"end":{"line":9,"column":23}},"6":{"start":{"line":10,"column":24},"end":{"line":10,"column":26}},"7":{"start":{"line":11,"column":10},"end":{"line":11,"column":18}},"8":{"start":{"line":12,"column":27},"end":{"line":12,"column":29}},"9":{"start":{"line":13,"column":17},"end":{"line":13,"column":19}},"10":{"start":{"line":14,"column":11},"end":{"line":14,"column":74}},"11":{"start":{"line":15,"column":11},"end":{"line":16,"column":90}},"12":{"start":{"line":17,"column":17},"end":{"line":17,"column":37}},"13":{"start":{"line":19,"column":8},"end":{"line":19,"column":47}},"14":{"start":{"line":22,"column":8},"end":{"line":22,"column":38}},"15":{"start":{"line":25,"column":8},"end":{"line":25,"column":31}},"16":{"start":{"line":28,"column":8},"end":{"line":28,"column":36}},"17":{"start":{"line":31,"column":8},"end":{"line":31,"column":38}},"18":{"start":{"line":34,"column":8},"end":{"line":34,"column":35}},"19":{"start":{"line":37,"column":8},"end":{"line":37,"column":41}},"20":{"start":{"line":40,"column":8},"end":{"line":40,"column":59}},"21":{"start":{"line":43,"column":8},"end":{"line":45,"column":9}},"22":{"start":{"line":44,"column":12},"end":{"line":44,"column":79}},"23":{"start":{"line":46,"column":8},"end":{"line":48,"column":9}},"24":{"start":{"line":47,"column":12},"end":{"line":47,"column":25}},"25":{"start":{"line":49,"column":22},"end":{"line":49,"column":38}},"26":{"start":{"line":51,"column":8},"end":{"line":53,"column":9}},"27":{"start":{"line":52,"column":12},"end":{"line":52,"column":76}},"28":{"start":{"line":54,"column":8},"end":{"line":56,"column":9}},"29":{"start":{"line":55,"column":12},"end":{"line":55,"column":88}},"30":{"start":{"line":57,"column":8},"end":{"line":57,"column":30}},"31":{"start":{"line":60,"column":8},"end":{"line":65,"column":9}},"32":{"start":{"line":61,"column":12},"end":{"line":61,"column":34}},"33":{"start":{"line":64,"column":12},"end":{"line":64,"column":73}},"34":{"start":{"line":68,"column":26},"end":{"line":68,"column":45}},"35":{"start":{"line":69,"column":8},"end":{"line":75,"column":9}},"36":{"start":{"line":70,"column":12},"end":{"line":70,"column":19}},"37":{"start":{"line":72,"column":13},"end":{"line":75,"column":9}},"38":{"start":{"line":74,"column":12},"end":{"line":74,"column":19}},"39":{"start":{"line":76,"column":8},"end":{"line":76,"column":88}},"40":{"start":{"line":79,"column":26},"end":{"line":83,"column":10}},"41":{"start":{"line":80,"column":12},"end":{"line":82,"column":13}},"42":{"start":{"line":81,"column":16},"end":{"line":81,"column":28}},"43":{"start":{"line":84,"column":8},"end":{"line":84,"column":25}},"44":{"start":{"line":87,"column":23},"end":{"line":87,"column":56}},"45":{"start":{"line":88,"column":27},"end":{"line":88,"column":47}},"46":{"start":{"line":89,"column":8},"end":{"line":100,"column":11}},"47":{"start":{"line":90,"column":27},"end":{"line":90,"column":29}},"48":{"start":{"line":91,"column":12},"end":{"line":98,"column":15}},"49":{"start":{"line":92,"column":16},"end":{"line":97,"column":17}},"50":{"start":{"line":93,"column":20},"end":{"line":93,"column":40}},"51":{"start":{"line":96,"column":20},"end":{"line":96,"column":54}},"52":{"start":{"line":99,"column":12},"end":{"line":99,"column":26}},"53":{"start":{"line":103,"column":8},"end":{"line":105,"column":9}},"54":{"start":{"line":104,"column":12},"end":{"line":104,"column":87}},"55":{"start":{"line":106,"column":8},"end":{"line":106,"column":22}},"56":{"start":{"line":109,"column":0},"end":{"line":109,"column":32}}},"fnMap":{"0":{"name":"(anonymous_0)","decl":{"start":{"line":2,"column":56},"end":{"line":2,"column":57}},"loc":{"start":{"line":2,"column":71},"end":{"line":4,"column":1}},"line":2},"1":{"name":"(anonymous_1)","decl":{"start":{"line":18,"column":4},"end":{"line":18,"column":5}},"loc":{"start":{"line":18,"column":28},"end":{"line":20,"column":5}},"line":18},"2":{"name":"(anonymous_2)","decl":{"start":{"line":21,"column":4},"end":{"line":21,"column":5}},"loc":{"start":{"line":21,"column":27},"end":{"line":23,"column":5}},"line":21},"3":{"name":"(anonymous_3)","decl":{"start":{"line":24,"column":4},"end":{"line":24,"column":5}},"loc":{"start":{"line":24,"column":20},"end":{"line":26,"column":5}},"line":24},"4":{"name":"(anonymous_4)","decl":{"start":{"line":27,"column":4},"end":{"line":27,"column":5}},"loc":{"start":{"line":27,"column":28},"end":{"line":29,"column":5}},"line":27},"5":{"name":"(anonymous_5)","decl":{"start":{"line":30,"column":4},"end":{"line":30,"column":5}},"loc":{"start":{"line":30,"column":24},"end":{"line":32,"column":5}},"line":30},"6":{"name":"(anonymous_6)","decl":{"start":{"line":33,"column":4},"end":{"line":33,"column":5}},"loc":{"start":{"line":33,"column":17},"end":{"line":35,"column":5}},"line":33},"7":{"name":"(anonymous_7)","decl":{"start":{"line":36,"column":4},"end":{"line":36,"column":5}},"loc":{"start":{"line":36,"column":20},"end":{"line":38,"column":5}},"line":36},"8":{"name":"(anonymous_8)","decl":{"start":{"line":39,"column":4},"end":{"line":39,"column":5}},"loc":{"start":{"line":39,"column":26},"end":{"line":41,"column":5}},"line":39},"9":{"name":"(anonymous_9)","decl":{"start":{"line":42,"column":4},"end":{"line":42,"column":5}},"loc":{"start":{"line":42,"column":22},"end":{"line":58,"column":5}},"line":42},"10":{"name":"(anonymous_10)","decl":{"start":{"line":59,"column":4},"end":{"line":59,"column":5}},"loc":{"start":{"line":59,"column":28},"end":{"line":66,"column":5}},"line":59},"11":{"name":"(anonymous_11)","decl":{"start":{"line":67,"column":4},"end":{"line":67,"column":5}},"loc":{"start":{"line":67,"column":26},"end":{"line":77,"column":5}},"line":67},"12":{"name":"(anonymous_12)","decl":{"start":{"line":78,"column":4},"end":{"line":78,"column":5}},"loc":{"start":{"line":78,"column":28},"end":{"line":85,"column":5}},"line":78},"13":{"name":"(anonymous_13)","decl":{"start":{"line":79,"column":51},"end":{"line":79,"column":52}},"loc":{"start":{"line":79,"column":69},"end":{"line":83,"column":9}},"line":79},"14":{"name":"(anonymous_14)","decl":{"start":{"line":86,"column":4},"end":{"line":86,"column":5}},"loc":{"start":{"line":86,"column":29},"end":{"line":101,"column":5}},"line":86},"15":{"name":"(anonymous_15)","decl":{"start":{"line":89,"column":26},"end":{"line":89,"column":27}},"loc":{"start":{"line":89,"column":35},"end":{"line":100,"column":9}},"line":89},"16":{"name":"(anonymous_16)","decl":{"start":{"line":91,"column":40},"end":{"line":91,"column":41}},"loc":{"start":{"line":91,"column":58},"end":{"line":98,"column":13}},"line":91},"17":{"name":"(anonymous_17)","decl":{"start":{"line":102,"column":4},"end":{"line":102,"column":5}},"loc":{"start":{"line":102,"column":30},"end":{"line":107,"column":5}},"line":102}},"branchMap":{"0":{"loc":{"start":{"line":2,"column":22},"end":{"line":4,"column":1}},"type":"binary-expr","locations":[{"start":{"line":2,"column":23},"end":{"line":2,"column":27}},{"start":{"line":2,"column":31},"end":{"line":2,"column":51}},{"start":{"line":2,"column":56},"end":{"line":4,"column":1}}],"line":2},"1":{"loc":{"start":{"line":3,"column":11},"end":{"line":3,"column":61}},"type":"cond-expr","locations":[{"start":{"line":3,"column":37},"end":{"line":3,"column":40}},{"start":{"line":3,"column":43},"end":{"line":3,"column":61}}],"line":3},"2":{"loc":{"start":{"line":3,"column":12},"end":{"line":3,"column":33}},"type":"binary-expr","locations":[{"start":{"line":3,"column":12},"end":{"line":3,"column":15}},{"start":{"line":3,"column":19},"end":{"line":3,"column":33}}],"line":3},"3":{"loc":{"start":{"line":43,"column":8},"end":{"line":45,"column":9}},"type":"if","locations":[{"start":{"line":43,"column":8},"end":{"line":45,"column":9}},{"start":{"line":43,"column":8},"end":{"line":45,"column":9}}],"line":43},"4":{"loc":{"start":{"line":46,"column":8},"end":{"line":48,"column":9}},"type":"if","locations":[{"start":{"line":46,"column":8},"end":{"line":48,"column":9}},{"start":{"line":46,"column":8},"end":{"line":48,"column":9}}],"line":46},"5":{"loc":{"start":{"line":51,"column":8},"end":{"line":53,"column":9}},"type":"if","locations":[{"start":{"line":51,"column":8},"end":{"line":53,"column":9}},{"start":{"line":51,"column":8},"end":{"line":53,"column":9}}],"line":51},"6":{"loc":{"start":{"line":54,"column":8},"end":{"line":56,"column":9}},"type":"if","locations":[{"start":{"line":54,"column":8},"end":{"line":56,"column":9}},{"start":{"line":54,"column":8},"end":{"line":56,"column":9}}],"line":54},"7":{"loc":{"start":{"line":54,"column":14},"end":{"line":54,"column":74}},"type":"binary-expr","locations":[{"start":{"line":54,"column":14},"end":{"line":54,"column":42}},{"start":{"line":54,"column":46},"end":{"line":54,"column":74}}],"line":54},"8":{"loc":{"start":{"line":57,"column":15},"end":{"line":57,"column":29}},"type":"binary-expr","locations":[{"start":{"line":57,"column":15},"end":{"line":57,"column":23}},{"start":{"line":57,"column":27},"end":{"line":57,"column":29}}],"line":57},"9":{"loc":{"start":{"line":69,"column":8},"end":{"line":75,"column":9}},"type":"if","locations":[{"start":{"line":69,"column":8},"end":{"line":75,"column":9}},{"start":{"line":69,"column":8},"end":{"line":75,"column":9}}],"line":69},"10":{"loc":{"start":{"line":69,"column":12},"end":{"line":69,"column":98}},"type":"binary-expr","locations":[{"start":{"line":69,"column":12},"end":{"line":69,"column":34}},{"start":{"line":69,"column":38},"end":{"line":69,"column":65}},{"start":{"line":69,"column":69},"end":{"line":69,"column":98}}],"line":69},"11":{"loc":{"start":{"line":72,"column":13},"end":{"line":75,"column":9}},"type":"if","locations":[{"start":{"line":72,"column":13},"end":{"line":75,"column":9}},{"start":{"line":72,"column":13},"end":{"line":75,"column":9}}],"line":72},"12":{"loc":{"start":{"line":72,"column":17},"end":{"line":73,"column":49}},"type":"binary-expr","locations":[{"start":{"line":72,"column":17},"end":{"line":72,"column":39}},{"start":{"line":72,"column":43},"end":{"line":72,"column":70}},{"start":{"line":72,"column":74},"end":{"line":72,"column":103}},{"start":{"line":73,"column":12},"end":{"line":73,"column":49}}],"line":72},"13":{"loc":{"start":{"line":80,"column":12},"end":{"line":82,"column":13}},"type":"if","locations":[{"start":{"line":80,"column":12},"end":{"line":82,"column":13}},{"start":{"line":80,"column":12},"end":{"line":82,"column":13}}],"line":80},"14":{"loc":{"start":{"line":92,"column":16},"end":{"line":97,"column":17}},"type":"if","locations":[{"start":{"line":92,"column":16},"end":{"line":97,"column":17}},{"start":{"line":92,"column":16},"end":{"line":97,"column":17}}],"line":92},"15":{"loc":{"start":{"line":103,"column":8},"end":{"line":105,"column":9}},"type":"if","locations":[{"start":{"line":103,"column":8},"end":{"line":105,"column":9}},{"start":{"line":103,"column":8},"end":{"line":105,"column":9}}],"line":103}},"s":{"0":1,"1":1,"2":1,"3":1,"4":1,"5":72,"6":72,"7":72,"8":72,"9":72,"10":72,"11":72,"12":72,"13":72,"14":106,"15":2,"16":50,"17":50,"18":71,"19":62,"20":50,"21":44,"22":0,"23":44,"24":2,"25":42,"26":42,"27":0,"28":42,"29":0,"30":42,"31":72,"32":72,"33":0,"34":72,"35":72,"36":57,"37":15,"38":3,"39":12,"40":26,"41":1679912,"42":74767,"43":26,"44":2,"45":2,"46":2,"47":9,"48":9,"49":18,"50":9,"51":9,"52":9,"53":26,"54":3,"55":23,"56":1},"f":{"0":1,"1":72,"2":106,"3":2,"4":50,"5":50,"6":71,"7":62,"8":50,"9":44,"10":72,"11":72,"12":26,"13":1679912,"14":2,"15":9,"16":18,"17":26},"b":{"0":[1,1,1],"1":[0,1],"2":[1,1],"3":[0,44],"4":[2,42],"5":[0,42],"6":[0,42],"7":[42,39],"8":[42,0],"9":[57,15],"10":[72,61,59],"11":[3,12],"12":[15,4,4,4],"13":[74767,1605145],"14":[9,9],"15":[3,23]},"inputSourceMap":{"version":3,"file":"/Users/frank/IdeaProjects/c0_team328/src/controller/QueryOperator.ts","sources":["/Users/frank/IdeaProjects/c0_team328/src/controller/QueryOperator.ts"],"names":[],"mappings":";;;;;AAAA,qDAI0B;AAC1B,0DAA6B;AAE7B,MAAqB,aAAa;IAEvB,cAAc,GAAoB,EAAE,CAAC;IACrC,iBAAiB,GAAW,EAAE,CAAC;IAC/B,GAAG,GAAG,QAAQ,CAAC;IACf,oBAAoB,GAAa,EAAE,CAAC;IACvC,UAAU,GAAa,EAAE,CAAC;IAE1B,IAAI,GAAG,CAAC,KAAK,EAAE,MAAM,EAAE,MAAM,EAAE,OAAO,EAAE,MAAM,EAAE,KAAK,EAAE,KAAK,EAAE,OAAO,CAAC,CAAC;IACvE,IAAI,GAAG,CAAC,MAAM,EAAE,IAAI,EAAE,YAAY,EAAE,OAAO,EAAE,MAAM;QACzD,UAAU,EAAG,WAAW,EAAG,QAAQ,EAAG,MAAM,EAAG,SAAS,EAAG,MAAM,EAAG,WAAW,EAAG,MAAM,CAAC,CAAC;IAEpF,UAAU,GAAG,CAAC,SAAS,EAAE,OAAO,CAAC,CAAC;IAGzC,YAAY,UAAoB;QAC/B,IAAI,CAAC,oBAAoB,GAAG,UAAU,CAAC;IACxC,CAAC;IAEM,oBAAoB;QAC1B,OAAO,IAAI,CAAC,iBAAiB,CAAC;IAE/B,CAAC;IAEM,aAAa;QACnB,OAAO,IAAI,CAAC,UAAU,CAAC;IAExB,CAAC;IAEM,mBAAmB,CAAC,EAAU;QACpC,IAAI,CAAC,iBAAiB,GAAG,EAAE,CAAC;IAC7B,CAAC;IAEM,UAAU,CAAC,OAAwB;QACzC,IAAI,CAAC,cAAc,GAAG,OAAO,CAAC;IAC/B,CAAC;IAEM,UAAU;QAChB,OAAO,IAAI,CAAC,cAAc,CAAC;IAC5B,CAAC;IAEM,aAAa;QACnB,OAAO,IAAI,CAAC,oBAAoB,CAAC;IAClC,CAAC;IAEM,iBAAiB,CAAC,EAAU;QAClC,OAAO,mBAAI,CAAC,IAAI,CAAC,IAAI,CAAC,GAAG,EAAE,GAAG,EAAE,EAAE,CAAC,CAAC;IACrC,CAAC;IAEM,UAAU,CAAC,KAAa;QAC9B,IAAI,OAAO,KAAK,KAAK,QAAQ,EAAE,CAAC;YAC/B,MAAM,IAAI,6BAAY,CAAC,yBAAyB,CAAC,CAAC;QACnD,CAAC;QAED,IAAI,IAAI,CAAC,UAAU,CAAC,QAAQ,CAAC,KAAK,CAAC,EAAE,CAAC;YACrC,OAAO,KAAK,CAAC;QACd,CAAC;QAED,MAAM,KAAK,GAAG,KAAK,CAAC,KAAK,CAAC,GAAG,CAAC,CAAC;QAC/B,uFAAuF;QAEvF,IAAI,IAAI,CAAC,oBAAoB,EAAE,KAAK,MAAM,CAAC,KAAK,CAAC,CAAC,CAAC,CAAC,EAAE,CAAC;YACtD,MAAM,IAAI,6BAAY,CAAC,sBAAsB,CAAC,CAAC;QAChD,CAAC;QAED,IAAI,CAAC,CAAC,IAAI,CAAC,IAAI,CAAC,QAAQ,CAAC,KAAK,CAAC,CAAC,CAAC,CAAC,IAAI,IAAI,CAAC,IAAI,CAAC,QAAQ,CAAC,KAAK,CAAC,CAAC,CAAC,CAAC,CAAC,EAAE,CAAC;YACrE,MAAM,IAAI,6BAAY,CAAC,kCAAkC,CAAC,CAAC;QAC5D,CAAC;QAED,OAAO,KAAK,CAAC,CAAC,CAAC,IAAI,EAAE,CAAC;IACvB,CAAC;IAEM,gBAAgB,CAAC,KAAU;QACjC,IAAI,CAAC;YACJ,IAAI,CAAC,SAAS,CAAC,KAAK,CAAC,CAAC;QACvB,CAAC;QAAC,OAAO,KAAK,EAAE,CAAC;YAChB,MAAM,IAAI,6BAAY,CAAC,mBAAmB,CAAC,CAAC,CAAE,8BAA8B;QAC7E,CAAC;IACF,CAAC;IAEO,aAAa,CAAC,MAAW;QAChC,MAAM,SAAS,GAAG,MAAM,CAAC,IAAI,CAAC,MAAM,CAAC,CAAC;QACtC,IAAI,SAAS,CAAC,MAAM,KAAK,CAAC,IAAI,SAAS,CAAC,QAAQ,CAAC,OAAO,CAAC,IAAI,SAAS,CAAC,QAAQ,CAAC,SAAS,CAAC,EAAE,CAAC;YAC5F,OAAO;QACR,CAAC;aAAM,IAAI,SAAS,CAAC,MAAM,KAAK,CAAC,IAAI,SAAS,CAAC,QAAQ,CAAC,OAAO,CAAC,IAAI,SAAS,CAAC,QAAQ,CAAC,SAAS,CAAC;YAChG,SAAS,CAAC,QAAQ,CAAC,iBAAiB,CAAC,EAAE,CAAC;YACxC,OAAO;QACR,CAAC;QACD,MAAM,IAAI,6BAAY,CAAC,sCAAsC,CAAC,CAAC;IAChE,CAAC;IAEM,cAAc,CAAC,OAAkB;QACvC,MAAM,SAAS,GAAoB,IAAI,CAAC,UAAU,EAAE,CAAC,MAAM,CAAC,CAAC,KAAK,EAAE,KAAK,EAAE,EAAE;YAC5E,IAAI,OAAO,CAAC,KAAK,CAAC,EAAE,CAAC;gBACpB,OAAO,IAAI,CAAC;YACb,CAAC;QACF,CAAC,CAAC,CAAC;QACH,OAAO,SAAS,CAAC;IAClB,CAAC;IAEM,gBAAgB,CAAC,MAAuB;QAC9C,MAAM,MAAM,GAAW,IAAI,CAAC,oBAAoB,EAAE,GAAG,GAAG,CAAC;QACzD,MAAM,UAAU,GAAa,IAAI,CAAC,aAAa,EAAE,CAAC;QAElD,OAAO,MAAM,CAAC,GAAG,CAAC,CAAC,GAAG,EAAE,EAAE;YACzB,MAAM,MAAM,GAAkB,EAAE,CAAC;YACjC,MAAM,CAAC,OAAO,CAAC,GAAG,CAAC,CAAC,OAAO,CAAC,CAAC,CAAC,GAAG,EAAE,KAAK,CAAC,EAAE,EAAE;gBAC5C,IAAI,UAAU,CAAC,QAAQ,CAAC,GAAG,CAAC,EAAE,CAAC;oBAC9B,MAAM,CAAC,GAAG,CAAC,GAAG,KAAK,CAAC;gBACrB,CAAC;qBAAM,CAAC;oBACP,MAAM,CAAC,GAAG,MAAM,GAAG,GAAG,EAAE,CAAC,GAAG,KAAK,CAAC;gBACnC,CAAC;YACF,CAAC,CAAC,CAAC;YACH,OAAO,MAAM,CAAC;QACf,CAAC,CAAC,CAAC;IACJ,CAAC;IAEM,iBAAiB,CAAC,MAAuB;QAC/C,IAAI,MAAM,CAAC,MAAM,GAAG,IAAI,EAAE,CAAC;YAC1B,MAAM,IAAI,oCAAmB,CAAC,0BAA0B,CAAC,CAAC;QAC3D,CAAC;QACD,OAAO,MAAM,CAAC;IACf,CAAC;CAED;AA5HD,gCA4HC","sourcesContent":["import {\n\tInsightError,\n\tInsightResult,\n\tResultTooLargeError,\n} from \"./IInsightFacade\";\nimport path from \"node:path\";\n\nexport default class QueryOperator {\n\n\tprotected datasetToQuery: InsightResult[] = [];\n\tprotected _datasetToQueryId: string = \"\";\n\tprotected dir = \"./data\";\n\tprotected idDatasetsAddedSoFar: string[] = [];\n\tpublic applyNames: string[] = [];\n\n\tpublic mkey = [\"avg\", \"pass\", \"fail\", \"audit\", \"year\", \"lat\", \"lon\", \"seats\"];\n\tpublic skey = [\"dept\", \"id\", \"instructor\", \"title\", \"uuid\",\n\t\t\"fullname\" , \"shortname\" , \"number\" , \"name\" , \"address\" , \"type\" , \"furniture\" , \"href\"];\n\n\tpublic optionsKey = [\"COLUMNS\", \"ORDER\"];\n\n\n\tconstructor(idDatasets: string[]) {\n\t\tthis.idDatasetsAddedSoFar = idDatasets;\n\t}\n\n\tpublic getQueryingDatasetId(): string {\n\t\treturn this._datasetToQueryId;\n\n\t}\n\n\tpublic getApplyNames(): string[] {\n\t\treturn this.applyNames;\n\n\t}\n\n\tpublic setDatasetToQueryId(id: string): void {\n\t\tthis._datasetToQueryId = id;\n\t}\n\n\tpublic setDataset(dataset: InsightResult[]){\n\t\tthis.datasetToQuery = dataset;\n\t}\n\n\tpublic getDataset(): InsightResult[] {\n\t\treturn this.datasetToQuery;\n\t}\n\n\tpublic getDatasetIds(): string[] {\n\t\treturn this.idDatasetsAddedSoFar;\n\t}\n\n\tpublic getDatasetDirPath(id: string): string {\n\t\treturn path.join(this.dir, `${id}`);\n\t}\n\n\tpublic parseField(field: string) {\n\t\tif (typeof field !== \"string\") {\n\t\t\tthrow new InsightError(\"Invalid type in OPTIONS\");\n\t\t}\n\n\t\tif (this.applyNames.includes(field)) {\n\t\t\treturn field;\n\t\t}\n\n\t\tconst parts = field.split(\"_\");\n\t\t// Check if there is a second part; if not, return an empty string or the original item\n\n\t\tif (this.getQueryingDatasetId() !== String(parts[0])) {\n\t\t\tthrow new InsightError(\"Querying 2 Datasets.\");\n\t\t}\n\n\t\tif (!(this.mkey.includes(parts[1]) || this.skey.includes(parts[1]))) {\n\t\t\tthrow new InsightError(\"Invalid mkey or skey in columns.\");\n\t\t}\n\n\t\treturn parts[1] || \"\";\n\t}\n\n\tpublic checkIfValidJson(query: any): void {\n\t\ttry {\n\t\t\tJSON.stringify(query);\n\t\t} catch (error) {\n\t\t\tthrow new InsightError(\"Not a valid JSON.\");  // Not a string, can't be JSON\n\t\t}\n\t}\n\n\tpublic  checkBaseEbnf(queryS: any) {\n\t\tconst keysArray = Object.keys(queryS);\n\t\tif (keysArray.length === 2 && keysArray.includes(\"WHERE\") && keysArray.includes(\"OPTIONS\")) {\n\t\t\treturn;\n\t\t} else if (keysArray.length === 3 && keysArray.includes(\"WHERE\") && keysArray.includes(\"OPTIONS\") &&\n\t\t\tkeysArray.includes(\"TRANSFORMATIONS\")) {\n\t\t\treturn;\n\t\t}\n\t\tthrow new InsightError(\"Invalid query! (No OPTIONS or WHERE)\");\n\t}\n\n\tpublic convertBoolean(boolArr: boolean[]): InsightResult[] {\n\t\tconst converted: InsightResult[] = this.getDataset().filter((value, index) => {\n\t\t\tif (boolArr[index]) {\n\t\t\t\treturn true;\n\t\t\t}\n\t\t});\n\t\treturn converted;\n\t}\n\n\tpublic compatibleFormat(result: InsightResult[]) {\n\t\tconst prefix: string = this.getQueryingDatasetId() + \"_\";\n\t\tconst applyNames: string[] = this.getApplyNames();\n\n\t\treturn result.map((obj) => {\n\t\t\tconst newObj: InsightResult = {};\n\t\t\tObject.entries(obj).forEach(([key, value]) => {\n\t\t\t\tif (applyNames.includes(key)) {\n\t\t\t\t\tnewObj[key] = value;\n\t\t\t\t} else {\n\t\t\t\t\tnewObj[`${prefix}${key}`] = value;\n\t\t\t\t}\n\t\t\t});\n\t\t\treturn newObj;\n\t\t});\n\t}\n\n\tpublic checkResultLength(result: InsightResult[]): InsightResult[] {\n\t\tif (result.length > 5000) {\n\t\t\tthrow new ResultTooLargeError(\"Result greater than 5000\");\n\t\t}\n\t\treturn result;\n\t}\n\n}\n\n\n"]},"_coverageSchema":"1a1c01bbd47fc00a2c39e90264f33305004495a9","hash":"bd325da553e2dc310ef6502ee4b96c690de8e434","contentHash":"e71aefef3bbdb05784cf91b333ac3f94966fba2260e745a3e87c53b858dc649a"},"/Users/frank/IdeaProjects/c0_team328/src/controller/HandleDataset.ts":{"path":"/Users/frank/IdeaProjects/c0_team328/src/controller/HandleDataset.ts","statementMap":{"0":{"start":{"line":2,"column":22},"end":{"line":4,"column":1}},"1":{"start":{"line":3,"column":4},"end":{"line":3,"column":62}},"2":{"start":{"line":5,"column":0},"end":{"line":5,"column":62}},"3":{"start":{"line":6,"column":25},"end":{"line":6,"column":52}},"4":{"start":{"line":7,"column":20},"end":{"line":7,"column":57}},"5":{"start":{"line":8,"column":18},"end":{"line":8,"column":55}},"6":{"start":{"line":10,"column":17},"end":{"line":10,"column":34}},"7":{"start":{"line":11,"column":24},"end":{"line":11,"column":67}},"8":{"start":{"line":12,"column":19},"end":{"line":12,"column":41}},"9":{"start":{"line":15,"column":10},"end":{"line":15,"column":18}},"10":{"start":{"line":16,"column":25},"end":{"line":16,"column":27}},"11":{"start":{"line":19,"column":25},"end":{"line":19,"column":60}},"12":{"start":{"line":20,"column":22},"end":{"line":20,"column":65}},"13":{"start":{"line":21,"column":8},"end":{"line":26,"column":9}},"14":{"start":{"line":22,"column":12},"end":{"line":22,"column":58}},"15":{"start":{"line":25,"column":12},"end":{"line":25,"column":81}},"16":{"start":{"line":30,"column":8},"end":{"line":30,"column":59}},"17":{"start":{"line":34,"column":8},"end":{"line":39,"column":9}},"18":{"start":{"line":35,"column":12},"end":{"line":35,"column":60}},"19":{"start":{"line":38,"column":12},"end":{"line":38,"column":82}},"20":{"start":{"line":43,"column":8},"end":{"line":50,"column":11}},"21":{"start":{"line":44,"column":29},"end":{"line":44,"column":55}},"22":{"start":{"line":45,"column":12},"end":{"line":49,"column":15}},"23":{"start":{"line":46,"column":16},"end":{"line":46,"column":30}},"24":{"start":{"line":48,"column":16},"end":{"line":48,"column":31}},"25":{"start":{"line":54,"column":29},"end":{"line":54,"column":245}},"26":{"start":{"line":55,"column":8},"end":{"line":60,"column":9}},"27":{"start":{"line":56,"column":12},"end":{"line":56,"column":34}},"28":{"start":{"line":59,"column":12},"end":{"line":59,"column":83}},"29":{"start":{"line":64,"column":8},"end":{"line":73,"column":46}},"30":{"start":{"line":77,"column":25},"end":{"line":77,"column":27}},"31":{"start":{"line":78,"column":34},"end":{"line":78,"column":39}},"32":{"start":{"line":80,"column":8},"end":{"line":109,"column":11}},"33":{
[...]
CAAC;CACD;AAlED,kCAkEC","sourcesContent":["import {InsightError, InsightResult} from \"./IInsightFacade\";\nimport QueryOperator from \"./QueryOperator\";\nexport default class OptionsOperator {\n\tprivate queryOperator: QueryOperator;\n\tconstructor(queryOperator: QueryOperator) {\n\t\tthis.queryOperator = queryOperator;\n\t}\n\n\tpublic handleOptions(queryS: any, filtered:  InsightResult[]): InsightResult[] {\n\n        // If columns not present throw error\n\t\tlet keys = Object.keys(queryS);\n\n\n        // Check if there is a key that does not match the valid options keys\n\t\tconst invalidKey = keys.some((key) => !this.queryOperator.optionsKey.includes(key));\n\t\tif (invalidKey) {\n\t\t\tthrow new InsightError(\"Invalid key in OPTIONS\");\n\t\t}\n\n\t\tif (!keys.includes(\"COLUMNS\")) {\n\t\t\tthrow new InsightError(\"No columns\");\n\t\t}\n\n        // Columns to keep\n\t\tconst columns: string[] = this.parseColumns(queryS.COLUMNS);\n\n\t\tif (columns.length < 1) {\n\t\t\tthrow new InsightError(\"Columns is empty\");\n\t\t}\n\n        // Filters for the needed columns\n\t\tconst updatedArray: InsightResult[] = filtered.map((insight) => {\n\t\t\tlet newInsight: InsightResult = {};\n\t\t\tcolumns.forEach((field) => {\n                // Object.prototype.hasOwnProperty.call(insight, field\n\t\t\t\tif(Object.prototype.hasOwnProperty.call(insight, field)) {\n\t\t\t\t\tnewInsight[field] = insight[field];\n\t\t\t\t}\n\t\t\t});\n\t\t\treturn newInsight;\n\t\t});\n\n\t\tif (keys.includes(\"ORDER\")) {\n\t\t\tconst toSortBy: string = this.queryOperator.parseField(queryS.ORDER);\n\t\t\tif (!columns.includes(toSortBy)) {\n\t\t\t\tthrow new InsightError(\"Sort key is not present in columns.\");\n\t\t\t}\n\t\t\tupdatedArray.sort((a, b) => {\n\t\t\t\tif (a[toSortBy] < b[toSortBy]) {\n\t\t\t\t\treturn -1;\n\t\t\t\t}\n\t\t\t\tif (a[toSortBy] > b[toSortBy]) {\n\t\t\t\t\treturn 1;\n\t\t\t\t}\n\t\t\t\treturn 0;\n\t\t\t});\n\t\t}\n\n\t\treturn updatedArray;\n\t}\n\n\tprivate parseColumns(columns: string[]) {\n\t\tlet parsedColumns: string[] = columns.map((item) => {\n\t\t\treturn this.queryOperator.parseField(item);\n\t\t});\n\t\treturn parsedColumns;\n\t}\n}\n"]},"_coverageSchema":"1a1c01bbd47fc00a2c39e90264f33305004495a9","hash":"83e8cef9d51d47679ff4adec7df16b5198c2a6f8","contentHash":"97bd9167a4f7f133fa3dfb35c17c725ce2ac5cc8a86dfd01add739b334f9208f"},"/Users/frank/IdeaProjects/c0_team328/src/controller/TransformOperator.ts":{"path":"/Users/frank/IdeaProjects/c0_team328/src/controller/TransformOperator.ts","statementMap":{"0":{"start":{"line":2,"column":0},"end":{"line":2,"column":62}},"1":{"start":{"line":6,"column":8},"end":{"line":6,"column":43}},"2":{"start":{"line":10,"column":8},"end":{"line":10,"column":47}},"3":{"start":{"line":11,"column":22},"end":{"line":11,"column":53}},"4":{"start":{"line":12,"column":25},"end":{"line":12,"column":36}},"5":{"start":{"line":14,"column":8},"end":{"line":26,"column":11}},"6":{"start":{"line":15,"column":12},"end":{"line":25,"column":15}},"7":{"start":{"line":16,"column":38},"end":{"line":16,"column":56}},"8":{"start":{"line":17,"column":34},"end":{"line":17,"column":50}},"9":{"start":{"line":18,"column":39},"end":{"line":18,"column":59}},"10":{"start":{"line":19,"column":34},"end":{"line":19,"column":51}},"11":{"start":{"line":21,"column":44},"end":{"line":21,"column":90}},"12":{"start":{"line":23,"column":16},"end":{"line":23,"column":63}},"13":{"start":{"line":24,"column":16},"end":{"line":24,"column":62}},"14":{"start":{"line":28,"column":8},"end":{"line":28,"column":20}},"15":{"start":{"line":29,"column":8},"end":{"line":31,"column":11}},"16":{"start":{"line":30,"column":12},"end":{"line":30,"column":34}},"17":{"start":{"line":32,"column":8},"end":{"line":32,"column":22}},"18":{"start":{"line":35,"column":30},"end":{"line":35,"column":58}},"19":{"start":{"line":36,"column":32},"end":{"line":36,"column":62}},"20":{"start":{"line":37,"column":28},"end":{"line":37,"column":77}},"21":{"start":{"line":38,"column":8},"end":{"line":80,"column":9}},"22":{"start":{"line":40,"column":31},"end":{"line":40,"column":47}},"23":{"start":{"line":41,"column":16},"end":{"line":45,"column":17}},"24":{"start":{"line":41,"column":29},"end":{"line":41,"column":30}},"25":{"start":{"line":42,"column":20},"end":{"line":44,"column":21}},"26":{"start":{"line":43,"column":24},"end":{"line":43,"column":70}},"27":{"start":{"line":46,"column":16},"end":{"line":46,"column":32}},"28":{"start":{"line":49,"column":31},"end":{"line":49,"column":32}},"29":{"start":{"line":50,"column":16},"end":{"line":52,"column":17}},"30":{"start":{"line":50,"column":29},"end":{"line":50,"column":30}},"31":{"start":{"line":51,"column":20},"end":{"line":51,"column":67}},"32":{"start":{"line":53,"column":36},"end":{"line":53,"column":70}},"33":{"start":{"line":54,"column":16},"end":{"line":54,"column":34}},"34":{"start":{"line":57,"column":31},"end":{"line":57,"column":32}},"35":{"start":{"line":58,"column":16},"end":{"line":60,"column":17}},"36":{"start":{"line":58,"column":29},"end":{"line":58,"column":30}},"37":{"start":{"line":59,"column":20},"end":{"line":59,"column":67}},"38":{"start":{"line":61,"column":16},"end":{"line":61,"column":32}},"39":{"start":{"line":64,"column":30},"end":{"line":64,"column":46}},"40":{"start":{"line":65,"column":16},"end":{"line":69,"column":17}},"41":{"start":{"line":65,"column":29},"end":{"line":65,"column":30}},"42":{"start":{"line":66,"column":20},"end":{"line":68,"column":21}},"43":{"start":{"line":67,"column":24},"end":{"line":67,"column":69}},"44":{"start":{"line":70,"column":16},"end":{"line":70,"column":31}},"45":{"start":{"line":73,"column":36},"end":{"line":73,"column":45}},"46":{"start":{"line":74,"column":16},"end":{"line":77,"column":17}},"47":{"start":{"line":74,"column":29},"end":{"line":74,"column":30}},"48":{"start":{"line":75,"column":41},"end":{"line":75,"column":89}},"49":{"start":{"line":76,"column":20},"end":{"line":76,"column":82}},"50":{"start":{"line":78,"column":16},"end":{"line":78,"column":40}},"51":{"start":{"line":81,"column":8},"end":{"line":81,"column":17}},"52":{"start":{"line":84,"column":26},"end":{"line":84,"column":37}},"53":{"start":{"line":85,"column":18},"end":{"line":85,"column":27}},"54":{"start":{"line":86,"column":25},"end":{"line":86,"column":27}},"55":{"start":{"line":88,"column":8},"end":{"line":102,"column":11}},"56":{"start":{"line":90,"column":27},"end":{"line":90,"column":29}},"57":{"start":{"line":91,"column":12},"end":{"line":95,"column":15}},"58":{"start":{"line":92,"column":36},"end":{"line":92,"column":74}},"59":{"start":{"line":93,"column":16},"end":{"line":93,"column":56}},"60":{"start":{"line":94,"column":16},"end":{"line":94,"column":63}},"61":{"start":{"line":96,"column":12},"end":{"line":96,"column":33}},"62":{"start":{"line":97,"column":12},"end":{"line":99,"column":13}},"63":{"start":{"line":98,"column":16},"end":{"line":98,"column":48}},"64":{"start":{"line":100,"column":12},"end":{"line":100,"column":45}},"65":{"start":{"line":101,"column":12},"end":{"line":101,"column":28}},"66":{"start":{"line":103,"column":8},"end":{"line":103,"column":19}},"67":{"start":{"line":106,"column":8},"end":{"line":106,"column":15}},"68":{"start":{"line":109,"column":0},"end":{"line":109,"column":36}}},"fnMap":{"0":{"name":"(anonymous_0)","decl":{"start":{"line":5,"column":4},"end":{"line":5,"column":5}},"loc":{"start":{"line":5,"column":31},"end":{"line":7,"column":5}},"line":5},"1":{"name":"(anonymous_1)","decl":{"start":{"line":8,"column":4},"end":{"line":8,"column":5}},"loc":{"start":{"line":8,"column":41},"end":{"line":33,"column":5}},"line":8},"2":{"name":"(anonymous_2)","decl":{"start":{"line":14,"column":24},"end":{"line":14,"column":25}},"loc":{"start":{"line":14,"column":40},"end":{"line":26,"column":9}},"line":14},"3":{"name":"(anonymous_3)","decl":{"start":{"line":15,"column":31},"end":{"line":15,"column":32}},"loc":{"start":{"line":15,"column":56},"end":{"line":25,"column":13}},"line":15},"4":{"name":"(anonymous_4)","decl":{"start":{"line":29,"column":24},"end":{"line":29,"column":25}},"loc":{"start":{"line":29,"column":45},"end":{"line":31,"column":9}},"line":29},"5":{"name":"(anonymous_5)","decl":{"start":{"line":34,"column":4},"end":{"line":34,"column":5}},"loc":{"start":{"line":34,"column":52},"end":{"line":82,"column":5}},"line":34},"6":{"name":"(anonymous_6)","decl":{"start":{"line":83,"column":4},"end":{"line":83,"column":5}},"loc":{"start":{"line":83,"column":31},"end":{"line":104,"column":5}},"line":83},"7":{"name":"(anonymous_7)","decl":{"start":{"line":88,"column":23},"end":{"line":88,"column":24}},"loc":{"start":{"line":88,"column":43},"end":{"line":102,"column":9}},"line":88},"8":{"name":"(anonymous_8)","decl":{"start":{"line":91,"column":32},"end":{"line":91,"column":33}},"loc":{"start":{"line":91,"column":45},"end":{"line":95,"column":13}},"line":91},"9":{"name":"(anonymous_9)","decl":{"start":{"line":105,"column":4},"end":{"line":105,"column":5}},"loc":{"start":{"line":105,"column":38},"end":{"line":107,"column":5}},"line":105}},"branchMap":{"0":{"loc":{"start":{"line":38,"column":8},"end":{"line":80,"column":9}},"type":"switch","locations":[{"start":{"line":39,"column":12},"end":{"line":47,"column":13}},{"start":{"line":48,"column":12},"end":{"line":55,"column":13}},{"start":{"line":56,"column":12},"end":{"line":62,"column":13}},{"start":{"line":63,"column":12},"end":{"line":71,"column":13}},{"start":{"line":72,"column":12},"end":{"line":79,"column":13}}],"line":38},"1":{"loc":{"start":{"line":42,"column":20},"end":{"line":44,"column":21}},"type":"if","locations":[{"start":{"line":42,"column":20},"end":{"line":44,"column":21}},{"start":{"line":42,"column":20},"end":{"line":44,"column":21}}],"line":42},"2":{"loc":{"start":{"line":66,"column":20},"end":{"line":68,"column":21}},"type":"if","locations":[{"start":{"line":66,"column":20},"end":{"line":68,"column":21}},{"start":{"line":66,"column":20},"end":{"line":68,"column":21}}],"line":66},"3":{"loc":{"start":{"line":75,"column":41},"end":{"line":75,"column":89}},"type":"binary-expr","locations":[{"start":{"line":75,"column":41},"end":{"line":75,"column":84}},{"start":{"line":75,"column":88},"end":{"line":75,"column":89}}],"line":75},"4":{"loc":{"start":{"line":97,"column":12},"end":{"line":99,"column":13}},"type":"if","locations":[{"start":{"line":97,"column":12},"end":{"line":99,"column":13}},{"start":{"line":97,"column":12},"end":{"line":99,"column":13}}],"line":97}},"s":{"0":1,"1":72,"2":23,"3":23,"4":2,"5":2,"6":9,"7":9,"8":9,"9":9,"10":9,"11":9,"12":9,"13":9,"14":2,"15":2,"16":9,"17":2,"18":9,"19":9,"20":9,"21":9,"22":0,"23":0,"24":0,"25":0,"26":0,"27":0,"28":2,"29":2,"30":2,"31":3,"32":2,"33":2,"34":0,"35":0,"36":0,"37":0,"38":0,"39":0,"40":0,"41":0,"42":0,"43":0,"44":0,"45":7,"46":7,"47":7,"48":27,"49":27,"50":7,"51":0,"52":23,"53":2,"54":2,"55":2,"56":30,"57":30,"58":30,"59":30,"60":30,"61":30,"62":30,"63":9,"64":30,"65":30,"66":2,"67":23,"68":1},"f":{"0":72,"1":23,"2":9,"3":9,"4":9,"5":9,"6":23,"7":30,"8":30,"9":23},"b":{"0":[0,2,0,0,7],"1":[0,0],"2":[0,0],"3":[27,8],"4":[9,21]},"inputSourceMap":{"version":3,"file":"/Users/frank/IdeaProjects/c0_team328/src/controller/TransformOperator.ts","sources":["/Users/frank/IdeaProjects/c0_team328/src/controller/TransformOperator.ts"],"names":[],"mappings":";;AAEA,MAAqB,iBAAiB;IAC7B,aAAa,CAAgB;IACrC,YAAY,aAA4B;QACvC,IAAI,CAAC,aAAa,GAAG,aAAa,CAAC;IACpC,CAAC;IAEM,qBAAqB,CAAC,KAAU,EAAE,MAAuB;QACzD,kCAAkC;QACxC,IAAI,CAAC,0BAA0B,CAAC,KAAK,CAAC,CAAC;QACvC,IAAI,OAAO,GAAkC,IAAI,CAAC,WAAW,CAAC,KAAK,EAAE,MAAM,CAAC,CAAC;QAE7E,IAAI,UAAU,GAAa,KAAK,CAAC,KAAK,CAAC;QAGjC,kBAAkB;QACxB,OAAO,CAAC,OAAO,CAAC,CAAC,UAA2B,EAAE,EAAE;YAC/C,UAAU,CAAC,OAAO,CAAC,CAAC,KAAK,EAAE,KAAK,EAAE,KAAK,EAAE,EAAE;gBAC1C,MAAM,aAAa,GAAc,MAAM,CAAC,IAAI,CAAC,KAAK,CAAC,CAAC;gBACpD,MAAM,SAAS,GAAG,aAAa,CAAC,CAAC,CAAC,CAAC;gBACnC,MAAM,cAAc,GAAa,MAAM,CAAC,MAAM,CAAC,KAAK,CAAC,CAAC;gBACtD,MAAM,SAAS,GAAW,cAAc,CAAC,CAAC,CAAC,CAAC;gBAGhC,uBAAuB;gBACnC,MAAM,mBAAmB,GAAW,IAAI,CAAC,kBAAkB,CAAC,SAAS,EAAE,UAAU,CAAC,CAAC;gBAEvE,yDAAyD;gBACrE,UAAU,CAAC,CAAC,CAAC,CAAC,SAAS,CAAC,GAAG,mBAAmB,CAAC;gBAC/C,IAAI,CAAC,aAAa,CAAC,UAAU,CAAC,IAAI,CAAC,SAAS,CAAC,CAAC;YAC/C,CAAC,CAAC,CAAC;QACJ,CAAC,CAAC,CAAC;QAEG,8DAA8D;QACpE,MAAM,GAAG,EAAE,CAAC;QACZ,OAAO,CAAC,OAAO,CAAE,CAAC,KAAK,EAAE,GAAG,EAAE,GAAG,EAAE,EAAE;YACpC,MAAM,CAAC,IAAI,CAAC,KAAK,CAAC,CAAC,CAAC,CAAC,CAAC;QACvB,CAAC,CAAC,CAAC;QAEH,OAAO,MAAM,CAAC;IACf,CAAC;IAEO,kBAAkB,CAAC,eAAuB,EAAE,UAA2B;QAE9E,MAAM,aAAa,GAAc,MAAM,CAAC,IAAI,CAAC,eAAe,CAAC,CAAC;QAC9D,MAAM,eAAe,GAAa,MAAM,CAAC,MAAM,CAAC,eAAe,CAAC,CAAC;QACjE,MAAM,WAAW,GAAW,IAAI,CAAC,aAAa,CAAC,UAAU,CAAC,eAAe,CAAC,CAAC,CAAC,CAAC,CAAC;QAC9E,QAAQ,aAAa,CAAC,CAAC,CAAC,EAAE,CAAC;YAC1B,KAAK,KAAM,CAAC,CAAC,CAAC;gBACb,IAAI,QAAQ,GAAW,MAAM,CAAC,SAAS,CAAC;gBACxC,KAAK,IAAI,CAAC,GAAG,CAAC,EAAE,CAAC,GAAG,UAAU,CAAC,MAAM,EAAE,CAAC,EAAE,EAAE,CAAC;oBAC5C,IAAI,MAAM,CAAC,UAAU,CAAC,CAAC,CAAC,CAAC,WAAW,CAAC,CAAC,GAAG,QAAQ,EAAE,CAAC;wBACnD,QAAQ,GAAG,MAAM,CAAC,UAAU,CAAC,CAAC,CAAC,CAAC,WAAW,CAAC,CAAC,CAAC;oBAC/C,CAAC;gBACF,CAAC;gBACD,OAAO,QAAQ,CAAC;YACjB,CAAC;YACD,KAAK,KAAM,CAAC,CAAC,CAAC;gBACb,IAAI,QAAQ,GAAW,CAAC,CAAC;gBACzB,KAAK,IAAI,CAAC,GAAG,CAAC,EAAE,CAAC,GAAG,UAAU,CAAC,MAAM,EAAE,CAAC,EAAE,EAAE,CAAC;oBAC5C,QAAQ,IAAI,MAAM,CAAC,UAAU,CAAC,CAAC,CAAC,CAAC,WAAW,CAAC,CAAC,CAAC;gBAChD,CAAC;gBACD,MAAM,UAAU,GAAW,CAAC,QAAQ,GAAG,CAAC,UAAU,CAAC,MAAM,GAAG,CAAC,CAAC,CAAC,CAAC;gBAChE,OAAO,UAAU,CAAC;YACnB,CAAC;YAED,KAAK,KAAK,CAAC,CAAC,CAAC;gBACZ,IAAI,QAAQ,GAAW,CAAC,CAAC;gBACzB,KAAK,IAAI,CAAC,GAAG,CAAC,EAAE,CAAC,GAAG,UAAU,CAAC,MAAM,EAAE,CAAC,EAAE,EAAE,CAAC;oBAC5C,QAAQ,IAAI,MAAM,CAAC,UAAU,CAAC,CAAC,CAAC,CAAC,WAAW,CAAC,CAAC,CAAC;gBAChD,CAAC;gBACD,OAAO,QAAQ,CAAC;YACjB,CAAC;YACD,KAAK,KAAM,CAAC,CAAC,CAAC;gBACb,IAAI,OAAO,GAAW,MAAM,CAAC,SAAS,CAAC;gBACvC,KAAK,IAAI,CAAC,GAAG,CAAC,EAAE,CAAC,GAAG,UAAU,CAAC,MAAM,EAAE,CAAC,EAAE,EAAE,CAAC;oBAC5C,IAAI,MAAM,CAAC,UAAU,CAAC,CAAC,CAAC,CAAC,WAAW,CAAC,CAAC,GAAG,OAAO,EAAE,CAAC;wBAClD,OAAO,GAAG,MAAM,CAAC,UAAU,CAAC,CAAC,CAAC,CAAC,WAAW,CAAC,CAAC,CAAC;oBAC9C,CAAC;gBACF,CAAC;gBACD,OAAO,OAAO,CAAC;YAChB,CAAC;YACD,KAAK,OAAQ,CAAC,CAAC,CAAC;gBACf,MAAM,WAAW,GAAG,IAAI,GAAG,EAA2B,CAAC;gBAEvD,KAAK,IAAI,CAAC,GAAG,CAAC,EAAE,CAAC,GAAG,UAAU,CAAC,MAAM,EAAE,CAAC,EAAE,EAAE,CAAC;oBAC5C,MAAM,YAAY,GAAG,WAAW,CAAC,GAAG,CAAC,UAAU,CAAC,CAAC,CAAC,CAAC,WAAW,CAAC,CAAC,IAAI,CAAC,CAAC;oBACtE,WAAW,CAAC,GAAG,CAAC,UAAU,CAAC,CAAC,CAAC,CAAC,WAAW,CAAC,EAAE,YAAY,GAAG,CAAC,CAAC,CAAC;gBAC/D,CAAC;gBACD,OAAO,WAAW,CAAC,IAAI,CAAC,CAAC,sCAAsC;YAChE,CAAC;QACF,CAAC;QACD,OAAO,CAAC,CAAC;IACV,CAAC;IAEO,WAAW,CAAC,KAAU,EAAE,MAAuB;QACtD,IAAI,WAAW,GAAa,KAAK,CAAC,KAAK,CAAC;QACxC,IAAI,GAAG,GAAiC,IAAI,GAAG,EAA2B,CAAC;QAC3E,IAAI,UAAU,GAAkB,EAAE,CAAC;QAE7B,6BAA6B;QACnC,MAAM,CAAC,OAAO,CAAC,CAAC,OAAO,EAAE,KAAK,EAAE,EAAE;YAExB,sDAAsD;YAC/D,IAAI,QAAQ,GAAW,EAAE,CAAC;YAE1B,WAAW,CAAC,OAAO,CAAC,CAAC,OAAO,EAAE,EAAE;gBAC/B,MAAM,WAAW,GAAW,IAAI,CAAC,aAAa,CAAC,UAAU,CAAC,OAAO,CAAC,CAAC;gBACnE,QAAQ,IAAI,OAAO,CAAC,WAAW,CAAC,GAAG,IAAI,CAAC;gBACxC,UAAU,CAAC,WAAW,CAAC,GAAG,OAAO,CAAC,WAAW,CAAC,CAAC;YAChD,CAAC,CAAC,CAAC;YAEH,QAAQ,IAAI,QAAQ,CAAC;YAErB,IAAI,CAAC,GAAG,CAAC,GAAG,CAAC,QAAQ,CAAC,EAAE,CAAC;gBACxB,GAAG,CAAC,GAAG,CAAC,QAAQ,EAAE,CAAC,UAAU,CAAC,CAAC,CAAC;YACjC,CAAC;YAED,GAAG,CAAC,GAAG,CAAC,QAAQ,CAAC,EAAE,IAAI,CAAC,OAAO,CAAC,CAAC;YACjC,UAAU,GAAG,EAAE,CAAC;QAEjB,CAAC,CAAC,CAAC;QACH,OAAO,GAAG,CAAC;IACZ,CAAC;IAEO,0BAA0B,CAAC,KAAU;QAC5C,OAAO;IACR,CAAC;CACD;AA/HD,oCA+HC","sourcesContent":["import {InsightError, InsightResult} from \"./IInsightFacade\";\nimport QueryOperator from \"./QueryOperator\";\nexport default class TransformOperator {\n\tprivate queryOperator: QueryOperator;\n\tconstructor(queryOperator: QueryOperator) {\n\t\tthis.queryOperator = queryOperator;\n\t}\n\n\tpublic handleTransformations(query: any, result: InsightResult[]): InsightResult[] {\n        // Check keys length and its names\n\t\tthis.validateTransformationKeys(query);\n\t\tlet grouped: Map<string, InsightResult[]>  = this.handleGroup(query, result);\n\n\t\tlet applyArray: string[] = query.APPLY;\n\n\n        // Take each group\n\t\tgrouped.forEach((groupArray: InsightResult[]) => {\n\t\t\tapplyArray.forEach((value, index, array) =>  {\n\t\t\t\tconst applyKeyArray: string[] =  Object.keys(value);\n\t\t\t\tconst applyName = applyKeyArray[0];\n\t\t\t\tconst applyRuleArray: string[] = Object.values(value);\n\t\t\t\tconst applyRule: string = applyRuleArray[0];\n\n\n                // Calculate apply rule\n\t\t\t\tconst calculatedApplyRule: number = this.calculateApplyRule(applyRule, groupArray);\n\n                // Add to the current groupArray with the right applyName\n\t\t\t\tgroupArray[0][applyName] = calculatedApplyRule;\n\t\t\t\tthis.queryOperator.applyNames.push(applyName);\n\t\t\t});\n\t\t});\n\n        // only take the first of each array in every value of the map\n\t\tresult = [];\n\t\tgrouped.forEach( (value, key, map) => {\n\t\t\tresult.push(value[0]);\n\t\t});\n\n\t\treturn result;\n\t}\n\n\tprivate calculateApplyRule(applyRuleObject: string, groupArray: InsightResult[]): number {\n\n\t\tconst applyKeyArray: string[] =  Object.keys(applyRuleObject);\n\t\tconst applyValueArray: string[] = Object.values(applyRuleObject);\n\t\tconst parsedField: string = this.queryOperator.parseField(applyValueArray[0]);\n\t\tswitch (applyKeyArray[0]) {\n\t\t\tcase \"MIN\" : {\n\t\t\t\tlet smallest: number = Number.MAX_VALUE;\n\t\t\t\tfor (let i = 1; i < groupArray.length; i++) {\n\t\t\t\t\tif (Number(groupArray[i][parsedField]) < smallest) {\n\t\t\t\t\t\tsmallest = Number(groupArray[i][parsedField]);\n\t\t\t\t\t}\n\t\t\t\t}\n\t\t\t\treturn smallest;\n\t\t\t}\n\t\t\tcase \"AVG\" : {\n\t\t\t\tlet totalAvg: number = 0;\n\t\t\t\tfor (let i = 1; i < groupArray.length; i++) {\n\t\t\t\t\ttotalAvg += Number(groupArray[i][parsedField]);\n\t\t\t\t}\n\t\t\t\tconst calculated: number = (totalAvg / (groupArray.length - 1));\n\t\t\t\treturn calculated;\n\t\t\t}\n\n\t\t\tcase \"SUM\": {\n\t\t\t\tlet totalSum: number = 0;\n\t\t\t\tfor (let i = 1; i < groupArray.length; i++) {\n\t\t\t\t\ttotalSum += Number(groupArray[i][parsedField]);\n\t\t\t\t}\n\t\t\t\treturn totalSum;\n\t\t\t}\n\t\t\tcase \"MAX\" : {\n\t\t\t\tlet largest: number = Number.MIN_VALUE;\n\t\t\t\tfor (let i = 1; i < groupArray.length; i++) {\n\t\t\t\t\tif (Number(groupArray[i][parsedField]) > largest) {\n\t\t\t\t\t\tlargest = Number(groupArray[i][parsedField]);\n\t\t\t\t\t}\n\t\t\t\t}\n\t\t\t\treturn largest;\n\t\t\t}\n\t\t\tcase \"COUNT\" : {\n\t\t\t\tconst occurrences = new Map<number | string, number>();\n\n\t\t\t\tfor (let i = 1; i < groupArray.length; i++) {\n\t\t\t\t\tconst currentCount = occurrences.get(groupArray[i][parsedField]) || 0;\n\t\t\t\t\toccurrences.set(groupArray[i][parsedField], currentCount + 1);\n\t\t\t\t}\n\t\t\t\treturn occurrences.size; // This is the sum of all occurrences.\n\t\t\t}\n\t\t}\n\t\treturn 0;\n\t}\n\n\tprivate handleGroup(query: any, result: InsightResult[]) {\n\t\tlet groupsArray: string[] = query.GROUP;\n\t\tlet map: Map<string, InsightResult[]> = new Map<string, InsightResult[]>();\n\t\tlet tempResult: InsightResult = {};\n\n        // Iterate sections in result\n\t\tresult.forEach((section, index) => {\n\n            // Create a groupKey for the section to match in maps.\n\t\t\tlet groupKey: string = \"\";\n\n\t\t\tgroupsArray.forEach((mOrSkey) => {\n\t\t\t\tconst parsedField: string = this.queryOperator.parseField(mOrSkey);\n\t\t\t\tgroupKey += section[parsedField] + \" |\";\n\t\t\t\ttempResult[parsedField] = section[parsedField];\n\t\t\t});\n\n\t\t\tgroupKey += \" group\";\n\n\t\t\tif (!map.has(groupKey)) {\n\t\t\t\tmap.set(groupKey, [tempResult]);\n\t\t\t}\n\n\t\t\tmap.get(groupKey)?.push(section);\n\t\t\ttempResult = {};\n\n\t\t});\n\t\treturn map;\n\t}\n\n\tprivate validateTransformationKeys(query: any): void {\n\t\treturn;\n\t}\n}\n"]},"_coverageSchema":"1a1c01bbd47fc00a2c39e90264f33305004495a9","hash":"14b62326e48652e47837cf6f1122f86fc667db13","contentHash":"02b1bc7838062edc6740897288b6f6f041f365155eddf7c3bbb9f2e381f98d59"}}